xrun(64): 24.03-s004: (c) Copyright 1995-2024 Cadence Design Systems, Inc.
TOOL:	xrun(64)	24.03-s004: Started on May 26, 2025 at 18:48:34 CEST
xrun
	SIPO1_tb.v
	-access +rwc
	-64bit
	-gui
xmsim: *W,NOMTDGUI: Multi-Threaded Dumping is disabled for interactive debug mode.

-------------------------------------
Relinquished control to SimVision...
xcelium> 
xcelium> source /eda/cadence/2024-25/RHELx86/XCELIUM_24.03.004/tools/xcelium/files/xmsimrc
xcelium> database -open waves -into waves.shm -default
Created default SHM database waves
xcelium> probe -create -shm tb_serial_to_parallel.serial_in tb_serial_to_parallel.rst_n tb_serial_to_parallel.p_o tb_serial_to_parallel.data_valid tb_serial_to_parallel.clk
Created probe 1
xcelium> run
Time =                    0, clk = 0, rst_n = 0, serial_in = x, parallel_out = 00000000, data_valid = z
Time =                    5, clk = 1, rst_n = 0, serial_in = x, parallel_out = 00000000, data_valid = z
Time =                   10, clk = 0, rst_n = 1, serial_in = 1, parallel_out = 00000000, data_valid = z
Time =                   15, clk = 1, rst_n = 1, serial_in = 1, parallel_out = 00000001, data_valid = z
Time =                   20, clk = 0, rst_n = 1, serial_in = 0, parallel_out = 00000001, data_valid = z
Time =                   25, clk = 1, rst_n = 1, serial_in = 0, parallel_out = 00000010, data_valid = z
Time =                   30, clk = 0, rst_n = 1, serial_in = 1, parallel_out = 00000010, data_valid = z
Time =                   35, clk = 1, rst_n = 1, serial_in = 1, parallel_out = 00000101, data_valid = z
Time =                   40, clk = 0, rst_n = 1, serial_in = 1, parallel_out = 00000101, data_valid = z
Time =                   45, clk = 1, rst_n = 1, serial_in = 1, parallel_out = 00001011, data_valid = z
Time =                   50, clk = 0, rst_n = 1, serial_in = 0, parallel_out = 00001011, data_valid = z
Time =                   55, clk = 1, rst_n = 1, serial_in = 0, parallel_out = 00010110, data_valid = z
Time =                   60, clk = 0, rst_n = 1, serial_in = 1, parallel_out = 00010110, data_valid = z
Time =                   65, clk = 1, rst_n = 1, serial_in = 1, parallel_out = 00101101, data_valid = z
Time =                   70, clk = 0, rst_n = 1, serial_in = 0, parallel_out = 00101101, data_valid = z
Time =                   75, clk = 1, rst_n = 1, serial_in = 0, parallel_out = 01011010, data_valid = z
Time =                   80, clk = 0, rst_n = 1, serial_in = 1, parallel_out = 01011010, data_valid = z
Time =                   85, clk = 1, rst_n = 1, serial_in = 1, parallel_out = 10110101, data_valid = z
Time =                   90, clk = 0, rst_n = 1, serial_in = 1, parallel_out = 10110101, data_valid = z
Time =                   95, clk = 1, rst_n = 1, serial_in = 1, parallel_out = 01101011, data_valid = z
Simulation stopped via $stop(1) at time 100 NS + 0
xcelium> ^C
xcelium> exit
TOOL:	xrun(64)	24.03-s004: Exiting on May 26, 2025 at 18:48:56 CEST  (total: 00:00:22)
