#Packing pin usage report
Type: io
	Input Pin Usage:
		Max: 1.00 (1.00)
		Avg: 0.43 (0.43)
		Min: 0.00 (0.00)
		Histogram:
		[        0:      0.1) 16 ( 57.1%) |************************************************
		[      0.1:      0.2)  0 (  0.0%) |
		[      0.2:      0.3)  0 (  0.0%) |
		[      0.3:      0.4)  0 (  0.0%) |
		[      0.4:      0.5)  0 (  0.0%) |
		[      0.5:      0.6)  0 (  0.0%) |
		[      0.6:      0.7)  0 (  0.0%) |
		[      0.7:      0.8)  0 (  0.0%) |
		[      0.8:      0.9)  0 (  0.0%) |
		[      0.9:        1) 12 ( 42.9%) |************************************
	Output Pin Usage:
		Max: 1.00 (1.00)
		Avg: 0.57 (0.57)
		Min: 0.00 (0.00)
		Histogram:
		[        0:      0.1) 12 ( 42.9%) |************************************
		[      0.1:      0.2)  0 (  0.0%) |
		[      0.2:      0.3)  0 (  0.0%) |
		[      0.3:      0.4)  0 (  0.0%) |
		[      0.4:      0.5)  0 (  0.0%) |
		[      0.5:      0.6)  0 (  0.0%) |
		[      0.6:      0.7)  0 (  0.0%) |
		[      0.7:      0.8)  0 (  0.0%) |
		[      0.8:      0.9)  0 (  0.0%) |
		[      0.9:        1) 16 ( 57.1%) |************************************************

Type: clb
	Input Pin Usage:
		Max: 25.00 (0.57)
		Avg: 17.71 (0.40)
		Min: 6.00 (0.14)
		Histogram:
		[        0:      4.4) 0 (  0.0%) |
		[      4.4:      8.8) 1 (  5.9%) |********
		[      8.8:       13) 2 ( 11.8%) |****************
		[       13:       18) 6 ( 35.3%) |*************************************************
		[       18:       22) 4 ( 23.5%) |*********************************
		[       22:       26) 4 ( 23.5%) |*********************************
		[       26:       31) 0 (  0.0%) |
		[       31:       35) 0 (  0.0%) |
		[       35:       40) 0 (  0.0%) |
		[       40:       44) 0 (  0.0%) |
	Output Pin Usage:
		Max: 12.00 (0.57)
		Avg: 7.00 (0.33)
		Min: 3.00 (0.14)
		Histogram:
		[        0:      2.1) 0 (  0.0%) |
		[      2.1:      4.2) 6 ( 35.3%) |*************************************************
		[      4.2:      6.3) 3 ( 17.6%) |*************************
		[      6.3:      8.4) 0 (  0.0%) |
		[      8.4:       10) 6 ( 35.3%) |*************************************************
		[       10:       13) 2 ( 11.8%) |****************
		[       13:       15) 0 (  0.0%) |
		[       15:       17) 0 (  0.0%) |
		[       17:       19) 0 (  0.0%) |
		[       19:       21) 0 (  0.0%) |

