Operating system: Linux
                  0.0.0 Linux 4.18.0-553.el8_10.x86_64 #1 SMP Fri May 10 15:19:13 EDT 2024 x86_64
CPU: amd64
     family 6 model 61 stepping 4
     1 CPU

GPU: UNKNOWN

Crash reason:  DUMP_REQUESTED
Crash address: 0x5363d406
Process uptime: not available

Thread 0 (crashed)
 0  libcbreakpad.so + 0x36406
    rax = 0x0000000004855780   rdx = 0x0000000000000000
    rcx = 0x00007fd85363bcb2   rbx = 0x00000000051106c0
    rsi = 0x0000000000000001   rdi = 0x0000000005110048
    rbp = 0x0000000005110600   rsp = 0x000000000510ffb0
     r8 = 0x0000000000000000    r9 = 0x0000000000000000
    r10 = 0x0000000005110170   r11 = 0x0000000005110160
    r12 = 0x000000000000001e   r13 = 0x00000000051118d8
    r14 = 0x0000000005110640   r15 = 0x0000000000000000
    rip = 0x00007fd85363d406
    Found by: given as instruction pointer in context
 1  libcbreakpad.so + 0x34672
    rbp = 0x0000000005110750   rsp = 0x0000000005110610
    rip = 0x00007fd85363b672
    Found by: previous frame's frame pointer
 2  xmsim + 0x1871d14
    rbp = 0x00000000051118c0   rsp = 0x0000000005110760
    rip = 0x0000000001c71d14
    Found by: previous frame's frame pointer

Thread 1
 0  libc-2.28.so + 0x132ac1
    rax = 0xfffffffffffffdfc   rdx = 0x00000000000003e8
    rcx = 0x00007fd8537aaac1   rbx = 0x00007fd85140f9d0
    rsi = 0x0000000000000001   rdi = 0x00007fd85140f9d0
    rbp = 0x0000000000000001   rsp = 0x00007fd85140f900
     r8 = 0x0000000000000000    r9 = 0x00000000006753da
    r10 = 0x0000000000000000   r11 = 0x0000000000200293
    r12 = 0x00000000000003e8   r13 = 0x0000000000000001
    r14 = 0x00000000000003e8   r15 = 0x0000000000000001
    rip = 0x00007fd8537aaac1
    Found by: given as instruction pointer in context
 1  xmsim + 0x203c932
    rsp = 0x00007fd85140f930   rip = 0x000000000243c932
    Found by: stack scanning
 2  xmsim + 0x20509a0
    rsp = 0x00007fd85140f960   rip = 0x00000000024509a0
    Found by: stack scanning
 3  xmsim + 0x2053324
    rsp = 0x00007fd85140f9a0   rip = 0x0000000002453324
    Found by: stack scanning
 4  xmsim + 0x2050645
    rsp = 0x00007fd85140f9d0   rip = 0x0000000002450645
    Found by: stack scanning
 5  xmsim + 0x21359df
    rsp = 0x00007fd85140f9f0   rip = 0x00000000025359df
    Found by: stack scanning
 6  xmsim + 0x20527db
    rsp = 0x00007fd85140fa20   rip = 0x00000000024527db
    Found by: stack scanning
 7  xmsim + 0x20360aa
    rsp = 0x00007fd85140fa80   rip = 0x00000000024360aa
    Found by: stack scanning
 8  xmsim + 0x2020259
    rsp = 0x00007fd85140fad0   rip = 0x0000000002420259
    Found by: stack scanning
 9  xmsim + 0x202040d
    rsp = 0x00007fd85140fb20   rip = 0x000000000242040d
    Found by: stack scanning
10  xmsim + 0x201e1f5
    rsp = 0x00007fd85140fb60   rip = 0x000000000241e1f5
    Found by: stack scanning
11  xmsim + 0x201468e
    rsp = 0x00007fd85140fc68   rip = 0x000000000241468e
    Found by: stack scanning
12  xmsim + 0x201468e
    rsp = 0x00007fd85140fc80   rip = 0x000000000241468e
    Found by: stack scanning
13  xmsim + 0x201b911
    rsp = 0x00007fd85140fc90   rip = 0x000000000241b911
    Found by: stack scanning
14  xmsim + 0x201b94f
    rsp = 0x00007fd85140fcb0   rip = 0x000000000241b94f
    Found by: stack scanning
15  xmsim + 0x2015375
    rsp = 0x00007fd85140fcd0   rip = 0x0000000002415375
    Found by: stack scanning
16  xmsim + 0x285440
    rsp = 0x00007fd85140fcd8   rip = 0x0000000000685440
    Found by: stack scanning
17  libc-2.28.so + 0x1902c0
    rsp = 0x00007fd85140fce0   rip = 0x00007fd8538082c0
    Found by: stack scanning
18  xmsim + 0x2015eca
    rsp = 0x00007fd85140fd70   rip = 0x0000000002415eca
    Found by: stack scanning
19  xmsim + 0x376f6c
    rsp = 0x00007fd85140fda8   rip = 0x0000000000776f6c
    Found by: stack scanning
20  xmsim + 0x24656e
    rsp = 0x00007fd85140fec8   rip = 0x000000000064656e
    Found by: stack scanning

Loaded modules:
0x00400000 - 0x02844fff  xmsim  ???  (main)  (WARNING: No symbols, xmsim, C5CAB872E265293B20B5CFA893F916590)
0x7fd84a3fd000 - 0x7fd84a45bfff  libdwapi.so  ???
0x7fd84b87b000 - 0x7fd84b890fff  libz.so.1.2.11  ???
0x7fd84ba93000 - 0x7fd84bba0fff  libsqlite3.so.0.8.6  ???
0x7fd84bda7000 - 0x7fd84bdfafff  libsoftokn3.so  ???
0x7fd850036000 - 0x7fd85004cfff  libml_uvm.so  ???
0x7fd85005a000 - 0x7fd850095fff  libnspr4.so  ???
0x7fd85029b000 - 0x7fd85029dfff  libplds4.so  ???
0x7fd85049f000 - 0x7fd8504a2fff  libplc4.so  ???
0x7fd8506a4000 - 0x7fd8506cffff  libnssutil3.so  ???
0x7fd8508d8000 - 0x7fd850a0dfff  libnss3.so  ???
0x7fd851419000 - 0x7fd85149bfff  libpcre2-8.so.0.7.1  ???
0x7fd85169d000 - 0x7fd8516c3fff  libselinux.so.1  ???
0x7fd8518c8000 - 0x7fd8518cefff  libuuid.so.1.3.0  ???
0x7fd851ad0000 - 0x7fd851b1cfff  libblkid.so.1.1.0  ???
0x7fd851d23000 - 0x7fd851d78fff  libmount.so.1.1.0  ???
0x7fd851f7d000 - 0x7fd851f83fff  librt-2.28.so  ???
0x7fd852185000 - 0x7fd852228fff  libnss_myhostname.so.2  ???
0x7fd852431000 - 0x7fd852444fff  libresolv-2.28.so  ???
0x7fd852649000 - 0x7fd85264dfff  libnss_dns-2.28.so  ???
0x7fd852850000 - 0x7fd852962fff  libStrapNC.so  ???
0x7fd852a18000 - 0x7fd852aa9fff  libdcapi.so  ???
0x7fd852ad9000 - 0x7fd852ae3fff  libnss_files-2.28.so  ???
0x7fd85356e000 - 0x7fd8535fdfff  libxmjudy.so.1.0.3  ???
0x7fd853607000 - 0x7fd85365afff  libcbreakpad.so  ???  (WARNING: No symbols, libcbreakpad.so, 33070AA24DC7BEB3909BACB04DD5B8FF0)
0x7fd853678000 - 0x7fd853844fff  libc-2.28.so  ???  (WARNING: No symbols, libc-2.28.so, A23592885B800883B2D0274921BBE1890)
0x7fd853a4e000 - 0x7fd853a61fff  libgcc_s.so.1  ???
0x7fd853a68000 - 0x7fd853be8fff  libm-2.28.so  ???
0x7fd853dea000 - 0x7fd853decfff  libdl-2.28.so  ???
0x7fd853fee000 - 0x7fd854008fff  libpthread-2.28.so  ???
0x7fd85420e000 - 0x7fd85423cfff  ld-2.28.so  ???
0x7fd85423f000 - 0x7fd85424efff  waves.dsn  ???
0x7fd854255000 - 0x7fd8543d3fff  libstdc++.so.6.0.28  ???
0x7fd854430000 - 0x7fd854434fff  libxdt.so  ???
0x7fffcf5cf000 - 0x7fffcf5d0fff  linux-gate.so  ???

******BACKTRACE*****
use_backtrace() (libcbreakpad.so) [0x7fd85363b1a3]
cbpad_generate_dump_on_demand (libcbreakpad.so) [0x7fd85363b630]
vserror (xmsim) [0x1c71d14]
serror (xmsim) [0x1c74007]
sv_seghandler_aux (xmsim) [0xd31ac4]
sv_seghandler (xmsim) [0xd3240d]
<unknown> (libpthread.so.0) [0x7fd854000990]
******BACKTRACE END*****