Operating system: Linux
                  0.0.0 Linux 4.18.0-553.el8_10.x86_64 #1 SMP Fri May 10 15:19:13 EDT 2024 x86_64
CPU: amd64
     family 6 model 61 stepping 4
     1 CPU

GPU: UNKNOWN

Crash reason:  DUMP_REQUESTED
Crash address: 0x26ebb406
Process uptime: not available

Thread 0 (crashed)
 0  libcbreakpad.so + 0x36406
    rax = 0x0000000006376780   rdx = 0x0000000000000000
    rcx = 0x000014a326eb9cb2   rbx = 0x0000000006c456c0
    rsi = 0x0000000000000001   rdi = 0x0000000006c45048
    rbp = 0x0000000006c45600   rsp = 0x0000000006c44fb0
     r8 = 0x0000000000000000    r9 = 0x0000000000000000
    r10 = 0x0000000006c45170   r11 = 0x0000000006c45160
    r12 = 0x000000000000001e   r13 = 0x0000000006c468d8
    r14 = 0x0000000006c45640   r15 = 0x0000000000000000
    rip = 0x000014a326ebb406
    Found by: given as instruction pointer in context
 1  libcbreakpad.so + 0x34672
    rbp = 0x0000000006c45750   rsp = 0x0000000006c45610
    rip = 0x000014a326eb9672
    Found by: previous frame's frame pointer
 2  xmsim + 0x1871d14
    rbp = 0x0000000006c468c0   rsp = 0x0000000006c45760
    rip = 0x0000000001c71d14
    Found by: previous frame's frame pointer

Thread 1
 0  libc-2.28.so + 0x132ac1
    rax = 0xfffffffffffffdfc   rdx = 0x00000000000003e8
    rcx = 0x000014a327028ac1   rbx = 0x000014a32528d9d0
    rsi = 0x0000000000000001   rdi = 0x000014a32528d9d0
    rbp = 0x0000000000000001   rsp = 0x000014a32528d900
     r8 = 0x0000000000000000    r9 = 0x000000000050594a
    r10 = 0x0000000000000000   r11 = 0x0000000000200293
    r12 = 0x00000000000003e8   r13 = 0x0000000000000001
    r14 = 0x00000000000003e8   r15 = 0x0000000000000001
    rip = 0x000014a327028ac1
    Found by: given as instruction pointer in context
 1  xmsim + 0x203c932
    rsp = 0x000014a32528d930   rip = 0x000000000243c932
    Found by: stack scanning
 2  xmsim + 0x20509a0
    rsp = 0x000014a32528d960   rip = 0x00000000024509a0
    Found by: stack scanning
 3  xmsim + 0x2053324
    rsp = 0x000014a32528d9a0   rip = 0x0000000002453324
    Found by: stack scanning
 4  xmsim + 0x2057700
    rsp = 0x000014a32528d9e0   rip = 0x0000000002457700
    Found by: stack scanning
 5  xmsim + 0x21359df
    rsp = 0x000014a32528d9f0   rip = 0x00000000025359df
    Found by: stack scanning
 6  xmsim + 0x20527db
    rsp = 0x000014a32528da20   rip = 0x00000000024527db
    Found by: stack scanning
 7  xmsim + 0x20360aa
    rsp = 0x000014a32528da80   rip = 0x00000000024360aa
    Found by: stack scanning
 8  xmsim + 0x2020259
    rsp = 0x000014a32528dad0   rip = 0x0000000002420259
    Found by: stack scanning
 9  xmsim + 0x202040d
    rsp = 0x000014a32528db20   rip = 0x000000000242040d
    Found by: stack scanning
10  xmsim + 0x201e1f5
    rsp = 0x000014a32528db60   rip = 0x000000000241e1f5
    Found by: stack scanning
11  xmsim + 0x201468e
    rsp = 0x000014a32528dc68   rip = 0x000000000241468e
    Found by: stack scanning
12  xmsim + 0x201468e
    rsp = 0x000014a32528dc80   rip = 0x000000000241468e
    Found by: stack scanning
13  xmsim + 0x201b911
    rsp = 0x000014a32528dc90   rip = 0x000000000241b911
    Found by: stack scanning
14  xmsim + 0x201b94f
    rsp = 0x000014a32528dcb0   rip = 0x000000000241b94f
    Found by: stack scanning
15  xmsim + 0x2015375
    rsp = 0x000014a32528dcd0   rip = 0x0000000002415375
    Found by: stack scanning
16  xmsim + 0x285440
    rsp = 0x000014a32528dcd8   rip = 0x0000000000685440
    Found by: stack scanning
17  libc-2.28.so + 0x1902c0
    rsp = 0x000014a32528dce0   rip = 0x000014a3270862c0
    Found by: stack scanning
18  xmsim + 0x2015eca
    rsp = 0x000014a32528dd70   rip = 0x0000000002415eca
    Found by: stack scanning
19  xmsim + 0x376f6c
    rsp = 0x000014a32528dda8   rip = 0x0000000000776f6c
    Found by: stack scanning
20  xmsim + 0x24656e
    rsp = 0x000014a32528dec8   rip = 0x000000000064656e
    Found by: stack scanning

Loaded modules:
0x00400000 - 0x02844fff  xmsim  ???  (main)  (WARNING: No symbols, xmsim, C5CAB872E265293B20B5CFA893F916590)
0x14a31ee72000 - 0x14a31eed0fff  libdwapi.so  ???
0x14a31fcec000 - 0x14a31fdf9fff  libsqlite3.so.0.8.6  ???
0x14a324043000 - 0x14a324059fff  libml_uvm.so  ???
0x14a324067000 - 0x14a32407cfff  libz.so.1.2.11  ???
0x14a32427f000 - 0x14a3242d2fff  libsoftokn3.so  ???
0x14a3244d8000 - 0x14a324513fff  libnspr4.so  ???
0x14a324719000 - 0x14a32471bfff  libplds4.so  ???
0x14a32491d000 - 0x14a324920fff  libplc4.so  ???
0x14a324b22000 - 0x14a324b4dfff  libnssutil3.so  ???
0x14a324d56000 - 0x14a324e8bfff  libnss3.so  ???
0x14a325297000 - 0x14a325319fff  libpcre2-8.so.0.7.1  ???
0x14a32551b000 - 0x14a325541fff  libselinux.so.1  ???
0x14a325746000 - 0x14a32574cfff  libuuid.so.1.3.0  ???
0x14a32594e000 - 0x14a32599afff  libblkid.so.1.1.0  ???
0x14a325ba1000 - 0x14a325bf6fff  libmount.so.1.1.0  ???
0x14a325dfb000 - 0x14a325e01fff  librt-2.28.so  ???
0x14a326003000 - 0x14a3260a6fff  libnss_myhostname.so.2  ???
0x14a3262af000 - 0x14a3262c2fff  libresolv-2.28.so  ???
0x14a3264c7000 - 0x14a3264cbfff  libnss_dns-2.28.so  ???
0x14a3266ce000 - 0x14a3267e0fff  libStrapNC.so  ???
0x14a326896000 - 0x14a326927fff  libdcapi.so  ???
0x14a326957000 - 0x14a326961fff  libnss_files-2.28.so  ???
0x14a326dec000 - 0x14a326e7bfff  libxmjudy.so.1.0.3  ???
0x14a326e85000 - 0x14a326ed8fff  libcbreakpad.so  ???  (WARNING: No symbols, libcbreakpad.so, 33070AA24DC7BEB3909BACB04DD5B8FF0)
0x14a326ef6000 - 0x14a3270c2fff  libc-2.28.so  ???  (WARNING: No symbols, libc-2.28.so, A23592885B800883B2D0274921BBE1890)
0x14a3272cc000 - 0x14a3272dffff  libgcc_s.so.1  ???
0x14a3272e6000 - 0x14a327466fff  libm-2.28.so  ???
0x14a327668000 - 0x14a32766afff  libdl-2.28.so  ???
0x14a32786c000 - 0x14a327886fff  libpthread-2.28.so  ???
0x14a327a8c000 - 0x14a327abafff  ld-2.28.so  ???
0x14a327abd000 - 0x14a327accfff  waves.dsn  ???
0x14a327ad3000 - 0x14a327c51fff  libstdc++.so.6.0.28  ???
0x14a327cae000 - 0x14a327cb2fff  libxdt.so  ???
0x7ffecebd1000 - 0x7ffecebd2fff  linux-gate.so  ???

******BACKTRACE*****
use_backtrace() (libcbreakpad.so) [0x14a326eb91a3]
cbpad_generate_dump_on_demand (libcbreakpad.so) [0x14a326eb9630]
vserror (xmsim) [0x1c71d14]
serror (xmsim) [0x1c74007]
sv_seghandler_aux (xmsim) [0xd31ac4]
sv_seghandler (xmsim) [0xd3240d]
<unknown> (libpthread.so.0) [0x14a32787e990]
******BACKTRACE END*****