csi-xmsim - CSI: Command line:
xmsim
    -f /run/media/exotic/Cadence/DD_Lab_exercise/OpenFPGA/Fabric/GPIO/xcelium.d/run.lnx8664.24.03.d/exotic-rhel_5931/xmsim.args
        -gui
        -MESSAGES
        +EMGRLOG xrun.log
        -XLSTIME 1749860403
        -XLKEEP
        -XLMODE ./xcelium.d/run.lnx8664.24.03.d
        -RUNMODE
        -CDSLIB ./xcelium.d/run.lnx8664.24.03.d/cds.lib
        -HDLVAR ./xcelium.d/run.lnx8664.24.03.d/hdl.var
        -XLNAME xrun
        -XLVERSION TOOL:	xrun(64)	24.03-s004
        -XLNAME ./xcelium.d/run.lnx8664.24.03.d/exotic-rhel_5931
    -CHECK_VERSION TOOL:	xrun(64)	24.03-s004
    -LOG_FD 4
    -LOG_FD_NAME xrun.log
    -cmdnopsim
    -runlock /run/media/exotic/Cadence/DD_Lab_exercise/OpenFPGA/Fabric/GPIO/xcelium.d/run.lnx8664.24.03.d/.xmlib.lock
    -runscratch /run/media/exotic/Cadence/DD_Lab_exercise/OpenFPGA/Fabric/GPIO/xcelium.d/run.lnx8664.24.03.d/exotic-rhel_5931

csi-xmsim - CSI: *F,INTERR: INTERNAL EXCEPTION
-----------------------------------------------------------------
The tool has encountered an unexpected condition and must exit.
Contact Cadence Design Systems customer support about this
problem and provide enough information to help us reproduce it,
including the logfile that contains this error message.
  TOOL:	xmsim(64)	24.03-s004 (CL: 638556 )
  HOSTNAME: exotic-rhel
  OPERATING SYSTEM: Linux 4.18.0-553.el8_10.x86_64 #1 SMP Fri May 10 15:19:13 EDT 2024 x86_64
  MESSAGE: Unexpected signal #11, program terminated (null)
-----------------------------------------------------------------

csi-xmsim - CSI: Cadence Support Investigation, recording details
Error: Error processing stack frame(2) - skipping rest of frame!
Error: Error processing stack frame(3) - skipping rest of frame!
Error: Error processing stack frame(4) - skipping rest of frame!
Error: Error processing stack frame(5) - skipping rest of frame!
Error: Error processing stack frame(6) - skipping rest of frame!
Error: Error processing stack frame(7) - skipping rest of frame!
Error: Error processing stack frame(8) - skipping rest of frame!
Error: Error processing stack frame(9) - skipping rest of frame!
Error: Error processing stack frame(10) - skipping rest of frame!
Error: Error processing stack frame(11) - skipping rest of frame!
Error: Error processing stack frame(12) - skipping rest of frame!
Error: Error processing stack frame(13) - skipping rest of frame!
Error: Error processing stack frame(14) - skipping rest of frame!
Error: Error processing stack frame(15) - skipping rest of frame!
Error: Error processing stack frame(16) - skipping rest of frame!
Error: Error processing stack frame(17) - skipping rest of frame!
Error: Error processing stack frame(18) - skipping rest of frame!
Error: Error processing stack frame(19) - skipping rest of frame!
Error: Error processing stack frame(20) - skipping rest of frame!
Error: Error processing stack frame(21) - skipping rest of frame!
Error: Error processing stack frame(22) - skipping rest of frame!
Error: Error processing stack frame(23) - skipping rest of frame!
Error: Error processing stack frame(24) - skipping rest of frame!
Error: Error processing stack frame(25) - skipping rest of frame!
Error: Error processing stack frame(26) - skipping rest of frame!
Error: Error processing stack frame(27) - skipping rest of frame!
Error: Error processing stack frame(28) - skipping rest of frame!
Error: Error processing stack frame(29) - skipping rest of frame!
Error: Error processing stack frame(30) - skipping rest of frame!
Error: Error processing stack frame(31) - skipping rest of frame!
Error: Error processing stack frame(32) - skipping rest of frame!
Error: Error processing stack frame(33) - skipping rest of frame!
Error: Error processing stack frame(34) - skipping rest of frame!
Error: Error processing stack frame(35) - skipping rest of frame!
Error: Error processing stack frame(36) - skipping rest of frame!
Error: Error processing stack frame(37) - skipping rest of frame!
Error: Error processing stack frame(38) - skipping rest of frame!
Error: Error processing stack frame(39) - skipping rest of frame!
Error: Error processing stack frame(40) - skipping rest of frame!
Error: Error processing stack frame(41) - skipping rest of frame!
Error: Error processing stack frame(42) - skipping rest of frame!
Error: Error processing stack frame(43) - skipping rest of frame!
Error: Error processing stack frame(44) - skipping rest of frame!
Error: Error processing stack frame(45) - skipping rest of frame!
Error: Error processing stack frame(46) - skipping rest of frame!
Error: Error processing stack frame(47) - skipping rest of frame!
Error: Error processing stack frame(48) - skipping rest of frame!
Error: Error processing stack frame(49) - skipping rest of frame!
Error: Error processing stack frame(50) - skipping rest of frame!
Error: Error processing stack frame(51) - skipping rest of frame!
Error: Error processing stack frame(52) - skipping rest of frame!
Error: Error processing stack frame(53) - skipping rest of frame!
Error: Error processing stack frame(54) - skipping rest of frame!
Error: Error processing stack frame(55) - skipping rest of frame!
Error: Error processing stack frame(56) - skipping rest of frame!
Error: Error processing stack frame(57) - skipping rest of frame!
Error: Error processing stack frame(58) - skipping rest of frame!
Error: Error processing stack frame(59) - skipping rest of frame!
Error: Error processing stack frame(60) - skipping rest of frame!
Error: Error processing stack frame(61) - skipping rest of frame!
Error: Error processing stack frame(62) - skipping rest of frame!
Error: Error processing stack frame(63) - skipping rest of frame!
Error: Error processing stack frame(64) - skipping rest of frame!
Error: Error processing stack frame(65) - skipping rest of frame!
Error: Error processing stack frame(66) - skipping rest of frame!
Error: Error processing stack frame(67) - skipping rest of frame!
Error: Error processing stack frame(68) - skipping rest of frame!
Error: Error processing stack frame(69) - skipping rest of frame!
Error: Error processing stack frame(70) - skipping rest of frame!
Error: Error processing stack frame(71) - skipping rest of frame!
Error: Error processing stack frame(72) - skipping rest of frame!
Error: Error processing stack frame(73) - skipping rest of frame!
Error: Error processing stack frame(74) - skipping rest of frame!
Error: Error processing stack frame(75) - skipping rest of frame!
Error: Error processing stack frame(76) - skipping rest of frame!
Error: Error processing stack frame(77) - skipping rest of frame!
Error: Error processing stack frame(78) - skipping rest of frame!
Error: Error processing stack frame(79) - skipping rest of frame!
Error: Error processing stack frame(80) - skipping rest of frame!
Error: Error processing stack frame(81) - skipping rest of frame!
Error: Error processing stack frame(82) - skipping rest of frame!
Error: Error processing stack frame(83) - skipping rest of frame!
Error: Error processing stack frame(84) - skipping rest of frame!
Error: Error processing stack frame(85) - skipping rest of frame!
Error: Error processing stack frame(86) - skipping rest of frame!
Error: Error processing stack frame(87) - skipping rest of frame!
Error: Error processing stack frame(88) - skipping rest of frame!
Error: Error processing stack frame(89) - skipping rest of frame!
Error: Error processing stack frame(90) - skipping rest of frame!
Error: Error processing stack frame(91) - skipping rest of frame!
Error: Error processing stack frame(92) - skipping rest of frame!
Error: Error processing stack frame(93) - skipping rest of frame!
Error: Error processing stack frame(94) - skipping rest of frame!
Error: Error processing stack frame(95) - skipping rest of frame!
Error: Error processing stack frame(96) - skipping rest of frame!
Error: Error processing stack frame(97) - skipping rest of frame!
Error: Error processing stack frame(98) - skipping rest of frame!
Error: Error processing stack frame(99) - skipping rest of frame!
Error: Error processing stack frame(100) - skipping rest of frame!
Error: Error processing stack frame(101) - skipping rest of frame!
Error: Error processing stack frame(102) - skipping rest of frame!
Error: Error processing stack frame(103) - skipping rest of frame!
Error: Error processing stack frame(104) - skipping rest of frame!
Error: Error processing stack frame(105) - skipping rest of frame!
Error: Error processing stack frame(106) - skipping rest of frame!
Error: Error processing stack frame(107) - skipping rest of frame!
Error: Error processing stack frame(108) - skipping rest of frame!
Error: Error processing stack frame(109) - skipping rest of frame!
Error: Error processing stack frame(110) - skipping rest of frame!
Error: Error processing stack frame(111) - skipping rest of frame!
Error: Error processing stack frame(112) - skipping rest of frame!
Error: Error processing stack frame(113) - skipping rest of frame!
Error: Error processing stack frame(114) - skipping rest of frame!
Error: Error processing stack frame(115) - skipping rest of frame!
Error: Error processing stack frame(116) - skipping rest of frame!
Error: Error processing stack frame(117) - skipping rest of frame!
Error: Error processing stack frame(118) - skipping rest of frame!
Error: Error processing stack frame(119) - skipping rest of frame!
Error: Error processing stack frame(120) - skipping rest of frame!
Error: Error processing stack frame(121) - skipping rest of frame!
Error: Error processing stack frame(122) - skipping rest of frame!
Error: Error processing stack frame(123) - skipping rest of frame!
Error: Error processing stack frame(124) - skipping rest of frame!
Error: Error processing stack frame(125) - skipping rest of frame!
Error: Error processing stack frame(126) - skipping rest of frame!
Error: Error processing stack frame(127) - skipping rest of frame!
Error: Error processing stack frame(128) - skipping rest of frame!
Error: Error processing stack frame(129) - skipping rest of frame!
Error: Error processing stack frame(130) - skipping rest of frame!
Error: Error processing stack frame(131) - skipping rest of frame!
Error: Error processing stack frame(132) - skipping rest of frame!
Error: Error processing stack frame(133) - skipping rest of frame!
Error: Error processing stack frame(134) - skipping rest of frame!
Error: Error processing stack frame(135) - skipping rest of frame!
Error: Error processing stack frame(136) - skipping rest of frame!
Error: Error processing stack frame(137) - skipping rest of frame!
Error: Error processing stack frame(138) - skipping rest of frame!
Error: Error processing stack frame(139) - skipping rest of frame!
Error: Error processing stack frame(140) - skipping rest of frame!
Error: Error processing stack frame(141) - skipping rest of frame!
Error: Error processing stack frame(142) - skipping rest of frame!
Error: Error processing stack frame(143) - skipping rest of frame!
Error: Error processing stack frame(144) - skipping rest of frame!
Error: Error processing stack frame(145) - skipping rest of frame!
Error: Error processing stack frame(146) - skipping rest of frame!
Error: Error processing stack frame(147) - skipping rest of frame!
Error: Error processing stack frame(148) - skipping rest of frame!
Error: Error processing stack frame(149) - skipping rest of frame!
Error: Error processing stack frame(150) - skipping rest of frame!
Error: Error processing stack frame(151) - skipping rest of frame!
Error: Error processing stack frame(152) - skipping rest of frame!
Error: Error processing stack frame(153) - skipping rest of frame!
Error: Error processing stack frame(154) - skipping rest of frame!
Error: Error processing stack frame(155) - skipping rest of frame!
Error: Error processing stack frame(156) - skipping rest of frame!
Error: Error processing stack frame(157) - skipping rest of frame!
Error: Error processing stack frame(158) - skipping rest of frame!
Error: Error processing stack frame(159) - skipping rest of frame!
Error: Error processing stack frame(160) - skipping rest of frame!
Error: Error processing stack frame(161) - skipping rest of frame!
Error: Error processing stack frame(162) - skipping rest of frame!
Error: Error processing stack frame(163) - skipping rest of frame!
Error: Error processing stack frame(164) - skipping rest of frame!
Error: Error processing stack frame(165) - skipping rest of frame!
Error: Error processing stack frame(166) - skipping rest of frame!
Error: Error processing stack frame(167) - skipping rest of frame!
Error: Error processing stack frame(168) - skipping rest of frame!
Error: Error processing stack frame(169) - skipping rest of frame!
Error: Error processing stack frame(170) - skipping rest of frame!
Error: Error processing stack frame(171) - skipping rest of frame!
Error: Error processing stack frame(172) - skipping rest of frame!
Error: Error processing stack frame(173) - skipping rest of frame!
Error: Error processing stack frame(174) - skipping rest of frame!
Error: Error processing stack frame(175) - skipping rest of frame!
Error: Error processing stack frame(176) - skipping rest of frame!
Error: Error processing stack frame(177) - skipping rest of frame!
Error: Error processing stack frame(178) - skipping rest of frame!
Error: Error processing stack frame(179) - skipping rest of frame!
Error: Error processing stack frame(180) - skipping rest of frame!
Error: Error processing stack frame(181) - skipping rest of frame!
Error: Error processing stack frame(182) - skipping rest of frame!
Error: Error processing stack frame(183) - skipping rest of frame!
Error: Error processing stack frame(184) - skipping rest of frame!
Error: Error processing stack frame(185) - skipping rest of frame!
Error: Error processing stack frame(186) - skipping rest of frame!
Error: Error processing stack frame(187) - skipping rest of frame!
Error: Error processing stack frame(188) - skipping rest of frame!
Error: Error processing stack frame(189) - skipping rest of frame!
Error: Error processing stack frame(190) - skipping rest of frame!
Error: Error processing stack frame(191) - skipping rest of frame!
Error: Error processing stack frame(192) - skipping rest of frame!
Error: Error processing stack frame(193) - skipping rest of frame!
Error: Error processing stack frame(194) - skipping rest of frame!
Error: Error processing stack frame(195) - skipping rest of frame!
Error: Error processing stack frame(196) - skipping rest of frame!
Error: Error processing stack frame(197) - skipping rest of frame!
Error: Error processing stack frame(198) - skipping rest of frame!
Error: Error processing stack frame(199) - skipping rest of frame!
Error: Error processing stack frame(200) - skipping rest of frame!
Error: Error processing stack frame(201) - skipping rest of frame!
Error: Error processing stack frame(202) - skipping rest of frame!
Error: Error processing stack frame(203) - skipping rest of frame!
Error: Error processing stack frame(204) - skipping rest of frame!
Error: Error processing stack frame(205) - skipping rest of frame!
Error: Error processing stack frame(206) - skipping rest of frame!
Error: Error processing stack frame(207) - skipping rest of frame!
Error: Error processing stack frame(208) - skipping rest of frame!
Error: Error processing stack frame(209) - skipping rest of frame!
Error: Error processing stack frame(210) - skipping rest of frame!
Error: Error processing stack frame(211) - skipping rest of frame!
Error: Error processing stack frame(212) - skipping rest of frame!
Error: Error processing stack frame(213) - skipping rest of frame!
Error: Error processing stack frame(214) - skipping rest of frame!
Error: Error processing stack frame(215) - skipping rest of frame!
Error: Error processing stack frame(216) - skipping rest of frame!
Error: Error processing stack frame(217) - skipping rest of frame!
Error: Error processing stack frame(218) - skipping rest of frame!
Error: Error processing stack frame(219) - skipping rest of frame!
Error: Error processing stack frame(220) - skipping rest of frame!
Error: Error processing stack frame(221) - skipping rest of frame!
Error: Error processing stack frame(222) - skipping rest of frame!
Error: Error processing stack frame(223) - skipping rest of frame!
Error: Error processing stack frame(224) - skipping rest of frame!
Error: Error processing stack frame(225) - skipping rest of frame!
Error: Error processing stack frame(226) - skipping rest of frame!
Error: Error processing stack frame(227) - skipping rest of frame!
Error: Error processing stack frame(228) - skipping rest of frame!
Error: Error processing stack frame(229) - skipping rest of frame!
Error: Error processing stack frame(230) - skipping rest of frame!
Error: Error processing stack frame(231) - skipping rest of frame!
Error: Error processing stack frame(232) - skipping rest of frame!
Error: Error processing stack frame(233) - skipping rest of frame!
Error: Error processing stack frame(234) - skipping rest of frame!
Error: Error processing stack frame(235) - skipping rest of frame!
Error: Error processing stack frame(236) - skipping rest of frame!
Error: Error processing stack frame(237) - skipping rest of frame!
Error: Error processing stack frame(238) - skipping rest of frame!
Error: Error processing stack frame(239) - skipping rest of frame!
Error: Error processing stack frame(240) - skipping rest of frame!
Error: Error processing stack frame(241) - skipping rest of frame!
Error: Error processing stack frame(242) - skipping rest of frame!
Error: Error processing stack frame(243) - skipping rest of frame!
Error: Error processing stack frame(244) - skipping rest of frame!
Error: Error processing stack frame(245) - skipping rest of frame!
Error: Error processing stack frame(246) - skipping rest of frame!
Error: Error processing stack frame(247) - skipping rest of frame!
Error: Error processing stack frame(248) - skipping rest of frame!
Error: Error processing stack frame(249) - skipping rest of frame!
Error: Error processing stack frame(250) - skipping rest of frame!
Error: Error processing stack frame(251) - skipping rest of frame!
Error: Error processing stack frame(252) - skipping rest of frame!
Error: Error processing stack frame(253) - skipping rest of frame!
Error: Error processing stack frame(254) - skipping rest of frame!
Error: Error processing stack frame(255) - skipping rest of frame!
Error: Error processing stack frame(256) - skipping rest of frame!
Error: Error processing stack frame(257) - skipping rest of frame!
Error: Error processing stack frame(258) - skipping rest of frame!
Error: Error processing stack frame(259) - skipping rest of frame!
Error: Error processing stack frame(260) - skipping rest of frame!
Error: Error processing stack frame(261) - skipping rest of frame!
Error: Error processing stack frame(262) - skipping rest of frame!
Error: Error processing stack frame(263) - skipping rest of frame!
Error: Error processing stack frame(264) - skipping rest of frame!
Error: Error processing stack frame(265) - skipping rest of frame!
Error: Error processing stack frame(266) - skipping rest of frame!
Error: Error processing stack frame(267) - skipping rest of frame!
Error: Error processing stack frame(268) - skipping rest of frame!
Error: Error processing stack frame(269) - skipping rest of frame!
Error: Error processing stack frame(270) - skipping rest of frame!
Error: Error processing stack frame(271) - skipping rest of frame!
Error: Error processing stack frame(272) - skipping rest of frame!
Error: Error processing stack frame(273) - skipping rest of frame!
Error: Error processing stack frame(274) - skipping rest of frame!
Error: Error processing stack frame(275) - skipping rest of frame!
Error: Error processing stack frame(276) - skipping rest of frame!
Error: Error processing stack frame(277) - skipping rest of frame!
Error: Error processing stack frame(278) - skipping rest of frame!
Error: Error processing stack frame(279) - skipping rest of frame!
Error: Error processing stack frame(280) - skipping rest of frame!
Error: Error processing stack frame(281) - skipping rest of frame!
Error: Error processing stack frame(282) - skipping rest of frame!
Error: Error processing stack frame(283) - skipping rest of frame!
Error: Error processing stack frame(284) - skipping rest of frame!
Error: Error processing stack frame(285) - skipping rest of frame!
Error: Error processing stack frame(286) - skipping rest of frame!
Error: Error processing stack frame(287) - skipping rest of frame!
Error: Error processing stack frame(288) - skipping rest of frame!
Error: Error processing stack frame(289) - skipping rest of frame!
Error: Error processing stack frame(290) - skipping rest of frame!
Error: Error processing stack frame(291) - skipping rest of frame!
Error: Error processing stack frame(292) - skipping rest of frame!
Error: Error processing stack frame(293) - skipping rest of frame!
Error: Error processing stack frame(294) - skipping rest of frame!
Error: Error processing stack frame(295) - skipping rest of frame!
Error: Error processing stack frame(296) - skipping rest of frame!
Error: Error processing stack frame(297) - skipping rest of frame!
Error: Error processing stack frame(298) - skipping rest of frame!
Error: Error processing stack frame(299) - skipping rest of frame!
Error: Error processing stack frame(300) - skipping rest of frame!
Error: Error processing stack frame(301) - skipping rest of frame!
Error: Error processing stack frame(302) - skipping rest of frame!
Error: Error processing stack frame(303) - skipping rest of frame!
Error: Error processing stack frame(304) - skipping rest of frame!
Error: Error processing stack frame(305) - skipping rest of frame!
Error: Error processing stack frame(306) - skipping rest of frame!
Error: Error processing stack frame(307) - skipping rest of frame!
Error: Error processing stack frame(308) - skipping rest of frame!
Error: Error processing stack frame(309) - skipping rest of frame!
Error: Error processing stack frame(310) - skipping rest of frame!
Error: Error processing stack frame(311) - skipping rest of frame!
Error: Error processing stack frame(312) - skipping rest of frame!
Error: Error processing stack frame(313) - skipping rest of frame!
Error: Error processing stack frame(314) - skipping rest of frame!
Error: Error processing stack frame(315) - skipping rest of frame!
Error: Error processing stack frame(316) - skipping rest of frame!
Error: Error processing stack frame(317) - skipping rest of frame!
Error: Error processing stack frame(318) - skipping rest of frame!
Error: Error processing stack frame(319) - skipping rest of frame!
Error: Error processing stack frame(320) - skipping rest of frame!
Error: Error processing stack frame(321) - skipping rest of frame!
Error: Error processing stack frame(322) - skipping rest of frame!
Error: Error processing stack frame(323) - skipping rest of frame!
Error: Error processing stack frame(324) - skipping rest of frame!
Error: Error processing stack frame(325) - skipping rest of frame!
Error: Error processing stack frame(326) - skipping rest of frame!
Error: Error processing stack frame(327) - skipping rest of frame!
Error: Error processing stack frame(328) - skipping rest of frame!
Error: Error processing stack frame(329) - skipping rest of frame!
Error: Error processing stack frame(330) - skipping rest of frame!
Error: Error processing stack frame(331) - skipping rest of frame!
Error: Error processing stack frame(332) - skipping rest of frame!
Error: Error processing stack frame(333) - skipping rest of frame!
Error: Error processing stack frame(334) - skipping rest of frame!
Error: Error processing stack frame(335) - skipping rest of frame!
Error: Error processing stack frame(336) - skipping rest of frame!
Error: Error processing stack frame(337) - skipping rest of frame!
Error: Error processing stack frame(338) - skipping rest of frame!
Error: Error processing stack frame(339) - skipping rest of frame!
Error: Error processing stack frame(340) - skipping rest of frame!
Error: Error processing stack frame(341) - skipping rest of frame!
Error: Error processing stack frame(342) - skipping rest of frame!
Error: Error processing stack frame(343) - skipping rest of frame!
Error: Error processing stack frame(344) - skipping rest of frame!
Error: Error processing stack frame(345) - skipping rest of frame!
Error: Error processing stack frame(346) - skipping rest of frame!
Error: Error processing stack frame(347) - skipping rest of frame!
Error: Error processing stack frame(348) - skipping rest of frame!
Error: Error processing stack frame(349) - skipping rest of frame!
Error: Error processing stack frame(350) - skipping rest of frame!
Error: Error processing stack frame(351) - skipping rest of frame!
Error: Error processing stack frame(352) - skipping rest of frame!
Error: Error processing stack frame(353) - skipping rest of frame!
Error: Error processing stack frame(354) - skipping rest of frame!
Error: Error processing stack frame(355) - skipping rest of frame!
Error: Error processing stack frame(356) - skipping rest of frame!
Error: Error processing stack frame(357) - skipping rest of frame!
Error: Error processing stack frame(358) - skipping rest of frame!
Error: Error processing stack frame(359) - skipping rest of frame!
Error: Error processing stack frame(360) - skipping rest of frame!
Error: Error processing stack frame(361) - skipping rest of frame!
Error: Error processing stack frame(362) - skipping rest of frame!
Error: Error processing stack frame(363) - skipping rest of frame!
Error: Error processing stack frame(364) - skipping rest of frame!
Error: Error processing stack frame(365) - skipping rest of frame!
Error: Error processing stack frame(366) - skipping rest of frame!
Error: Error processing stack frame(367) - skipping rest of frame!
Error: Error processing stack frame(368) - skipping rest of frame!
Error: Error processing stack frame(369) - skipping rest of frame!
Error: Error processing stack frame(370) - skipping rest of frame!
Error: Error processing stack frame(371) - skipping rest of frame!
Error: Error processing stack frame(372) - skipping rest of frame!
Error: Error processing stack frame(373) - skipping rest of frame!
Error: Error processing stack frame(374) - skipping rest of frame!
Error: Error processing stack frame(375) - skipping rest of frame!
Error: Error processing stack frame(376) - skipping rest of frame!
Error: Error processing stack frame(377) - skipping rest of frame!
Error: Error processing stack frame(378) - skipping rest of frame!
Error: Error processing stack frame(379) - skipping rest of frame!
Error: Error processing stack frame(380) - skipping rest of frame!
Error: Error processing stack frame(381) - skipping rest of frame!
Error: Error processing stack frame(382) - skipping rest of frame!
Error: Error processing stack frame(383) - skipping rest of frame!
Error: Error processing stack frame(384) - skipping rest of frame!
Error: Error processing stack frame(385) - skipping rest of frame!
Error: Error processing stack frame(386) - skipping rest of frame!
Error: Error processing stack frame(387) - skipping rest of frame!
Error: Error processing stack frame(388) - skipping rest of frame!
Error: Error processing stack frame(389) - skipping rest of frame!
Error: Error processing stack frame(390) - skipping rest of frame!
Error: Error processing stack frame(391) - skipping rest of frame!
Error: Error processing stack frame(392) - skipping rest of frame!
Error: Error processing stack frame(393) - skipping rest of frame!
Error: Error processing stack frame(394) - skipping rest of frame!
Error: Error processing stack frame(395) - skipping rest of frame!
Error: Error processing stack frame(396) - skipping rest of frame!
Error: Error processing stack frame(397) - skipping rest of frame!
Error: Error processing stack frame(398) - skipping rest of frame!
Error: Error processing stack frame(399) - skipping rest of frame!
Error: Error processing stack frame(400) - skipping rest of frame!
Error: Error processing stack frame(401) - skipping rest of frame!
Error: Error processing stack frame(402) - skipping rest of frame!
Error: Error processing stack frame(403) - skipping rest of frame!
Error: Error processing stack frame(404) - skipping rest of frame!
Error: Error processing stack frame(405) - skipping rest of frame!
Error: Error processing stack frame(406) - skipping rest of frame!
Error: Error processing stack frame(407) - skipping rest of frame!
Error: Error processing stack frame(408) - skipping rest of frame!
Error: Error processing stack frame(409) - skipping rest of frame!
Error: Error processing stack frame(410) - skipping rest of frame!
Error: Error processing stack frame(411) - skipping rest of frame!
Error: Error processing stack frame(412) - skipping rest of frame!
Error: Error processing stack frame(413) - skipping rest of frame!
Error: Error processing stack frame(414) - skipping rest of frame!
Error: Error processing stack frame(415) - skipping rest of frame!
Error: Error processing stack frame(416) - skipping rest of frame!
Error: Error processing stack frame(417) - skipping rest of frame!
Error: Error processing stack frame(418) - skipping rest of frame!
Error: Error processing stack frame(419) - skipping rest of frame!
Error: Error processing stack frame(420) - skipping rest of frame!
Error: Error processing stack frame(421) - skipping rest of frame!
Error: Error processing stack frame(422) - skipping rest of frame!
Error: Error processing stack frame(423) - skipping rest of frame!
Error: Error processing stack frame(424) - skipping rest of frame!
Error: Error processing stack frame(425) - skipping rest of frame!
Error: Error processing stack frame(426) - skipping rest of frame!
Error: Error processing stack frame(427) - skipping rest of frame!
Error: Error processing stack frame(428) - skipping rest of frame!
Error: Error processing stack frame(429) - skipping rest of frame!
Error: Error processing stack frame(430) - skipping rest of frame!
Error: Error processing stack frame(431) - skipping rest of frame!
Error: Error processing stack frame(432) - skipping rest of frame!
Error: Error processing stack frame(433) - skipping rest of frame!
Error: Error processing stack frame(434) - skipping rest of frame!
Error: Error processing stack frame(435) - skipping rest of frame!
Error: Error processing stack frame(436) - skipping rest of frame!
Error: Error processing stack frame(437) - skipping rest of frame!
Error: Error processing stack frame(438) - skipping rest of frame!
Error: Error processing stack frame(439) - skipping rest of frame!
Error: Error processing stack frame(440) - skipping rest of frame!
Error: Error processing stack frame(441) - skipping rest of frame!
Error: Error processing stack frame(442) - skipping rest of frame!
Error: Error processing stack frame(443) - skipping rest of frame!
Error: Error processing stack frame(444) - skipping rest of frame!
Error: Error processing stack frame(445) - skipping rest of frame!
Error: Error processing stack frame(446) - skipping rest of frame!
Error: Error processing stack frame(447) - skipping rest of frame!
Error: Error processing stack frame(448) - skipping rest of frame!
Error: Error processing stack frame(449) - skipping rest of frame!
Error: Error processing stack frame(450) - skipping rest of frame!
Error: Error processing stack frame(451) - skipping rest of frame!
Error: Error processing stack frame(452) - skipping rest of frame!
Error: Error processing stack frame(453) - skipping rest of frame!
Error: Error processing stack frame(454) - skipping rest of frame!
Error: Error processing stack frame(455) - skipping rest of frame!
Error: Error processing stack frame(456) - skipping rest of frame!
Error: Error processing stack frame(457) - skipping rest of frame!
Error: Error processing stack frame(458) - skipping rest of frame!
Error: Error processing stack frame(459) - skipping rest of frame!
Error: Error processing stack frame(460) - skipping rest of frame!
Error: Error processing stack frame(461) - skipping rest of frame!
Error: Error processing stack frame(462) - skipping rest of frame!
Error: Error processing stack frame(463) - skipping rest of frame!
Error: Error processing stack frame(464) - skipping rest of frame!
Error: Error processing stack frame(465) - skipping rest of frame!
Error: Error processing stack frame(466) - skipping rest of frame!
Error: Error processing stack frame(467) - skipping rest of frame!
Error: Error processing stack frame(468) - skipping rest of frame!
Error: Error processing stack frame(469) - skipping rest of frame!
Error: Error processing stack frame(470) - skipping rest of frame!
Error: Error processing stack frame(471) - skipping rest of frame!
Error: Error processing stack frame(472) - skipping rest of frame!
Error: Error processing stack frame(473) - skipping rest of frame!
Error: Error processing stack frame(474) - skipping rest of frame!
Error: Error processing stack frame(475) - skipping rest of frame!
Error: Error processing stack frame(476) - skipping rest of frame!
Error: Error processing stack frame(477) - skipping rest of frame!
Error: Error processing stack frame(478) - skipping rest of frame!
Error: Error processing stack frame(479) - skipping rest of frame!
Error: Error processing stack frame(480) - skipping rest of frame!
Error: Error processing stack frame(481) - skipping rest of frame!
Error: Error processing stack frame(482) - skipping rest of frame!
Error: Error processing stack frame(483) - skipping rest of frame!
Error: Error processing stack frame(484) - skipping rest of frame!
Error: Error processing stack frame(485) - skipping rest of frame!
Error: Error processing stack frame(486) - skipping rest of frame!
Error: Error processing stack frame(487) - skipping rest of frame!
Error: Error processing stack frame(488) - skipping rest of frame!
Error: Error processing stack frame(489) - skipping rest of frame!
Error: Error processing stack frame(490) - skipping rest of frame!
Error: Error processing stack frame(491) - skipping rest of frame!
Error: Error processing stack frame(492) - skipping rest of frame!
Error: Error processing stack frame(493) - skipping rest of frame!
Error: Error processing stack frame(494) - skipping rest of frame!
Error: Error processing stack frame(495) - skipping rest of frame!
Error: Error processing stack frame(496) - skipping rest of frame!
Error: Error processing stack frame(497) - skipping rest of frame!
Error: Error processing stack frame(498) - skipping rest of frame!
Error: Error processing stack frame(499) - skipping rest of frame!
Error: Error processing stack frame(500) - skipping rest of frame!
Error: Error processing stack frame(501) - skipping rest of frame!
Error: Error processing stack frame(502) - skipping rest of frame!
Error: Error processing stack frame(503) - skipping rest of frame!
Error: Error processing stack frame(504) - skipping rest of frame!
Error: Error processing stack frame(505) - skipping rest of frame!
Error: Error processing stack frame(506) - skipping rest of frame!
Error: Error processing stack frame(507) - skipping rest of frame!
Error: Error processing stack frame(508) - skipping rest of frame!
Error: Error processing stack frame(509) - skipping rest of frame!
Error: Error processing stack frame(510) - skipping rest of frame!
csi-xmsim - CSI: investigation complete took 0.003 secs, send this file to Cadence Support
