 ------------------------------------------------------------------------------------------------------------------------------------------------------- 
| Snapshot                | WNS                  | TNS                  | Density (%) | Hotspot                   | Resource               | DRVs       |
|                         | HEPG (ns) | ALL (ns) | HEPG (ns) | ALL (ns) |             | Max (bins) | Total (bins) | Real (s) | Memory (MB) | Tran | Cap |
|-------------------------+-----------+----------+-----------+----------+-------------+------------+--------------+----------+-------------+------+-----|
| initial_summary         |           |   -0.178 |           |       -7 |       59.13 |            |              | 0:00:08  |        4666 |    0 |   0 |
| route_type_refinement   |           |          |           |          |             |            |              | 0:00:01  |        4666 |      |     |
| simplify_netlist        |           |          |           |          |             |            |              | 0:00:06  |        4666 |      |     |
| excluded_clk_net_fixing |           |          |           |          |             |            |              | 0:00:01  |        4666 |      |     |
| global_opt              |           |   -0.178 |           |       -7 |       59.13 |            |              | 0:00:08  |        4666 |      |     |
| area_reclaiming         |     0.000 |   -0.178 |         0 |       -7 |       59.12 |            |              | 0:00:15  |        4686 |      |     |
| wns_fixing              |     0.000 |   -0.178 |         0 |       -7 |       59.12 |            |              | 0:00:13  |        4718 |      |     |
| tns_fixing              |     0.000 |   -0.178 |         0 |       -7 |       59.12 |            |              | 0:00:05  |        4686 |      |     |
| area_reclaiming_2       |     0.000 |   -0.178 |         0 |       -7 |       59.11 |            |              | 0:00:15  |        4686 |      |     |
| local_wire_reclaim      |           |          |           |          |             |            |              | 0:01:03  |        4670 |      |     |
| global_route            |           |          |           |          |             |       0.00 |         0.00 | 0:00:07  |        4657 |      |     |
| route_type_refinement_2 |           |          |           |          |             |            |              | 0:00:01  |        4657 |      |     |
| drv_eco_fixing          |     0.000 |   -0.148 |         0 |       -5 |       59.11 |            |              | 0:00:03  |        4666 |    0 |   0 |
| tns_eco_fixing          |     0.000 |   -0.148 |         0 |       -5 |       59.11 |            |              | 0:00:04  |        4666 |      |     |
| final_summary           |           |   -0.149 |           |       -5 |       59.11 |            |              | 0:00:18  |        4666 |    0 |   0 |
 ------------------------------------------------------------------------------------------------------------------------------------------------------- 
