============================================================
  Generated by:           Genus(TM) Synthesis Solution 23.14-s090_1
  Generated on:           Jun 25 2025  04:05:18 pm
  Module:                 mult_36x36
  Operating conditions:   sg13g2_stdcell_typ_1p20V_25C (balanced_tree)
  Wireload mode:          top
  Area mode:              timing library
============================================================

Timing
-------
  Cost    Critical         Violating 
 Group   Path Slack  TNS     Paths   
-------------------------------------
default    No paths   0.0            
-------------------------------------
Total                 0.0          0 

Instance Count
--------------
Leaf Instance Count             7405 
Physical Instance count            0 
Sequential Instance Count          0 
Combinational Instance Count    7405 
Hierarchical Instance Count        0 

Area
----
Cell Area                          76574.673
Physical Cell Area                 0.000
Total Cell Area (Cell+Physical)    76574.673
Net Area                           132873.516
Total Area (Cell+Physical+Net)     209448.189

Max Fanout                         18 (a[17])
Min Fanout                         1 (out[0])
Average Fanout                     2.3
Terms to net ratio                 3.3111
Terms to instance ratio            3.3442
Runtime                            1444.203438 seconds
Elapsed Runtime                    1727 seconds
Genus peak memory usage            2043.14 
Innovus peak memory usage          no_value 
Hostname                           exotic-rhel
