#Packing pin usage report
Type: io
	Input Pin Usage:
		Max: 1.00 (1.00)
		Avg: 0.42 (0.42)
		Min: 0.00 (0.00)
		Histogram:
		[        0:      0.1) 19 ( 57.6%) |************************************************
		[      0.1:      0.2)  0 (  0.0%) |
		[      0.2:      0.3)  0 (  0.0%) |
		[      0.3:      0.4)  0 (  0.0%) |
		[      0.4:      0.5)  0 (  0.0%) |
		[      0.5:      0.6)  0 (  0.0%) |
		[      0.6:      0.7)  0 (  0.0%) |
		[      0.7:      0.8)  0 (  0.0%) |
		[      0.8:      0.9)  0 (  0.0%) |
		[      0.9:        1) 14 ( 42.4%) |***********************************
	Output Pin Usage:
		Max: 1.00 (1.00)
		Avg: 0.58 (0.58)
		Min: 0.00 (0.00)
		Histogram:
		[        0:      0.1) 14 ( 42.4%) |***********************************
		[      0.1:      0.2)  0 (  0.0%) |
		[      0.2:      0.3)  0 (  0.0%) |
		[      0.3:      0.4)  0 (  0.0%) |
		[      0.4:      0.5)  0 (  0.0%) |
		[      0.5:      0.6)  0 (  0.0%) |
		[      0.6:      0.7)  0 (  0.0%) |
		[      0.7:      0.8)  0 (  0.0%) |
		[      0.8:      0.9)  0 (  0.0%) |
		[      0.9:        1) 19 ( 57.6%) |************************************************

Type: clb
	Input Pin Usage:
		Max: 31.00 (0.70)
		Avg: 21.08 (0.48)
		Min: 0.00 (0.00)
		Histogram:
		[        0:      4.4) 1 (  4.0%) |******
		[      4.4:      8.8) 0 (  0.0%) |
		[      8.8:       13) 1 (  4.0%) |******
		[       13:       18) 6 ( 24.0%) |*************************************
		[       18:       22) 5 ( 20.0%) |*******************************
		[       22:       26) 8 ( 32.0%) |*************************************************
		[       26:       31) 2 (  8.0%) |************
		[       31:       35) 2 (  8.0%) |************
		[       35:       40) 0 (  0.0%) |
		[       40:       44) 0 (  0.0%) |
	Output Pin Usage:
		Max: 12.00 (0.57)
		Avg: 8.56 (0.41)
		Min: 1.00 (0.05)
		Histogram:
		[        0:      2.1) 1 (  4.0%) |******
		[      2.1:      4.2) 1 (  4.0%) |******
		[      4.2:      6.3) 2 (  8.0%) |************
		[      6.3:      8.4) 8 ( 32.0%) |*************************************************
		[      8.4:       10) 7 ( 28.0%) |*******************************************
		[       10:       13) 6 ( 24.0%) |*************************************
		[       13:       15) 0 (  0.0%) |
		[       15:       17) 0 (  0.0%) |
		[       17:       19) 0 (  0.0%) |
		[       19:       21) 0 (  0.0%) |

