============================================================
  Generated by:           Genus(TM) Synthesis Solution 23.11-s100_1
  Generated on:           May 29 2025  04:35:25 am
  Module:                 serial_to_parallel
  Operating conditions:   sg13g2_stdcell_typ_1p20V_25C (balanced_tree)
  Wireload mode:          top
  Area mode:              timing library
============================================================

Timing
--------

Clock Period 
-------------
clk    400.0 


  Cost    Critical         Violating 
 Group   Path Slack  TNS     Paths   
-------------------------------------
clk             2.1   0.0          0 
default    No paths   0.0            
-------------------------------------
Total                 0.0          0 

Instance Count
--------------
Leaf Instance Count             24 
Physical Instance count          0 
Sequential Instance Count        8 
Combinational Instance Count    16 
Hierarchical Instance Count      0 

Area
----
Cell Area                          887.242
Physical Cell Area                 0.000
Total Cell Area (Cell+Physical)    887.242
Net Area                           95.850
Total Area (Cell+Physical+Net)     983.092

Max Fanout                         8 (clk)
Min Fanout                         0 (n_16)
Average Fanout                     1.4
Terms to net ratio                 2.5714
Terms to instance ratio            3.0000
Runtime                            10.992383 seconds
Elapsed Runtime                    12 seconds
Genus peak memory usage            1760.75 
Innovus peak memory usage          no_value 
Hostname                           ei-vm-018.hs-regensburg.de
