\o Program:		@(#)$CDS: libManager version 23.1 - CAT38 04/15/2024 12:23 (sjfdcl749) $
\o Sub version:		sub-version  p323 
\o Arguments:		-mpssession virtuoso198016 -mpshost ei-vm-018.othr.de -masterPID 198016 -ADVM 
\o Working Directory:	ei-vm-018.othr.de:/home/bas33767/Desktop/DD_Lab_exercise/STD_Cell/ASAP7_tristate_buffer
\o 64-bit offsets
\o Qt version: 		5.15.9
\o Log file is "/home/bas33767/Desktop/DD_Lab_exercise/STD_Cell/ASAP7_tristate_buffer/libManager.log".
\o Opening libManager window.
\a nrSetCurrentWindow(cdsLibManager)
\o MPS virtuoso types registered: 68
\a nrResizeWindow(cdsLibManager list(0 27 602 491))
\o changeWorkingDir("/home/bas33767/Desktop/DD_Lab_exercise/STD_Cell/ASAP7_tristate_buffer") unnecessary.
\o ddSetForcedLib("") unnecessary.
\o Session hidden cells enabled.
\o MPS service: map window
\o Library Manager customization server connected.
\a cdsLibManager->libListBox->value = "Tri_Buff"
\a cdsLibManager->libLineEdit->value = "Tri_Buff"
\a cdsLibManager->cellListBox->value = "Tri_Buff"
\a cdsLibManager->cellLineEdit->value = "Tri_Buff"
\a cdsLibManager->cellListBox->value = "Tri_Buff_TB"
\a cdsLibManager->cellLineEdit->value = "Tri_Buff_TB"
\a cdsLibManager->viewListBox->value = "maestro"
\a cdsLibManager->viewLineEdit->value = "maestro"
\a cdsLibManager->viewListBox->value = "schematic"
\a cdsLibManager->viewLineEdit->value = "schematic"
\a cdsLibManager->viewListBox->value = "maestro"
\a cdsLibManager->viewLineEdit->value = "maestro"
\o MPS request: edit design
\a nrListItemAction(cdsLibManager->gdmXTView 0 0)
\a cdsLibManager->libListBox->value = nil
\a cdsLibManager->libLineEdit->value = ""
\a cdsLibManager->cellListBox->value = nil
\a cdsLibManager->viewLineEdit->value = ""
\a cdsLibManager->viewListBox->value = nil
\a cdsLibManager->cellLineEdit->value = ""
\a cdsLibManager->libListBox->value = "Tri_Buff"
\a cdsLibManager->libLineEdit->value = "Tri_Buff"
\a cdsLibManager->cellListBox->value = "Tri_Buff_TB"
\a cdsLibManager->cellLineEdit->value = "Tri_Buff_TB"
\a cdsLibManager->viewListBox->value = "maestro"
\a cdsLibManager->viewLineEdit->value = "maestro"
\a cdsLibManager->viewLineEdit->value = ""
\a cdsLibManager->viewListBox->value = nil
\a cdsLibManager->viewListBox->value = "maestro"
\a cdsLibManager->viewLineEdit->value = "maestro"
\a nrSetCurrentWindow(cdsLibManager)
\o MPS service: shutdown
\o libManager is exiting.
\a exit(0)
