**INFO: Starting Blocking QThread with 2 CPU
   ____________________________________________________________________
__/ message from Blocking QThread
Multi-CPU acceleration using 2 CPU(s).
*** QThread MetricCollect [begin] (IncrReplace #1 / place_opt_design #1) : mem = 0.2M
Multithreaded Timing Analysis is initialized with 2 threads

###############################################################
#  Generated by:      Cadence Innovus 23.14-s088_1
#  OS:                Linux x86_64(Host ID exotic-rhel)
#  Generated on:      Sun Jun 22 21:31:34 2025
#  Design:            fpga_top
#  Command:           optDesign -preCTS
###############################################################

REPORT ANALYSIS SUMMARY (View:WORST_CASE) (EL:Setup)
=========================================================================================================================================================================================================

GroupType:*
=========================================================================================================================================================================================================

         All                             IN2REG                          IN2OUT                           REG2REG                              REG2OUT
    -----------------------------------------------------------------------------------------------------------------------------------------------------------------------------------------------------  
     WNS:TNS:#VIO                     WNS:TNS:#VIO                     WNS:TNS:#VIO                     WNS:TNS:#VIO                     WNS:TNS:#VIO                     FromClk->ToClk                   
    -----------------------------------------------------------------------------------------------------------------------------------------------------------------------------------------------------  
    -0.957:-974.063:5478             -0.957:-974.063:5478             0.000:0.000:0                    0.000:0.000:0                    0.000:0.000:0                    *->*
    -----------------------------------------------------------------------------------------------------------------------------------------------------------------------------------------------------
Ending "set_metric_timing_analysis_summary" (total cpu=0:00:00.3, real=0:00:01.0, peak res=1735.9M, current mem=1605.5M)
Ending "get_summary_setup_timing" (total cpu=0:00:00.4, real=0:00:01.0, peak res=1735.9M, current mem=1605.5M)
*** QThread MetricCollect [finish] (IncrReplace #1 / place_opt_design #1) : cpu/real = 0:00:00.7/0:00:10.2 (0.1), mem = 0.0M
**WARN: (PRL-280):	The elapsed time (10 sec) of the threaded job 1 is more than twice the CPU time (0 sec).  This indicates that enough physical memory is not available and the system may be swapping. It is recommended that you reduce the number of threads or jobs being run on this machine, or execute this job on a machine with a larger physical memory.
_______________________________________________________________________
