**INFO: Starting Blocking QThread with 2 CPU
   ____________________________________________________________________
__/ message from Blocking QThread
Multi-CPU acceleration using 2 CPU(s).
*** QThread MetricCollect [begin] (IncrReplace #1 / place_opt_design #1) : mem = 0.8M
Multithreaded Timing Analysis is initialized with 2 threads

###############################################################
#  Generated by:      Cadence Innovus 23.14-s088_1
#  OS:                Linux x86_64(Host ID exotic-rhel)
#  Generated on:      Mon Jun 23 21:59:19 2025
#  Design:            fpga_top
#  Command:           optDesign -preCTS
###############################################################

REPORT ANALYSIS SUMMARY (View:WORST_CASE) (EL:Setup)
=========================================================================================================================================================================================================

GroupType:*
=========================================================================================================================================================================================================

         All                             IN2REG                          IN2OUT                           REG2REG                              REG2OUT
    -----------------------------------------------------------------------------------------------------------------------------------------------------------------------------------------------------  
     WNS:TNS:#VIO                     WNS:TNS:#VIO                     WNS:TNS:#VIO                     WNS:TNS:#VIO                     WNS:TNS:#VIO                     FromClk->ToClk                   
    -----------------------------------------------------------------------------------------------------------------------------------------------------------------------------------------------------  
    -0.089:-1.338:38                 -0.089:-1.338:38                 0.000:0.000:0                    0.000:0.000:0                    0.000:0.000:0                    *->*
    -----------------------------------------------------------------------------------------------------------------------------------------------------------------------------------------------------
Ending "set_metric_timing_analysis_summary" (total cpu=0:00:00.5, real=0:00:01.0, peak res=1721.6M, current mem=1634.5M)
Ending "get_summary_setup_timing" (total cpu=0:00:00.6, real=0:00:01.0, peak res=1721.6M, current mem=1634.5M)
*** QThread MetricCollect [finish] (IncrReplace #1 / place_opt_design #1) : cpu/real = 0:00:01.3/0:00:01.9 (0.7), mem = 0.0M
_______________________________________________________________________
