**INFO: Starting Blocking QThread with 8 CPU
   ____________________________________________________________________
__/ message from Blocking QThread
Multi-CPU acceleration using 8 CPU(s).
*** QThread MetricCollect [begin] (IncrReplace #1 / place_opt_design #1) : mem = 0.7M
Multithreaded Timing Analysis is initialized with 8 threads

###############################################################
#  Generated by:      Cadence Innovus 23.14-s088_1
#  OS:                Linux x86_64(Host ID ei-vm-018.othr.de)
#  Generated on:      Tue Jul  8 10:52:26 2025
#  Design:            fpga_top
#  Command:           optDesign -preCTS
###############################################################

REPORT ANALYSIS SUMMARY (View:WORST_CASE) (EL:Setup)
=========================================================================================================================================================================================================

GroupType:*
=========================================================================================================================================================================================================

         All                             IN2REG                          IN2OUT                           REG2REG                              REG2OUT
    -----------------------------------------------------------------------------------------------------------------------------------------------------------------------------------------------------  
     WNS:TNS:#VIO                     WNS:TNS:#VIO                     WNS:TNS:#VIO                     WNS:TNS:#VIO                     WNS:TNS:#VIO                     FromClk->ToClk                   
    -----------------------------------------------------------------------------------------------------------------------------------------------------------------------------------------------------  
    -0.392:-13.465:48                -0.392:-13.465:48                0.000:0.000:0                    0.000:0.000:0                    0.000:0.000:0                    *->*
    -----------------------------------------------------------------------------------------------------------------------------------------------------------------------------------------------------
Ending "set_metric_timing_analysis_summary" (total cpu=0:00:00.1, real=0:00:00.0, peak res=4016.9M, current mem=2933.4M)
Ending "get_summary_setup_timing" (total cpu=0:00:00.2, real=0:00:00.0, peak res=4016.9M, current mem=2933.4M)
*** QThread MetricCollect [finish] (IncrReplace #1 / place_opt_design #1) : cpu/real = 0:00:00.2/0:00:00.2 (1.0), mem = 0.0M
_______________________________________________________________________
