============================================================
  Generated by:           Genus(TM) Synthesis Solution 23.11-s100_1
  Generated on:           Jun 26 2025  09:45:23 pm
  Module:                 TGATE
  Operating conditions:   sg13g2_stdcell_typ_1p20V_25C (balanced_tree)
  Wireload mode:          top
  Area mode:              timing library
============================================================

Timing
-------
  Cost    Critical         Violating 
 Group   Path Slack  TNS     Paths   
-------------------------------------
default    No paths   0.0            
-------------------------------------
Total                 0.0          0 

Instance Count
--------------
Leaf Instance Count             2 
Physical Instance count         0 
Sequential Instance Count       0 
Combinational Instance Count    2 
Hierarchical Instance Count     0 

Area
----
Cell Area                          27.216
Physical Cell Area                 0.000
Total Cell Area (Cell+Physical)    27.216
Net Area                           11.574
Total Area (Cell+Physical+Net)     38.790

Max Fanout                         1 (n_0)
Min Fanout                         1 (n_0)
Average Fanout                     1.0
Terms to net ratio                 1.2000
Terms to instance ratio            3.0000
Runtime                            9.999168 seconds
Elapsed Runtime                    43 seconds
Genus peak memory usage            1747.05 
Innovus peak memory usage          no_value 
Hostname                           ei-vm-018.hs-regensburg.de
