============================================================
  Generated by:           Genus(TM) Synthesis Solution 23.11-s100_1
  Generated on:           Jul 04 2025  10:27:03 pm
  Module:                 GPIO
  Operating conditions:   PVT_0P7V_25C (balanced_tree)
  Wireload mode:          enclosed
  Area mode:              timing library
============================================================

Timing
-------
  Cost    Critical         Violating 
 Group   Path Slack  TNS     Paths   
-------------------------------------
default    No paths   0.0            
-------------------------------------
Total                 0.0          0 

Instance Count
--------------
Leaf Instance Count             3 
Physical Instance count         0 
Sequential Instance Count       0 
Combinational Instance Count    3 
Hierarchical Instance Count     0 

Area
----
Cell Area                          0.378
Physical Cell Area                 0.000
Total Cell Area (Cell+Physical)    0.378
Net Area                           0.000
Total Area (Cell+Physical+Net)     0.378

Max Fanout                         2 (DIR)
Min Fanout                         1 (A)
Average Fanout                     1.4
Terms to net ratio                 1.6000
Terms to instance ratio            2.6667
Runtime                            8.999768 seconds
Elapsed Runtime                    73 seconds
Genus peak memory usage            1850.36 
Innovus peak memory usage          no_value 
Hostname                           ei-vm-018.hs-regensburg.de
