============================================================
  Generated by:           Genus(TM) Synthesis Solution 23.14-s090_1
  Generated on:           Jun 25 2025  06:03:19 pm
  Module:                 ADDF
  Operating conditions:   sg13g2_stdcell_typ_1p20V_25C (balanced_tree)
  Wireload mode:          top
  Area mode:              timing library
============================================================

Timing
-------
  Cost    Critical         Violating 
 Group   Path Slack  TNS     Paths   
-------------------------------------
default    No paths   0.0            
-------------------------------------
Total                 0.0          0 

Instance Count
--------------
Leaf Instance Count             5 
Physical Instance count         0 
Sequential Instance Count       0 
Combinational Instance Count    5 
Hierarchical Instance Count     0 

Area
----
Cell Area                          52.618
Physical Cell Area                 0.000
Total Cell Area (Cell+Physical)    52.618
Net Area                           32.977
Total Area (Cell+Physical+Net)     85.595

Max Fanout                         3 (B[0])
Min Fanout                         1 (n_0)
Average Fanout                     1.6
Terms to net ratio                 2.0000
Terms to instance ratio            3.2000
Runtime                            81.999989 seconds
Elapsed Runtime                    117 seconds
Genus peak memory usage            1792.65 
Innovus peak memory usage          no_value 
Hostname                           exotic-rhel
