Operating system: Linux
                  0.0.0 Linux 4.18.0-553.56.1.el8_10.x86_64 #1 SMP Mon Jun 2 12:33:13 EDT 2025 x86_64
CPU: amd64
     family 6 model 61 stepping 4
     1 CPU

GPU: UNKNOWN

Crash reason:  DUMP_REQUESTED
Crash address: 0x26081406
Process uptime: not available

Thread 0 (crashed)
 0  libcbreakpad.so + 0x36406
    rax = 0x00000000050d6780   rdx = 0x0000000000000000
    rcx = 0x00007f492607fcb2   rbx = 0x00000000059856c0
    rsi = 0x0000000000000001   rdi = 0x0000000005985048
    rbp = 0x0000000005985600   rsp = 0x0000000005984fb0
     r8 = 0x0000000000000000    r9 = 0x0000000000000000
    r10 = 0x0000000005985170   r11 = 0x0000000005985160
    r12 = 0x000000000000001e   r13 = 0x00000000059868d8
    r14 = 0x0000000005985640   r15 = 0x0000000000000000
    rip = 0x00007f4926081406
    Found by: given as instruction pointer in context
 1  libcbreakpad.so + 0x34672
    rbp = 0x0000000005985750   rsp = 0x0000000005985610
    rip = 0x00007f492607f672
    Found by: previous frame's frame pointer
 2  xmsim + 0x1871d14
    rbp = 0x00000000059868c0   rsp = 0x0000000005985760
    rip = 0x0000000001c71d14
    Found by: previous frame's frame pointer

Thread 1
 0  libpthread-2.28.so + 0x11e20
    rax = 0xfffffffffffffdfc   rdx = 0x0000000000000000
    rcx = 0x00007f4926a44e20   rbx = 0x00007f491fd72240
    rsi = 0x0000000000000000   rdi = 0x00007f491fd72240
    rbp = 0x0000000000000000   rsp = 0x00007f491fd72210
     r8 = 0x0000000000000000    r9 = 0x0000000000000000
    r10 = 0x0000000000000000   r11 = 0x0000000000200293
    r12 = 0x0000000000000000   r13 = 0x0000000000000050
    r14 = 0x0000000000000001   r15 = 0x00000000000000c8
    rip = 0x00007f4926a44e20
    Found by: given as instruction pointer in context
 1  xmsim + 0x2144240
    rsp = 0x00007f491fd72220   rip = 0x0000000002544240
    Found by: stack scanning
 2  xmsim + 0x2144513
    rsp = 0x00007f491fd72240   rip = 0x0000000002544513
    Found by: stack scanning
 3  xmsim + 0x2146434
    rsp = 0x00007f491fd72270   rip = 0x0000000002546434
    Found by: stack scanning

Loaded modules:
0x00400000 - 0x02844fff  xmsim  ???  (main)  (WARNING: No symbols, xmsim, C5CAB872E265293B20B5CFA893F916590)
0x7f491e238000 - 0x7f491e24dfff  libz.so.1.2.11  ???
0x7f491e450000 - 0x7f491e55dfff  libsqlite3.so.0.8.6  ???
0x7f491e764000 - 0x7f491e7b7fff  libsoftokn3.so  ???
0x7f491e9bd000 - 0x7f491e9f8fff  libnspr4.so  ???
0x7f491ebfe000 - 0x7f491ec00fff  libplds4.so  ???
0x7f491ee02000 - 0x7f491ee05fff  libplc4.so  ???
0x7f491f007000 - 0x7f491f032fff  libnssutil3.so  ???
0x7f491f23b000 - 0x7f491f370fff  libnss3.so  ???
0x7f491fd7c000 - 0x7f491fdfefff  libpcre2-8.so.0.7.1  ???
0x7f4924045000 - 0x7f49240a3fff  libdwapi.so  ???
0x7f49240bd000 - 0x7f49240d3fff  libml_uvm.so  ???
0x7f49240e1000 - 0x7f4924107fff  libselinux.so.1  ???
0x7f492430c000 - 0x7f4924312fff  libuuid.so.1.3.0  ???
0x7f4924514000 - 0x7f4924560fff  libblkid.so.1.1.0  ???
0x7f4924767000 - 0x7f49247bcfff  libmount.so.1.1.0  ???
0x7f49249c1000 - 0x7f49249c7fff  librt-2.28.so  ???
0x7f4924bc9000 - 0x7f4924c6cfff  libnss_myhostname.so.2  ???
0x7f4924e75000 - 0x7f4924e88fff  libresolv-2.28.so  ???
0x7f492508d000 - 0x7f4925091fff  libnss_dns-2.28.so  ???
0x7f4925294000 - 0x7f49253a6fff  libStrapNC.so  ???
0x7f492545c000 - 0x7f49254edfff  libdcapi.so  ???
0x7f492551d000 - 0x7f4925527fff  libnss_files-2.28.so  ???
0x7f4925fb2000 - 0x7f4926041fff  libxmjudy.so.1.0.3  ???
0x7f492604b000 - 0x7f492609efff  libcbreakpad.so  ???  (WARNING: No symbols, libcbreakpad.so, 33070AA24DC7BEB3909BACB04DD5B8FF0)
0x7f49260bc000 - 0x7f4926288fff  libc-2.28.so  ???
0x7f4926493000 - 0x7f49264a6fff  libgcc_s.so.1  ???
0x7f49264ad000 - 0x7f492662dfff  libm-2.28.so  ???
0x7f492682f000 - 0x7f4926831fff  libdl-2.28.so  ???
0x7f4926a33000 - 0x7f4926a4dfff  libpthread-2.28.so  ???  (WARNING: No symbols, libpthread-2.28.so, C35792D9A08E014060E3E8A7A67A53EE0)
0x7f4926c53000 - 0x7f4926c81fff  ld-2.28.so  ???
0x7f4926c84000 - 0x7f4926c93fff  waves.dsn  ???
0x7f4926c9a000 - 0x7f4926e18fff  libstdc++.so.6.0.28  ???
0x7f4926e75000 - 0x7f4926e79fff  libxdt.so  ???
0x7ffd771f2000 - 0x7ffd771f3fff  linux-gate.so  ???

******BACKTRACE*****
use_backtrace() (libcbreakpad.so) [0x7f492607f1a3]
cbpad_generate_dump_on_demand (libcbreakpad.so) [0x7f492607f630]
vserror (xmsim) [0x1c71d14]
serror (xmsim) [0x1c74007]
sv_seghandler_aux (xmsim) [0xd31ac4]
sv_seghandler (xmsim) [0xd3240d]
<unknown> (libpthread.so.0) [0x7f4926a45990]
******BACKTRACE END*****