 ------------------------------------------------------------------------------------------------------------------------------------------------------- 
| Snapshot                | WNS                  | TNS                  | Density (%) | Hotspot                   | Resource               | DRVs       |
|                         | HEPG (ns) | ALL (ns) | HEPG (ns) | ALL (ns) |             | Max (bins) | Total (bins) | Real (s) | Memory (MB) | Tran | Cap |
|-------------------------+-----------+----------+-----------+----------+-------------+------------+--------------+----------+-------------+------+-----|
| initial_summary         |           |   -0.232 |           |      -15 |       59.15 |            |              | 0:00:31  |        4662 |    0 |   0 |
| route_type_refinement   |           |          |           |          |             |            |              | 0:00:01  |        4662 |      |     |
| simplify_netlist        |           |          |           |          |             |            |              | 0:00:04  |        4662 |      |     |
| excluded_clk_net_fixing |           |          |           |          |             |            |              | 0:00:00  |        4662 |      |     |
| global_opt              |           |   -0.201 |           |      -16 |       59.15 |            |              | 0:00:10  |        4662 |      |     |
| area_reclaiming         |     0.000 |   -0.201 |         0 |      -15 |       59.14 |            |              | 0:00:13  |        4682 |      |     |
| wns_fixing              |     0.000 |   -0.193 |         0 |      -16 |       59.15 |            |              | 0:00:17  |        4714 |      |     |
| tns_fixing              |     0.000 |   -0.193 |         0 |      -16 |       59.15 |            |              | 0:00:15  |        4698 |      |     |
| area_reclaiming_2       |     0.000 |   -0.189 |         0 |      -15 |       59.14 |            |              | 0:00:18  |        4682 |      |     |
| local_wire_reclaim      |           |          |           |          |             |            |              | 0:01:20  |        4666 |      |     |
| global_route            |           |          |           |          |             |       0.00 |         0.00 | 0:00:08  |        4652 |      |     |
| route_type_refinement_2 |           |          |           |          |             |            |              | 0:00:00  |        4652 |      |     |
| drv_eco_fixing          |     0.000 |   -0.114 |         0 |       -6 |       59.14 |            |              | 0:00:06  |        4662 |    0 |   0 |
| tns_eco_fixing          |     0.000 |   -0.114 |         0 |       -6 |       59.14 |            |              | 0:00:11  |        4678 |      |     |
| final_summary           |           |   -0.113 |           |       -6 |       59.14 |       3.15 |         3.15 | 0:00:21  |        4662 |    0 |   0 |
 ------------------------------------------------------------------------------------------------------------------------------------------------------- 
