 ------------------------------------------------------------------------------------------------------------------------------------------------------- 
| Snapshot                | WNS                  | TNS                  | Density (%) | Hotspot                   | Resource               | DRVs       |
|                         | HEPG (ns) | ALL (ns) | HEPG (ns) | ALL (ns) |             | Max (bins) | Total (bins) | Real (s) | Memory (MB) | Tran | Cap |
|-------------------------+-----------+----------+-----------+----------+-------------+------------+--------------+----------+-------------+------+-----|
| initial_summary         |           |   -0.113 |           |       -6 |       59.14 |            |              | 0:00:15  |        4662 |    0 |   0 |
| route_type_refinement   |           |          |           |          |             |            |              | 0:00:02  |        4662 |      |     |
| simplify_netlist        |           |          |           |          |             |            |              | 0:00:06  |        4662 |      |     |
| excluded_clk_net_fixing |           |          |           |          |             |            |              | 0:00:00  |        4662 |      |     |
| global_opt              |           |   -0.114 |           |       -6 |       59.14 |            |              | 0:00:15  |        4662 |      |     |
| area_reclaiming         |     0.000 |   -0.110 |         0 |       -5 |       59.14 |            |              | 0:00:13  |        4682 |      |     |
| wns_fixing              |     0.000 |   -0.111 |         0 |       -5 |       59.14 |            |              | 0:00:13  |        4714 |      |     |
| tns_fixing              |     0.000 |   -0.111 |         0 |       -5 |       59.14 |            |              | 0:00:04  |        4682 |      |     |
| area_reclaiming_2       |     0.000 |   -0.111 |         0 |       -5 |       59.13 |            |              | 0:00:11  |        4682 |      |     |
| local_wire_reclaim      |           |          |           |          |             |            |              | 0:00:48  |        4666 |      |     |
| global_route            |           |          |           |          |             |       0.00 |         0.00 | 0:00:05  |        4652 |      |     |
| route_type_refinement_2 |           |          |           |          |             |            |              | 0:00:00  |        4652 |      |     |
| drv_eco_fixing          |     0.000 |   -0.127 |         0 |       -6 |       59.13 |            |              | 0:00:03  |        4662 |    0 |   0 |
| tns_eco_fixing          |     0.000 |   -0.127 |         0 |       -6 |       59.13 |            |              | 0:00:03  |        4662 |      |     |
| final_summary           |           |   -0.127 |           |       -6 |       59.13 |            |              | 0:00:15  |        4662 |    0 |   0 |
 ------------------------------------------------------------------------------------------------------------------------------------------------------- 
