xrun(64): 24.03-s004: (c) Copyright 1995-2024 Cadence Design Systems, Inc.
TOOL:	xrun(64)	24.03-s004: Started on Jun 10, 2025 at 20:02:21 CEST
xrun
	SIPO_gate-level_tb.v
	-access +rwc
	-64bit
	-gui
file: SIPO_gate-level_tb.v
	module worklib.serial_to_parallel:v
		errors: 0, warnings: 0
	module worklib.sg13g2_a21o_1:v
		errors: 0, warnings: 0
	module worklib.sg13g2_a21o_2:v
		errors: 0, warnings: 0
	module worklib.sg13g2_a21oi_1:v
		errors: 0, warnings: 0
	module worklib.sg13g2_a21oi_2:v
		errors: 0, warnings: 0
	module worklib.sg13g2_a221oi_1:v
		errors: 0, warnings: 0
	module worklib.sg13g2_a22oi_1:v
		errors: 0, warnings: 0
	module worklib.sg13g2_and2_1:v
		errors: 0, warnings: 0
	module worklib.sg13g2_and2_2:v
		errors: 0, warnings: 0
	module worklib.sg13g2_and3_1:v
		errors: 0, warnings: 0
	module worklib.sg13g2_and3_2:v
		errors: 0, warnings: 0
	module worklib.sg13g2_and4_1:v
		errors: 0, warnings: 0
	module worklib.sg13g2_and4_2:v
		errors: 0, warnings: 0
	module worklib.sg13g2_antennanp:v
		errors: 0, warnings: 0
	module worklib.sg13g2_buf_1:v
		errors: 0, warnings: 0
	module worklib.sg13g2_buf_16:v
		errors: 0, warnings: 0
	module worklib.sg13g2_buf_2:v
		errors: 0, warnings: 0
	module worklib.sg13g2_buf_4:v
		errors: 0, warnings: 0
	module worklib.sg13g2_buf_8:v
		errors: 0, warnings: 0
	module worklib.sg13g2_decap_4:v
		errors: 0, warnings: 0
	module worklib.sg13g2_decap_8:v
		errors: 0, warnings: 0
	module worklib.sg13g2_dfrbp_1:v
		errors: 0, warnings: 0
	module worklib.sg13g2_dfrbp_2:v
		errors: 0, warnings: 0
	module worklib.sg13g2_dlhq_1:v
		errors: 0, warnings: 0
	module worklib.sg13g2_dlhr_1:v
		errors: 0, warnings: 0
	module worklib.sg13g2_dlhrq_1:v
		errors: 0, warnings: 0
	module worklib.sg13g2_dllr_1:v
		errors: 0, warnings: 0
	module worklib.sg13g2_dllrq_1:v
		errors: 0, warnings: 0
	module worklib.sg13g2_dlygate4sd1_1:v
		errors: 0, warnings: 0
	module worklib.sg13g2_dlygate4sd2_1:v
		errors: 0, warnings: 0
	module worklib.sg13g2_dlygate4sd3_1:v
		errors: 0, warnings: 0
	module worklib.sg13g2_ebufn_2:v
		errors: 0, warnings: 0
	module worklib.sg13g2_ebufn_4:v
		errors: 0, warnings: 0
	module worklib.sg13g2_ebufn_8:v
		errors: 0, warnings: 0
	module worklib.sg13g2_einvn_2:v
		errors: 0, warnings: 0
	module worklib.sg13g2_einvn_4:v
		errors: 0, warnings: 0
	module worklib.sg13g2_einvn_8:v
		errors: 0, warnings: 0
	module worklib.sg13g2_fill_1:v
		errors: 0, warnings: 0
	module worklib.sg13g2_fill_2:v
		errors: 0, warnings: 0
	module worklib.sg13g2_fill_4:v
		errors: 0, warnings: 0
	module worklib.sg13g2_fill_8:v
		errors: 0, warnings: 0
	module worklib.sg13g2_inv_1:v
		errors: 0, warnings: 0
	module worklib.sg13g2_inv_16:v
		errors: 0, warnings: 0
	module worklib.sg13g2_inv_2:v
		errors: 0, warnings: 0
	module worklib.sg13g2_inv_4:v
		errors: 0, warnings: 0
	module worklib.sg13g2_inv_8:v
		errors: 0, warnings: 0
	module worklib.sg13g2_lgcp_1:v
		errors: 0, warnings: 0
	module worklib.sg13g2_mux2_1:v
		errors: 0, warnings: 0
	module worklib.sg13g2_mux2_2:v
		errors: 0, warnings: 0
	module worklib.sg13g2_mux4_1:v
		errors: 0, warnings: 0
	module worklib.sg13g2_nand2_1:v
		errors: 0, warnings: 0
	module worklib.sg13g2_nand2_2:v
		errors: 0, warnings: 0
	module worklib.sg13g2_nand2b_1:v
		errors: 0, warnings: 0
	module worklib.sg13g2_nand2b_2:v
		errors: 0, warnings: 0
	module worklib.sg13g2_nand3_1:v
		errors: 0, warnings: 0
	module worklib.sg13g2_nand3b_1:v
		errors: 0, warnings: 0
	module worklib.sg13g2_nand4_1:v
		errors: 0, warnings: 0
	module worklib.sg13g2_nor2_1:v
		errors: 0, warnings: 0
	module worklib.sg13g2_nor2_2:v
		errors: 0, warnings: 0
	module worklib.sg13g2_nor2b_1:v
		errors: 0, warnings: 0
	module worklib.sg13g2_nor2b_2:v
		errors: 0, warnings: 0
	module worklib.sg13g2_nor3_1:v
		errors: 0, warnings: 0
	module worklib.sg13g2_nor3_2:v
		errors: 0, warnings: 0
	module worklib.sg13g2_nor4_1:v
		errors: 0, warnings: 0
	module worklib.sg13g2_nor4_2:v
		errors: 0, warnings: 0
	module worklib.sg13g2_o21ai_1:v
		errors: 0, warnings: 0
	module worklib.sg13g2_or2_1:v
		errors: 0, warnings: 0
	module worklib.sg13g2_or2_2:v
		errors: 0, warnings: 0
	module worklib.sg13g2_or3_1:v
		errors: 0, warnings: 0
	module worklib.sg13g2_or3_2:v
		errors: 0, warnings: 0
	module worklib.sg13g2_or4_1:v
		errors: 0, warnings: 0
	module worklib.sg13g2_or4_2:v
		errors: 0, warnings: 0
	module worklib.sg13g2_sdfbbp_1:v
		errors: 0, warnings: 0
	module worklib.sg13g2_sighold:v
		errors: 0, warnings: 0
	module worklib.sg13g2_slgcp_1:v
		errors: 0, warnings: 0
	module worklib.sg13g2_tiehi:v
		errors: 0, warnings: 0
	module worklib.sg13g2_tielo:v
		errors: 0, warnings: 0
	module worklib.sg13g2_xnor2_1:v
		errors: 0, warnings: 0
	module worklib.sg13g2_xor2_1:v
		errors: 0, warnings: 0
	primitive worklib.ihp_latch:v
		errors: 0, warnings: 0
	primitive worklib.ihp_dff_err:v
		errors: 0, warnings: 0
	primitive worklib.ihp_dff:v
		errors: 0, warnings: 0
	primitive worklib.ihp_dff_r_err:v
		errors: 0, warnings: 0
	primitive worklib.ihp_dff_r:v
		errors: 0, warnings: 0
	primitive worklib.ihp_dff_s_err:v
		errors: 0, warnings: 0
	primitive worklib.ihp_dff_s:v
		errors: 0, warnings: 0
	primitive worklib.ihp_dff_sr_err:v
		errors: 0, warnings: 0
	primitive worklib.ihp_dff_sr_0:v
		errors: 0, warnings: 0
	primitive worklib.ihp_dff_sr_1:v
		errors: 0, warnings: 0
	primitive worklib.ihp_latch_r:v
		errors: 0, warnings: 0
	primitive worklib.ihp_latch_s:v
		errors: 0, warnings: 0
	primitive worklib.ihp_latch_sr_0:v
		errors: 0, warnings: 0
	primitive worklib.ihp_latch_sr_1:v
		errors: 0, warnings: 0
	primitive worklib.ihp_mux2:v
		errors: 0, warnings: 0
	primitive worklib.ihp_mux4:v
		errors: 0, warnings: 0
	primitive worklib.ihp_mux8:v
		errors: 0, warnings: 0
	module worklib.tb_serial_to_parallel:v
		errors: 0, warnings: 0
		Caching library 'worklib' ....... Done
	Elaborating the design hierarchy:
    serial_to_parallel uut (
                         |
xmelab: *W,CUVWSP (./SIPO_gate-level_tb.v,19|25): 1 output port was not connected:
xmelab: (./outputs/SIPO_netlist.v,8): scan_out

    serial_to_parallel uut (
                         |
xmelab: *W,CUVWSI (./SIPO_gate-level_tb.v,19|25): 1 input port was not connected:
xmelab: (./outputs/SIPO_netlist.v,7): scan_in

	Top level design units:
		sg13g2_a21o_1
		sg13g2_a21o_2
		sg13g2_a21oi_1
		sg13g2_a21oi_2
		sg13g2_a221oi_1
		sg13g2_a22oi_1
		sg13g2_and2_1
		sg13g2_and2_2
		sg13g2_and3_1
		sg13g2_and3_2
		sg13g2_and4_1
		sg13g2_and4_2
		sg13g2_antennanp
		sg13g2_buf_1
		sg13g2_buf_2
		sg13g2_buf_4
		sg13g2_buf_8
		sg13g2_decap_4
		sg13g2_decap_8
		sg13g2_dfrbp_1
		sg13g2_dfrbp_2
		sg13g2_dlhq_1
		sg13g2_dlhr_1
		sg13g2_dlhrq_1
		sg13g2_dllr_1
		sg13g2_dllrq_1
		sg13g2_dlygate4sd1_1
		sg13g2_dlygate4sd2_1
		sg13g2_dlygate4sd3_1
		sg13g2_ebufn_2
		sg13g2_ebufn_4
		sg13g2_ebufn_8
		sg13g2_einvn_2
		sg13g2_einvn_4
		sg13g2_einvn_8
		sg13g2_fill_1
		sg13g2_fill_2
		sg13g2_fill_4
		sg13g2_fill_8
		sg13g2_inv_1
		sg13g2_inv_8
		sg13g2_lgcp_1
		sg13g2_mux2_1
		sg13g2_mux2_2
		sg13g2_mux4_1
		sg13g2_nand2_1
		sg13g2_nand2_2
		sg13g2_nand2b_1
		sg13g2_nand2b_2
		sg13g2_nand3_1
		sg13g2_nand3b_1
		sg13g2_nand4_1
		sg13g2_nor2_1
		sg13g2_nor2_2
		sg13g2_nor2b_1
		sg13g2_nor2b_2
		sg13g2_nor3_1
		sg13g2_nor3_2
		sg13g2_nor4_1
		sg13g2_nor4_2
		sg13g2_o21ai_1
		sg13g2_or2_1
		sg13g2_or2_2
		sg13g2_or3_1
		sg13g2_or3_2
		sg13g2_or4_1
		sg13g2_or4_2
		sg13g2_sighold
		sg13g2_slgcp_1
		sg13g2_tiehi
		sg13g2_tielo
		sg13g2_xnor2_1
		sg13g2_xor2_1
		tb_serial_to_parallel
	Reading SDF file from location "outputs/delays.sdf"
	Annotating SDF timing data:
		Compiled SDF file:     delays.sdf.X
		Log file:              
		Backannotation scope:  tb_serial_to_parallel.uut
		Configuration file:    
		MTM control:           
		Scale factors:         
		Scale type:            
	Annotation completed successfully...
	SDF statistics: 
		 No. of Pathdelays = 292     	 No. of Disabled Pathdelays = 0        Annotated = 21.92% (64/292) 
		 No. of Tchecks    = 149     	 No. of Disabled Tchecks    = 0        Annotated = 0.00% (0/149) 
	Building instance overlay tables: .................... Done
	Generating native compiled code:
		worklib.sg13g2_sdfbbp_1:v <0x5f5f819b>
			streams:   0, words:     0
		worklib.sg13g2_sdfbbp_1:v <0x09a58d42>
			streams:   0, words:     0
		worklib.serial_to_parallel:v <0x5bfb8c1a>
			streams:   1, words:   718
		worklib.tb_serial_to_parallel:v <0x6cea6146>
			streams:   9, words:  7976
		worklib.sg13g2_slgcp_1:v <0x36af426f>
			streams:   0, words:     0
		worklib.sg13g2_o21ai_1:v <0x270f27ad>
			streams:   0, words:     0
		worklib.sg13g2_mux4_1:v <0x0f07ee43>
			streams:   0, words:     0
		worklib.sg13g2_mux2_2:v <0x6fb8fb57>
			streams:   0, words:     0
		worklib.sg13g2_mux2_1:v <0x68ddeedd>
			streams:   0, words:     0
		worklib.sg13g2_lgcp_1:v <0x7a9a4f3a>
			streams:   0, words:     0
		worklib.sg13g2_dllrq_1:v <0x76748de2>
			streams:   0, words:     0
		worklib.sg13g2_dllr_1:v <0x5782c645>
			streams:   0, words:     0
		worklib.sg13g2_dlhrq_1:v <0x163cace6>
			streams:   0, words:     0
		worklib.sg13g2_dlhr_1:v <0x7aa9a9d6>
			streams:   0, words:     0
		worklib.sg13g2_dlhq_1:v <0x5b0c4f4d>
			streams:   0, words:     0
		worklib.sg13g2_dfrbp_2:v <0x5b28a295>
			streams:   0, words:     0
		worklib.sg13g2_dfrbp_1:v <0x686cbe90>
			streams:   0, words:     0
		worklib.sg13g2_a221oi_1:v <0x5efa47a4>
			streams:   0, words:     0
		worklib.sg13g2_a21oi_2:v <0x3818f214>
			streams:   0, words:     0
		worklib.sg13g2_a21oi_1:v <0x0756c0fb>
			streams:   0, words:     0
		worklib.sg13g2_a21o_2:v <0x3f4bbc42>
			streams:   0, words:     0
		worklib.sg13g2_a21o_1:v <0x548a8a82>
			streams:   0, words:     0
	Building instance specific data structures.
	Loading native compiled code:     .................... Done
	Design hierarchy summary:
		                    Instances  Unique
		Modules:                   99      80
		UDPs:                      38      17
		Primitives:               172       7
		Timing outputs:            99      61
		Registers:                 21      28
		Scalar wires:             329       -
		Always blocks:              1       1
		Initial blocks:             4       4
		Pseudo assignments:         5       -
		Timing checks:            247       -
		Interconnect:              64       -
		Delayed tcheck signals:    73      52
		Simulation timescale:    10ps
	Writing initial simulation snapshot: worklib.sg13g2_a21o_1:v
xmsim: *W,NOMTDGUI: Multi-Threaded Dumping is disabled for interactive debug mode.

-------------------------------------
Relinquished control to SimVision...
xcelium> 
xcelium> source /eda/cadence/2024-25/RHELx86/XCELIUM_24.03.004/tools/xcelium/files/xmsimrc
xcelium> database -open waves -into waves.shm -default
Created default SHM database waves
xcelium> probe -create -shm tb_serial_to_parallel.clk tb_serial_to_parallel.p_o tb_serial_to_parallel.rst_n tb_serial_to_parallel.scan_en tb_serial_to_parallel.serial_in
Created probe 1
xcelium> run
Time =                    0, clk = 0, rst_n = 0, serial_in = x, parallel_out = 00000000
Time =                  500, clk = 1, rst_n = 0, serial_in = x, parallel_out = 00000000
Time =                 1000, clk = 0, rst_n = 1, serial_in = 1, parallel_out = 00000000
Time =                 1500, clk = 1, rst_n = 1, serial_in = 1, parallel_out = 00000001
Time =                 2000, clk = 0, rst_n = 1, serial_in = 0, parallel_out = 00000001
Time =                 2500, clk = 1, rst_n = 1, serial_in = 0, parallel_out = 00000010
Time =                 3000, clk = 0, rst_n = 1, serial_in = 1, parallel_out = 00000010
Time =                 3500, clk = 1, rst_n = 1, serial_in = 1, parallel_out = 00000101
Time =                 4000, clk = 0, rst_n = 1, serial_in = 1, parallel_out = 00000101
Time =                 4500, clk = 1, rst_n = 1, serial_in = 1, parallel_out = 00001011
Time =                 5000, clk = 0, rst_n = 1, serial_in = 0, parallel_out = 00001011
Time =                 5500, clk = 1, rst_n = 1, serial_in = 0, parallel_out = 00010110
Time =                 6000, clk = 0, rst_n = 1, serial_in = 1, parallel_out = 00010110
Time =                 6500, clk = 1, rst_n = 1, serial_in = 1, parallel_out = 00101101
Time =                 7000, clk = 0, rst_n = 1, serial_in = 0, parallel_out = 00101101
Time =                 7500, clk = 1, rst_n = 1, serial_in = 0, parallel_out = 01011010
Time =                 8000, clk = 0, rst_n = 1, serial_in = 1, parallel_out = 01011010
Time =                 8500, clk = 1, rst_n = 1, serial_in = 1, parallel_out = 10110101
Time =                 9000, clk = 0, rst_n = 1, serial_in = 1, parallel_out = 10110101
Time =                 9500, clk = 1, rst_n = 1, serial_in = 1, parallel_out = 01101011
Simulation stopped via $stop(1) at time 100 NS + 0
xcelium> ^C
xcelium> exit
TOOL:	xrun(64)	24.03-s004: Exiting on Jun 10, 2025 at 20:03:53 CEST  (total: 00:01:32)
