\o Program:		@(#)$CDS: libManager version 23.1 - CAT38 04/15/2024 12:23 (sjfdcl749) $
\o Sub version:		sub-version  p323 
\o Arguments:		-unmapped -mpssession virtuoso3378979 -mpshost ei-vm-018.othr.de -masterPID 3378979 -ADVM 
\o Working Directory:	ei-vm-018.othr.de:/home/bas33767/Desktop/DD_Lab_exercise/PipelineADC
\o 64-bit offsets
\o Qt version: 		5.15.9
\o MPS virtuoso types registered: 68
\o changeWorkingDir("/home/bas33767/Desktop/DD_Lab_exercise/PipelineADC") unnecessary.
\o ddSetForcedLib("") unnecessary.
\o Session hidden cells enabled.
\o Log file is "/home/bas33767/Desktop/DD_Lab_exercise/PipelineADC/libManager.log".
\o Opening libManager window.
\a nrSetWindowVisibility(cdsLibManager "show")
\o MPS service: map window
\a nrSetCurrentWindow(cdsLibManager)
\w Warning: The directory: '/home/cae1/Desktop/FPGA-OpenFPGA/DRC/FPGA_TOP' does not exist
\w 	but was defined in libFile '/home/bas33767/Desktop/DD_Lab_exercise/PipelineADC/cds.lib' for Lib 'FPGA_TOP'.
\o Library Manager customization server connected.
\a nrResizeWindow(cdsLibManager list(13 120 602 491))
\a cdsLibManager->libListBox->value = "avTech"
\a cdsLibManager->libLineEdit->value = "avTech"
\a cdsLibManager->libListBox->value = "analogLib"
\a cdsLibManager->libLineEdit->value = "analogLib"
\a cdsLibManager->editLibraryPathButton->value = t
\o Starting the cdsLibEditor...
\a nrSetCurrentWindow(cdsLibManager)
\a cdsLibManager->FileNewLibButton->value = t
\a nrSetWindowVisibility(NewLibShell "show")
\a nrSetCurrentWindow(NewLibShell)
\a nrSetCurrentWindow(NewLibShell->subDialog)
\a nrResizeWindow(NewLibShell list(56 57 507 559))
\a NewLibShell->newLibNameText->value = "Pipeline"
\a NewLibShell->newLibOKButton->value = t
\a nrSetWindowVisibility(workingDialogForm "show")
\a nrSetCurrentWindow(workingDialogForm)
\o Created new library "Pipeline" at /home/bas33767/Desktop/DD_Lab_exercise/PipelineADC/Pipeline.
\a nrSetCurrentWindow(cdsLibManager)
\a cdsLibManager->libListBox->value = nil
\a cdsLibManager->libLineEdit->value = ""
\w Warning: The directory: '/home/cae1/Desktop/FPGA-OpenFPGA/DRC/FPGA_TOP' does not exist
\w 	but was defined in libFile '/home/bas33767/Desktop/DD_Lab_exercise/PipelineADC/cds.lib' for Lib 'FPGA_TOP'.
\a cdsLibManager->libListBox->value = "analogLib"
\a cdsLibManager->libLineEdit->value = "analogLib"
\a nrResizeWindow(workingDialogForm list(166 270 287 133))
\a cdsLibManager->libListBox->value = nil
\a cdsLibManager->libLineEdit->value = ""
\w Warning: The directory: '/home/cae1/Desktop/FPGA-OpenFPGA/DRC/FPGA_TOP' does not exist
\w 	but was defined in libFile '/home/bas33767/Desktop/DD_Lab_exercise/PipelineADC/cds.lib' for Lib 'FPGA_TOP'.
\a cdsLibManager->libListBox->value = "analogLib"
\a cdsLibManager->libLineEdit->value = "analogLib"
\a cdsLibManager->libListBox->value = "Pipeline"
\a cdsLibManager->libLineEdit->value = "Pipeline"
\a lmgrLogShowPopup("mainListPopup0" 36 11 2 "Pipeline")
\a cdsLibManager->editChangeRefsButton->value = t
\a nrSetCurrentWindow(changeRefDialog)
\a nrResizeWindow(changeRefDialog list(0 70 690 533))
\a changeRefDialog->inLibsListWidget->value = '("Pipeline" )
\a changeRefDialog->toLibListWidget->value = "sky130_scl_9T"
\a changeRefDialog->addButton->value = t
\a changeRefDialog->Apply->value = t
\o QUESTION (CLM-380): 1 reference changes will be applied to 1 libraries.\n\nDo you want to continue this operation?
\a nrSetWindowVisibility(genericDialog "show")
\a nrSetCurrentWindow(genericDialog)
\a nrResizeWindow(genericDialog list(179 233 323 148))
\a genericDialog->genericYesButton->value = t
\o Operation confirmed for 1 changes will apply to 1 libraries.
\o Running change rule: (in: Pipeline), (fl: <All>), (fv: <All>), (tl: sky130_scl_9T), (tv: <As Is>)
\o Change Library References command finished.
\o INFO (CLM-370): All change operations succeeded.
\o All change operations succeeded.
\a nrSetCurrentWindow(cdsLibManager)
\a nrSetCurrentWindow(QMessageBox1)
\a QMessageBox1->OK->value = t
\a nrSetCurrentWindow(cdsLibManager)
\a nrSetCurrentWindow(changeRefDialog)
\a changeRefDialog->OK->value = t
\o QUESTION (CLM-380): 1 reference changes will be applied to 1 libraries.\n\nDo you want to continue this operation?
\a nrSetWindowVisibility(genericDialog "show")
\a nrSetCurrentWindow(genericDialog)
\a nrResizeWindow(genericDialog list(179 233 323 148))
\a genericDialog->genericNoButton->value = t
\o Operation was not confirmed.
\a nrSetCurrentWindow(cdsLibManager)
\a nrSetCurrentWindow(changeRefDialog)
\a changeRefDialog->OK->value = t
\o QUESTION (CLM-380): 1 reference changes will be applied to 1 libraries.\n\nDo you want to continue this operation?
\a nrSetWindowVisibility(genericDialog "show")
\a nrSetCurrentWindow(genericDialog)
\a nrResizeWindow(genericDialog list(179 233 323 148))
\a genericDialog->genericYesButton->value = t
\o Operation confirmed for 1 changes will apply to 1 libraries.
\o Running change rule: (in: Pipeline), (fl: <All>), (fv: <All>), (tl: sky130_scl_9T), (tv: <As Is>)
\o Change Library References command finished.
\o INFO (CLM-370): All change operations succeeded.
\o All change operations succeeded.
\a nrSetCurrentWindow(cdsLibManager)
\a nrSetCurrentWindow(QMessageBox1)
\a QMessageBox1->OK->value = t
\a nrSetCurrentWindow(cdsLibManager)
\a cdsLibManager->libListBox->value = "sky130_fd_pr_main"
\a cdsLibManager->libLineEdit->value = "sky130_fd_pr_main"
\a cdsLibManager->libListBox->value = "sky130_scl_9T"
\a cdsLibManager->libLineEdit->value = "sky130_scl_9T"
\a cdsLibManager->libListBox->value = "Pipeline"
\a cdsLibManager->libLineEdit->value = "Pipeline"
\a cdsLibManager->libListBox->value = "sky130_fd_pr_main"
\a cdsLibManager->libLineEdit->value = "sky130_fd_pr_main"
\a nrSetWindowVisibility(cdsLibManager "hide")
\a _lmgrCloseIconify("cdsLibManager" 1)
\o MPS service: shutdown
\o libManager is exiting.
\a exit(0)
