#Packing pin usage report
Type: gp_inpad
	Input Pin Usage:
		Max: 0.00 (nan)
		Avg: 0.00 (nan)
		Min: 0.00 (nan)
	Output Pin Usage:
		Max: 1.00 (1.00)
		Avg: 1.00 (1.00)
		Min: 1.00 (1.00)
		Histogram:
		[        0:      0.1) 0 (  0.0%) |
		[      0.1:      0.2) 0 (  0.0%) |
		[      0.2:      0.3) 0 (  0.0%) |
		[      0.3:      0.4) 0 (  0.0%) |
		[      0.4:      0.5) 0 (  0.0%) |
		[      0.5:      0.6) 0 (  0.0%) |
		[      0.6:      0.7) 0 (  0.0%) |
		[      0.7:      0.8) 0 (  0.0%) |
		[      0.8:      0.9) 0 (  0.0%) |
		[      0.9:        1) 2 (100.0%) |*************************************************

Type: gp_outpad
	Input Pin Usage:
		Max: 1.00 (1.00)
		Avg: 1.00 (1.00)
		Min: 1.00 (1.00)
		Histogram:
		[        0:      0.1) 0 (  0.0%) |
		[      0.1:      0.2) 0 (  0.0%) |
		[      0.2:      0.3) 0 (  0.0%) |
		[      0.3:      0.4) 0 (  0.0%) |
		[      0.4:      0.5) 0 (  0.0%) |
		[      0.5:      0.6) 0 (  0.0%) |
		[      0.6:      0.7) 0 (  0.0%) |
		[      0.7:      0.8) 0 (  0.0%) |
		[      0.8:      0.9) 0 (  0.0%) |
		[      0.9:        1) 1 (100.0%) |**************************************************
	Output Pin Usage:
		Max: 0.00 (nan)
		Avg: 0.00 (nan)
		Min: 0.00 (nan)

Type: clb
	Input Pin Usage:
		Max: 2.00 (0.05)
		Avg: 2.00 (0.05)
		Min: 2.00 (0.05)
		Histogram:
		[        0:      4.1) 1 (100.0%) |**************************************************
		[      4.1:      8.2) 0 (  0.0%) |
		[      8.2:       12) 0 (  0.0%) |
		[       12:       16) 0 (  0.0%) |
		[       16:       20) 0 (  0.0%) |
		[       20:       25) 0 (  0.0%) |
		[       25:       29) 0 (  0.0%) |
		[       29:       33) 0 (  0.0%) |
		[       33:       37) 0 (  0.0%) |
		[       37:       41) 0 (  0.0%) |
	Output Pin Usage:
		Max: 1.00 (0.05)
		Avg: 1.00 (0.05)
		Min: 1.00 (0.05)
		Histogram:
		[        0:        2) 1 (100.0%) |**************************************************
		[        2:        4) 0 (  0.0%) |
		[        4:        6) 0 (  0.0%) |
		[        6:        8) 0 (  0.0%) |
		[        8:       10) 0 (  0.0%) |
		[       10:       12) 0 (  0.0%) |
		[       12:       14) 0 (  0.0%) |
		[       14:       16) 0 (  0.0%) |
		[       16:       18) 0 (  0.0%) |
		[       18:       20) 0 (  0.0%) |

