#Packing pin usage report
Type: io
	Input Pin Usage:
		Max: 1.00 (1.00)
		Avg: 0.50 (0.50)
		Min: 0.00 (0.00)
		Histogram:
		[        0:      0.1) 45 ( 50.0%) |************************************************
		[      0.1:      0.2)  0 (  0.0%) |
		[      0.2:      0.3)  0 (  0.0%) |
		[      0.3:      0.4)  0 (  0.0%) |
		[      0.4:      0.5)  0 (  0.0%) |
		[      0.5:      0.6)  0 (  0.0%) |
		[      0.6:      0.7)  0 (  0.0%) |
		[      0.7:      0.8)  0 (  0.0%) |
		[      0.8:      0.9)  0 (  0.0%) |
		[      0.9:        1) 45 ( 50.0%) |************************************************
	Output Pin Usage:
		Max: 1.00 (1.00)
		Avg: 0.50 (0.50)
		Min: 0.00 (0.00)
		Histogram:
		[        0:      0.1) 45 ( 50.0%) |************************************************
		[      0.1:      0.2)  0 (  0.0%) |
		[      0.2:      0.3)  0 (  0.0%) |
		[      0.3:      0.4)  0 (  0.0%) |
		[      0.4:      0.5)  0 (  0.0%) |
		[      0.5:      0.6)  0 (  0.0%) |
		[      0.6:      0.7)  0 (  0.0%) |
		[      0.7:      0.8)  0 (  0.0%) |
		[      0.8:      0.9)  0 (  0.0%) |
		[      0.9:        1) 45 ( 50.0%) |************************************************

Type: clb
	Input Pin Usage:
		Max: 34.00 (0.77)
		Avg: 26.55 (0.60)
		Min: 0.00 (0.00)
		Histogram:
		[        0:      4.4)  3 (  3.9%) |*****
		[      4.4:      8.8)  2 (  2.6%) |****
		[      8.8:       13)  0 (  0.0%) |
		[       13:       18)  3 (  3.9%) |*****
		[       18:       22)  6 (  7.9%) |***********
		[       22:       26) 17 ( 22.4%) |******************************
		[       26:       31) 18 ( 23.7%) |********************************
		[       31:       35) 27 ( 35.5%) |************************************************
		[       35:       40)  0 (  0.0%) |
		[       40:       44)  0 (  0.0%) |
	Output Pin Usage:
		Max: 12.00 (0.57)
		Avg: 7.20 (0.34)
		Min: 1.00 (0.05)
		Histogram:
		[        0:      2.1)  6 (  7.9%) |***********
		[      2.1:      4.2)  3 (  3.9%) |******
		[      4.2:      6.3) 16 ( 21.1%) |******************************
		[      6.3:      8.4) 26 ( 34.2%) |************************************************
		[      8.4:       10) 20 ( 26.3%) |*************************************
		[       10:       13)  5 (  6.6%) |*********
		[       13:       15)  0 (  0.0%) |
		[       15:       17)  0 (  0.0%) |
		[       17:       19)  0 (  0.0%) |
		[       19:       21)  0 (  0.0%) |

