TOOL:	xrun(64)	24.03-s004: Started on May 21, 2025 at 07:44:12 CEST
xrun
	-compile
	-nocopy
	-nostdout
	-nowarn DLNOHV
	-nowarn SPDUSD
	-messages
	-update
	-log /home/bas33767/Desktop/DD_Lab_exercise/SIPO/HDL/.cadence/dfII/TextSupport/Logs/Parser/verilog/SIPO/functional/compile3.log
	-incdir "/home/bas33767/Desktop/DD_Lab_exercise/SIPO/HDL/"
	-xmvlogargs " -messages "
	-cdslib /home/bas33767/Desktop/DD_Lab_exercise/SIPO/HDL/cds.lib
	-makelib SIPO
	-view functional
	-SPECIFICUNIT serial_to_parallel_tb
	/home/bas33767/Desktop/DD_Lab_exercise/SIPO/HDL/serial_to_parallel_tb/functional/verilog.v
	-endlib
xrun: *W,DLNCML: Multiple logical library mappings have been detected in the cds.lib. Directory used multiple times '/home/bas33767/Desktop/DD_Lab_exercise/SIPO/HDL/xcelium.d/worklib'.
xrun: *W,DLNCML: Multiple logical library mappings have been detected in the cds.lib. Directory used multiple times '/home/bas33767/Desktop/DD_Lab_exercise/SIPO/HDL/xcelium.d/worklib'.
xrun: *W,DLNCML: Multiple logical library mappings have been detected in the cds.lib. Directory used multiple times '/home/bas33767/Desktop/DD_Lab_exercise/SIPO/HDL/xcelium.d/worklib'.
xmvlog: *W,DLNCML: Multiple logical library mappings have been detected in the cds.lib. Directory used multiple times '/home/bas33767/Desktop/DD_Lab_exercise/SIPO/HDL/xcelium.d/worklib'.
file: /home/bas33767/Desktop/DD_Lab_exercise/SIPO/HDL/serial_to_parallel_tb/functional/verilog.v
xmvlog: *E,NOTCMP: unit serial_to_parallel_tb not found while parsing.
	Total errors/warnings found outside modules and primitives:
		errors: 1, warnings: 1
xrun: *E,VLGERR: An error occurred during parsing.  Review the log file for errors with the code *E and fix those identified problems to proceed.  Exiting with code (status 1).
TOOL:	xrun(64)	24.03-s004: Exiting on May 21, 2025 at 07:44:13 CEST  (total: 00:00:01)



 ========================================================================================================
		                  HDL IMPORT QUICK STATUS REPORT
 ========================================================================================================
 HDL SETUP MODE	: 0 - IMPROVED LEGACY FLOW
 ========================================================================================================
 HDL SETUP STATUS	: SUCCESS
 ========================================================================================================
 cds.lib USED	: "/home/bas33767/Desktop/DD_Lab_exercise/SIPO/HDL/cds.lib"
 ========================================================================================================
 COMPILER OPTIONS	: " -messages "
 ========================================================================================================
 PCDB DM CHECKS	: SUCCESS
 ========================================================================================================
 PCDB UPDATE REQUIRED	: YES
 ========================================================================================================
 IMPORT CONFIGURATION	: CHECK BELOW SETTINGS
		: generateShadow(false)
		: enableBlackBox(false)
		: enableSpecificUnit(true)
		: updateCDF(false)
 ========================================================================================================
 OVERALL IMPORT STATUS	: FAILED
 ========================================================================================================