
Cadence Tempus(TM) Timing Solution.
Copyright 2024 Cadence Design Systems, Inc. All rights reserved worldwide.

Version:	v23.11-s111_1, built Thu May 16 09:07:16 PDT 2024
Options:	
Date:		Wed Jul 16 00:07:56 2025
Host:		ei-vm-018.othr.de (x86_64 w/Linux 4.18.0-553.58.1.el8_10.x86_64) (32cores*32cpus*AMD Ryzen Threadripper PRO 5965WX 24-Cores 512KB)
OS:		Red Hat Enterprise Linux 8.10 (Ootpa)

License:
		[00:07:56.483220] Configured Lic search path (23.02-s005): 5280@hs-lic3.oth-regensburg.de:27003@hs-lic1.oth-regensburg.de:27003@hs-lic1.oth-regensburg.de:

		tpsxl	Tempus Timing Signoff Solution XL	23.1	checkout succeeded
		16 CPU jobs allowed with the current license(s). Use set_multi_cpu_usage to set your required CPU count.
Change the soft stacksize limit to 0.2%RAM (386 mbytes). Set global soft_stack_size_limit to change the value.
environment variable TMPDIR is '/tmp/ssv_tmpdir_622530_bfeqjc'.
<CMD> ::stop_gui -keepDgui
Has not load the powerDB, will keep enalbed
Has not load the powerDB, will keep enalbed
<CMD> read_lib /eda/cadence/pdks/ihp_sg13g2/ixc013g2ng_stdcell/lib/ixc013g2ng_stdcell_slow_1p08V_125C.lib /eda/cadence/pdks/ihp_sg13g2/ixc013g2ng_stdcell/lib/ixc013g2ng_stdcell_fast_1p32V_m40C.lib ../../../../../IHP-Open-PDK/ihp-sg13g2/libs.ref/sg13g2_io/lib/sg13g2_io_slow_1p08V_3p0V_125C.lib ../../../../../IHP-Open-PDK/ihp-sg13g2/libs.ref/sg13g2_io/lib/sg13g2_io_fast_1p32V_3p6V_m40C.lib ../../../../../IHP-Open-PDK/ihp-sg13g2/libs.ref/sg13g2_sram/lib/RM_IHPSG13_1P_1024x8_c2_bm_bist_slow_1p08V_125C.lib ../../../../../IHP-Open-PDK/ihp-sg13g2/libs.ref/sg13g2_sram/lib/RM_IHPSG13_1P_1024x8_c2_bm_bist_fast_1p32V_m55C.lib
<CMD> read_verilog SRC/fabric_netlists_1.v
<CMD> set_top_module fpga_top
#% Begin Load MMMC data ... (date=07/16 00:08:34, mem=1774.4M)
Number of views requested 1 are allowed with the current licenses... continuing with set_analysis_view.
#% End Load MMMC data ... (date=07/16 00:08:34, total cpu=0:00:00.0, real=0:00:00.0, peak res=1775.4M, current mem=1775.4M)
default_emulate_early_rc_corner default_emulate_late_rc_corner default_emulate_rc_corner
Loading view definition file from .ssv_emulate_view_definition_622530_e1c54931-16ea-4f16-b949-51a25bf426e0.tcl
Reading default_emulate_libset_max timing library '/mnt/cae_storage_sw/eda/cadence/pdks/ihp_sg13g2/ixc013g2ng_stdcell/lib/ixc013g2ng_stdcell_slow_1p08V_125C.lib' ...
Read 264 cells in library 'ixc013g2ng_stdcell_slow_1p08V_125C' 
Reading default_emulate_libset_max timing library '/mnt/cae_storage_sw/eda/cadence/pdks/ihp_sg13g2/ixc013g2ng_stdcell/lib/ixc013g2ng_stdcell_fast_1p32V_m40C.lib' ...
Read 264 cells in library 'ixc013g2ng_stdcell_fast_1p32V_m40C' 
Reading default_emulate_libset_max timing library '/home/bas33767/Desktop/IHP-Open-PDK/ihp-sg13g2/libs.ref/sg13g2_io/lib/sg13g2_io_slow_1p08V_3p0V_125C.lib' ...
Read 14 cells in library 'sg13g2_io_slow_1p08V_3p0V_125C' 
Reading default_emulate_libset_max timing library '/home/bas33767/Desktop/IHP-Open-PDK/ihp-sg13g2/libs.ref/sg13g2_io/lib/sg13g2_io_fast_1p32V_3p6V_m40C.lib' ...
Read 14 cells in library 'sg13g2_io_fast_1p32V_3p6V_m40C' 
Reading default_emulate_libset_max timing library '/home/bas33767/Desktop/IHP-Open-PDK/ihp-sg13g2/libs.ref/sg13g2_sram/lib/RM_IHPSG13_1P_1024x8_c2_bm_bist_slow_1p08V_125C.lib' ...
**WARN: (TECHLIB-302):	No function defined for cell 'RM_IHPSG13_1P_1024x8_c2_bm_bist'. The cell will only be used for analysis. (File /home/bas33767/Desktop/IHP-Open-PDK/ihp-sg13g2/libs.ref/sg13g2_sram/lib/RM_IHPSG13_1P_1024x8_c2_bm_bist_slow_1p08V_125C.lib)
Read 1 cells in library 'RM_IHPSG13_1P_1024x8_c2_bm_bist_slow_1p08V_125C' 
Reading default_emulate_libset_max timing library '/home/bas33767/Desktop/IHP-Open-PDK/ihp-sg13g2/libs.ref/sg13g2_sram/lib/RM_IHPSG13_1P_1024x8_c2_bm_bist_fast_1p32V_m55C.lib' ...
**WARN: (TECHLIB-302):	No function defined for cell 'RM_IHPSG13_1P_1024x8_c2_bm_bist'. The cell will only be used for analysis. (File /home/bas33767/Desktop/IHP-Open-PDK/ihp-sg13g2/libs.ref/sg13g2_sram/lib/RM_IHPSG13_1P_1024x8_c2_bm_bist_fast_1p32V_m55C.lib)
Read 1 cells in library 'RM_IHPSG13_1P_1024x8_c2_bm_bist_fast_1p32V_m55C' 
*** End library_loading (cpu=0.01min, real=0.02min, mem=33.0M, fe_cpu=0.34min, fe_real=0.65min, fe_mem=1692.8M) ***
#% Begin Load netlist data ... (date=07/16 00:08:35, mem=1784.0M)
*** Begin netlist parsing (mem=1692.8M) ***
Reading verilog netlist 'SRC/fabric_netlists_1.v'
**WARN: (IMPVL-209):	In Verilog file './SRC/routing/sb_2__0_.v', check line 1728 near the text ; for the issue: 'Continuous assign statement with a multiply-driven net.'.  Update the text accordingly.
	included from	[SRC/fabric_netlists_1.v:63]
**WARN: (IMPVL-209):	In Verilog file './SRC/routing/sb_2__0_.v', check line 1729 near the text ; for the issue: 'Continuous assign statement with a multiply-driven net.'.  Update the text accordingly.
	included from	[SRC/fabric_netlists_1.v:63]

*** Memory Usage v#2 (Current mem = 2115.793M, initial mem = 840.277M) ***
*** End netlist parsing (cpu=0:00:00.7, real=0:00:01.0, mem=2115.8M) ***
#% End Load netlist data ... (date=07/16 00:08:36, total cpu=0:00:00.9, real=0:00:01.0, peak res=2009.4M, current mem=1999.0M)
Set top cell to fpga_top.
Has not load the powerDB, will keep enalbed
Has not load the powerDB, will keep enalbed
Starting consistency checks on late and early library sets of delay corner 'default_emulate_delay_corner'
late library set: default_emulate_libset_max
early library set: default_emulate_libset_min
Completed consistency checks. Status: Successful
Starting consistency checks on late and early library sets of delay corner 'default_emulate_delay_corner'
late library set: default_emulate_libset_max
early library set: default_emulate_libset_min
Completed consistency checks. Status: Successful
Building hierarchical netlist for Cell fpga_top ...
***** UseNewTieNetMode *****.
*** Netlist is NOT unique.
** info: there are 402 modules.
** info: there are 4214110 stdCell insts.
** info: there are 4214090 stdCell insts with at least one signal pin.
** info: there are 352 Pad insts.

*** Memory Usage v#2 (Current mem = 9916.332M, initial mem = 840.277M) ***
Set Default Input Pin Transition as 0.1 ps.
Has not load the powerDB, will keep enalbed
Has not load the powerDB, will keep enalbed
Has not load the powerDB, will keep enalbed
Has not load the powerDB, will keep enalbed
Has not load the powerDB, will keep enalbed
Has not load the powerDB, will keep enalbed
/dev/null
Extraction setup Started for TopCell fpga_top 
Summary of Active RC-Corners : 
 
 Analysis View: default_emulate_view
    RC-Corner Name        : default_emulate_rc_corner
    RC-Corner Index       : 0
    RC-Corner Temperature : 25 Celsius
    RC-Corner Cap Table   : ''
    RC-Corner PostRoute Res Factor        : 1
    RC-Corner PostRoute Cap Factor        : 1
    RC-Corner PostRoute XCap Factor       : 1
Starting consistency checks on late and early library sets of delay corner 'default_emulate_delay_corner'
late library set: default_emulate_libset_max
early library set: default_emulate_libset_min
Completed consistency checks. Status: Successful
Reading timing constraints file '/dev/null' ...
Current (total cpu=0:02:16, real=0:01:08, peak res=9631.5M, current mem=9149.9M)
Total number of combinational cells: 204
Total number of sequential cells: 38
Total number of tristate cells: 8
Total number of level shifter cells: 0
Total number of power gating cells: 0
Total number of isolation cells: 0
Total number of power switch cells: 0
Total number of pulse generator cells: 0
Total number of always on buffers: 0
Total number of retention cells: 0
Total number of physical cells: 0
List of usable buffers: BUFJIX1 BUFJIX12 BUFJIX16 BUFJIX2 BUFJIX20 BUFJIX4 BUFJIX8 BUJIX1 BUJIX12 BUJIX16 BUJIX2 BUJIX20 BUJIX4 BUJIX8
Total number of usable buffers: 14
List of unusable buffers:
Total number of unusable buffers: 0
List of usable inverters: INJIX0 INJIX1 INJIX12 INJIX16 INJIX2 INJIX20 INJIX4 INJIX8 INVJIX0 INVJIX1 INVJIX12 INVJIX16 INVJIX2 INVJIX20 INVJIX8 INVJIX4
Total number of usable inverters: 16
List of unusable inverters:
Total number of unusable inverters: 0
List of identified usable delay cells: DLY1JIX1 DLY2JIX1 DLY8JIX1 DLY4JIX1
Total number of identified usable delay cells: 4
List of identified unusable delay cells:
Total number of identified unusable delay cells: 0
default_emulate_constraint_mode
Extraction setup Started for TopCell fpga_top 
Summary of Active RC-Corners : 
 
 Analysis View: default_emulate_view
    RC-Corner Name        : default_emulate_rc_corner
    RC-Corner Index       : 0
    RC-Corner Temperature : 125 Celsius
    RC-Corner Cap Table   : ''
    RC-Corner PostRoute Res Factor        : 1
    RC-Corner PostRoute Cap Factor        : 1
    RC-Corner PostRoute XCap Factor       : 1
Extraction setup Started for TopCell fpga_top 
Summary of Active RC-Corners : 
 
 Analysis View: default_emulate_view
    RC-Corner Name        : default_emulate_rc_corner
    RC-Corner Index       : 0
    RC-Corner Temperature : 125 Celsius
    RC-Corner Cap Table   : ''
    RC-Corner PostRoute Res Factor        : 1
    RC-Corner PostRoute Cap Factor        : 1
    RC-Corner PostRoute XCap Factor       : 1
Extraction setup Started for TopCell fpga_top 
Summary of Active RC-Corners : 
 
 Analysis View: default_emulate_view
    RC-Corner Name        : default_emulate_rc_corner
    RC-Corner Index       : 0
    RC-Corner Temperature : 125 Celsius
    RC-Corner Cap Table   : ''
    RC-Corner PostRoute Res Factor        : 1
    RC-Corner PostRoute Cap Factor        : 1
    RC-Corner PostRoute XCap Factor       : 1
default_emulate_libset_max default_emulate_libset_min
<CMD> read_sdc SDC/cby_6__1_.sdc SDC/disable_configurable_memory_outputs.sdc SDC/disable_configure_ports.sdc SDC/disable_routing_multiplexer_outputs.sdc SDC/disable_sb_outputs.sdc SDC/global_ports.sdc SDC/logical_tile_clb_mode_clb_.sdc SDC/logical_tile_clb_mode_default__fle.sdc SDC/logical_tile_clb_mode_default__fle_mode_physical__fabric.sdc SDC/logical_tile_clb_mode_default__fle_mode_physical__fabric_mode_default__adder.sdc SDC/logical_tile_clb_mode_default__fle_mode_physical__fabric_mode_default__adder_1.sdc SDC/logical_tile_clb_mode_default__fle_mode_physical__fabric_mode_default__ff.sdc SDC/logical_tile_clb_mode_default__fle_mode_physical__fabric_mode_default__frac_logic.sdc SDC/logical_tile_io_mode_io_.sdc SDC/logical_tile_memory_mode_mem_1024x8_dp__mem_1024x8_dp.sdc SDC/logical_tile_memory_mode_memory_.sdc SDC/logical_tile_mult_36_mode_mult_36_.sdc SDC/logical_tile_mult_36_mode_mult_36x36__mult_36x36_slice.sdc SDC/logical_tile_mult_36_mode_mult_36x36__mult_36x36_slice_mode_default__mult_36x36.sdc SDC/sb_0__0_.sdc SDC/sb_0__11_.sdc SDC/sb_0__1_.sdc SDC/sb_11__0_.sdc SDC/sb_11__11_.sdc SDC/sb_11__1_.sdc SDC/sb_1__0_.sdc SDC/sb_1__10_.sdc SDC/sb_1__11_.sdc SDC/sb_1__1_.sdc SDC/sb_1__2_.sdc SDC/sb_2__0_.sdc SDC/sb_2__10_.sdc SDC/sb_2__11_.sdc SDC/sb_2__1_.sdc SDC/sb_2__2_.sdc SDC/sb_3__0_.sdc SDC/sb_3__1_.sdc SDC/sb_5__0_.sdc SDC/sb_5__1_.sdc SDC/sb_6__0_.sdc SDC/sb_6__1_.sdc SDC/sb_6__2_.sdc SDC/sb_6__6_.sdc
Current (total cpu=0:02:18, real=0:01:11, peak res=9631.5M, current mem=9103.0M)
**WARN: (TCLCMD-1461):	Skipped unsupported command: set_units (File SDC/cby_6__1_.sdc, Line 13).

INFO (CTE): Reading of timing constraints file SDC/cby_6__1_.sdc completed, with 1 WARNING
Ending "Constraint file reading stats" (total cpu=0:00:00.8, real=0:00:01.0, peak res=9152.1M, current mem=9152.1M)
Current (total cpu=0:02:19, real=0:01:12, peak res=9631.5M, current mem=9152.1M)
Current (total cpu=0:02:19, real=0:01:12, peak res=9631.5M, current mem=9152.1M)
INFO (CTE): Constraints read successfully.
Ending "Constraint file reading stats" (total cpu=0:02:19, real=0:02:19, peak res=10299.7M, current mem=10298.2M)
Current (total cpu=0:04:39, real=0:03:31, peak res=10299.7M, current mem=10298.2M)
Current (total cpu=0:04:39, real=0:03:31, peak res=10299.7M, current mem=10298.2M)
INFO (CTE): Constraints read successfully.
Ending "Constraint file reading stats" (total cpu=0:01:51, real=0:01:52, peak res=10770.2M, current mem=10770.0M)
Current (total cpu=0:06:30, real=0:05:23, peak res=10770.2M, current mem=10770.0M)
Current (total cpu=0:06:30, real=0:05:23, peak res=10770.2M, current mem=10770.0M)
INFO (CTE): Constraints read successfully.
Ending "Constraint file reading stats" (total cpu=0:00:11.1, real=0:00:11.0, peak res=10809.2M, current mem=10809.2M)
Current (total cpu=0:06:41, real=0:05:34, peak res=10809.2M, current mem=10809.2M)
Current (total cpu=0:06:42, real=0:05:34, peak res=10809.2M, current mem=10809.2M)
INFO (CTE): Constraints read successfully.
Ending "Constraint file reading stats" (total cpu=0:00:03.5, real=0:00:03.0, peak res=10866.2M, current mem=10866.2M)
Current (total cpu=0:06:45, real=0:05:37, peak res=10866.2M, current mem=10866.2M)
Current (total cpu=0:06:45, real=0:05:38, peak res=10866.2M, current mem=10866.2M)
**WARN: (TCLCMD-1461):	Skipped unsupported command: set_units (File SDC/global_ports.sdc, Line 13).

INFO (CTE): Reading of timing constraints file SDC/global_ports.sdc completed, with 1 WARNING
Ending "Constraint file reading stats" (total cpu=0:00:00.1, real=0:00:00.0, peak res=10867.0M, current mem=10867.0M)
Current (total cpu=0:06:45, real=0:05:38, peak res=10867.0M, current mem=10867.0M)
Current (total cpu=0:06:45, real=0:05:38, peak res=10867.0M, current mem=10867.0M)
**WARN: (TCLCMD-1461):	Skipped unsupported command: set_units (File SDC/logical_tile_clb_mode_clb_.sdc, Line 13).

INFO (CTE): Reading of timing constraints file SDC/logical_tile_clb_mode_clb_.sdc completed, with 1 WARNING
Ending "Constraint file reading stats" (total cpu=0:00:20.8, real=0:00:21.0, peak res=10930.5M, current mem=10930.5M)
Current (total cpu=0:07:06, real=0:05:59, peak res=10930.5M, current mem=10930.5M)
Current (total cpu=0:07:06, real=0:05:59, peak res=10930.5M, current mem=10930.5M)
**WARN: (TCLCMD-1461):	Skipped unsupported command: set_units (File SDC/logical_tile_clb_mode_default__fle.sdc, Line 13).

INFO (CTE): Reading of timing constraints file SDC/logical_tile_clb_mode_default__fle.sdc completed, with 1 WARNING
Ending "Constraint file reading stats" (total cpu=0:00:00.1, real=0:00:00.0, peak res=10930.9M, current mem=10930.9M)
Current (total cpu=0:07:06, real=0:05:59, peak res=10930.9M, current mem=10930.9M)
Current (total cpu=0:07:06, real=0:05:59, peak res=10930.9M, current mem=10930.9M)
**WARN: (TCLCMD-1461):	Skipped unsupported command: set_units (File SDC/logical_tile_clb_mode_default__fle_mode_physical__fabric.sdc, Line 13).

INFO (CTE): Reading of timing constraints file SDC/logical_tile_clb_mode_default__fle_mode_physical__fabric.sdc completed, with 1 WARNING
Ending "Constraint file reading stats" (total cpu=0:00:00.1, real=0:00:00.0, peak res=10931.3M, current mem=10931.3M)
Current (total cpu=0:07:07, real=0:05:59, peak res=10931.3M, current mem=10931.3M)
Current (total cpu=0:07:07, real=0:05:59, peak res=10931.3M, current mem=10931.3M)
INFO (CTE): Constraints read successfully.
Ending "Constraint file reading stats" (total cpu=0:00:00.1, real=0:00:00.0, peak res=10932.1M, current mem=10932.1M)
Current (total cpu=0:07:07, real=0:05:59, peak res=10932.1M, current mem=10932.1M)
Current (total cpu=0:07:07, real=0:05:59, peak res=10932.1M, current mem=10932.1M)
INFO (CTE): Constraints read successfully.
WARNING (CTE-25): Line: 91 of File SDC/logical_tile_clb_mode_default__fle_mode_physical__fabric_mode_default__adder_1.sdc : Skipped unsupported command: grid_clb_3__9_/logical_tile_clb_mode_clb__0/logical_tile_clb_mode_default__fle_0/logical_tile_clb_mode_default__fle_mode_physical__fabric_0/logical_tile_clb_mode_default__fle_mode_physical__fabric_mode_default__adder_0


WARNING (CTE-25): Line: 135 of File SDC/logical_tile_clb_mode_default__fle_mode_physical__fabric_mode_default__adder_1.sdc : Skipped unsupported command: grid_clb_4__9_/logical_tile_clb_mode_clb__0/logical_tile_clb_mode_default__fle_0/logical_tile_clb_mode_default__fle_mode_physical__fabric_0/logical_tile_clb_mode_default__fle_mode_physical__fabric_mode_default__adder_0


WARNING (CTE-25): Line: 93 of File SDC/logical_tile_clb_mode_default__fle_mode_physical__fabric_mode_default__adder_1.sdc : Skipped unsupported command: grid_clb_3__9_/logical_tile_clb_mode_clb__0/logical_tile_clb_mode_default__fle_0/logical_tile_clb_mode_default__fle_mode_physical__fabric_0/logical_tile_clb_mode_default__fle_mode_physical__fabric_mode_default__adder_1


WARNING (CTE-25): Line: 179 of File SDC/logical_tile_clb_mode_default__fle_mode_physical__fabric_mode_default__adder_1.sdc : Skipped unsupported command: grid_clb_5__9_/logical_tile_clb_mode_clb__0/logical_tile_clb_mode_default__fle_0/logical_tile_clb_mode_default__fle_mode_physical__fabric_0/logical_tile_clb_mode_default__fle_mode_physical__fabric_mode_default__adder_0


WARNING (CTE-25): Line: 137 of File SDC/logical_tile_clb_mode_default__fle_mode_physical__fabric_mode_default__adder_1.sdc : Skipped unsupported command: grid_clb_4__9_/logical_tile_clb_mode_clb__0/logical_tile_clb_mode_default__fle_0/logical_tile_clb_mode_default__fle_mode_physical__fabric_0/logical_tile_clb_mode_default__fle_mode_physical__fabric_mode_default__adder_1


WARNING (CTE-25): Line: 199 of File SDC/logical_tile_clb_mode_default__fle_mode_physical__fabric_mode_default__adder_1.sdc : Skipped unsupported command: grid_clb_6__9_/logical_tile_clb_mode_clb__0/logical_tile_clb_mode_default__fle_0/logical_tile_clb_mode_default__fle_mode_physical__fabric_0/logical_tile_clb_mode_default__fle_mode_physical__fabric_mode_default__adder_0


WARNING (CTE-25): Line: 181 of File SDC/logical_tile_clb_mode_default__fle_mode_physical__fabric_mode_default__adder_1.sdc : Skipped unsupported command: grid_clb_5__9_/logical_tile_clb_mode_clb__0/logical_tile_clb_mode_default__fle_0/logical_tile_clb_mode_default__fle_mode_physical__fabric_0/logical_tile_clb_mode_default__fle_mode_physical__fabric_mode_default__adder_1


WARNING (CTE-25): Line: 35 of File SDC/logical_tile_clb_mode_default__fle_mode_physical__fabric_mode_default__adder_1.sdc : Skipped unsupported command: grid_clb_1__6_/logical_tile_clb_mode_clb__0/logical_tile_clb_mode_default__fle_0/logical_tile_clb_mode_default__fle_mode_physical__fabric_0/logical_tile_clb_mode_default__fle_mode_physical__fabric_mode_default__adder_0


WARNING (CTE-25): Line: 201 of File SDC/logical_tile_clb_mode_default__fle_mode_physical__fabric_mode_default__adder_1.sdc : Skipped unsupported command: grid_clb_6__9_/logical_tile_clb_mode_clb__0/logical_tile_clb_mode_default__fle_0/logical_tile_clb_mode_default__fle_mode_physical__fabric_0/logical_tile_clb_mode_default__fle_mode_physical__fabric_mode_default__adder_1


WARNING (CTE-25): Line: 37 of File SDC/logical_tile_clb_mode_default__fle_mode_physical__fabric_mode_default__adder_1.sdc : Skipped unsupported command: grid_clb_1__6_/logical_tile_clb_mode_clb__0/logical_tile_clb_mode_default__fle_0/logical_tile_clb_mode_default__fle_mode_physical__fabric_0/logical_tile_clb_mode_default__fle_mode_physical__fabric_mode_default__adder_1


WARNING (CTE-25): Line: 79 of File SDC/logical_tile_clb_mode_default__fle_mode_physical__fabric_mode_default__adder_1.sdc : Skipped unsupported command: grid_clb_3__6_/logical_tile_clb_mode_clb__0/logical_tile_clb_mode_default__fle_0/logical_tile_clb_mode_default__fle_mode_physical__fabric_0/logical_tile_clb_mode_default__fle_mode_physical__fabric_mode_default__adder_0


WARNING (CTE-25): Line: 123 of File SDC/logical_tile_clb_mode_default__fle_mode_physical__fabric_mode_default__adder_1.sdc : Skipped unsupported command: grid_clb_4__6_/logical_tile_clb_mode_clb__0/logical_tile_clb_mode_default__fle_0/logical_tile_clb_mode_default__fle_mode_physical__fabric_0/logical_tile_clb_mode_default__fle_mode_physical__fabric_mode_default__adder_0


WARNING (CTE-25): Line: 81 of File SDC/logical_tile_clb_mode_default__fle_mode_physical__fabric_mode_default__adder_1.sdc : Skipped unsupported command: grid_clb_3__6_/logical_tile_clb_mode_clb__0/logical_tile_clb_mode_default__fle_0/logical_tile_clb_mode_default__fle_mode_physical__fabric_0/logical_tile_clb_mode_default__fle_mode_physical__fabric_mode_default__adder_1


WARNING (CTE-25): Line: 167 of File SDC/logical_tile_clb_mode_default__fle_mode_physical__fabric_mode_default__adder_1.sdc : Skipped unsupported command: grid_clb_5__6_/logical_tile_clb_mode_clb__0/logical_tile_clb_mode_default__fle_0/logical_tile_clb_mode_default__fle_mode_physical__fabric_0/logical_tile_clb_mode_default__fle_mode_physical__fabric_mode_default__adder_0


WARNING (CTE-25): Line: 125 of File SDC/logical_tile_clb_mode_default__fle_mode_physical__fabric_mode_default__adder_1.sdc : Skipped unsupported command: grid_clb_4__6_/logical_tile_clb_mode_clb__0/logical_tile_clb_mode_default__fle_0/logical_tile_clb_mode_default__fle_mode_physical__fabric_0/logical_tile_clb_mode_default__fle_mode_physical__fabric_mode_default__adder_1


WARNING (CTE-25): Line: 169 of File SDC/logical_tile_clb_mode_default__fle_mode_physical__fabric_mode_default__adder_1.sdc : Skipped unsupported command: grid_clb_5__6_/logical_tile_clb_mode_clb__0/logical_tile_clb_mode_default__fle_0/logical_tile_clb_mode_default__fle_mode_physical__fabric_0/logical_tile_clb_mode_default__fle_mode_physical__fabric_mode_default__adder_1


WARNING (CTE-25): Line: 23 of File SDC/logical_tile_clb_mode_default__fle_mode_physical__fabric_mode_default__adder_1.sdc : Skipped unsupported command: grid_clb_1__3_/logical_tile_clb_mode_clb__0/logical_tile_clb_mode_default__fle_0/logical_tile_clb_mode_default__fle_mode_physical__fabric_0/logical_tile_clb_mode_default__fle_mode_physical__fabric_mode_default__adder_0


WARNING (CTE-25): Line: 25 of File SDC/logical_tile_clb_mode_default__fle_mode_physical__fabric_mode_default__adder_1.sdc : Skipped unsupported command: grid_clb_1__3_/logical_tile_clb_mode_clb__0/logical_tile_clb_mode_default__fle_0/logical_tile_clb_mode_default__fle_mode_physical__fabric_0/logical_tile_clb_mode_default__fle_mode_physical__fabric_mode_default__adder_1


WARNING (CTE-25): Line: 99 of File SDC/logical_tile_clb_mode_default__fle_mode_physical__fabric_mode_default__adder_1.sdc : Skipped unsupported command: grid_clb_3__11_/logical_tile_clb_mode_clb__0/logical_tile_clb_mode_default__fle_0/logical_tile_clb_mode_default__fle_mode_physical__fabric_0/logical_tile_clb_mode_default__fle_mode_physical__fabric_mode_default__adder_0


WARNING (CTE-25): Line: 67 of File SDC/logical_tile_clb_mode_default__fle_mode_physical__fabric_mode_default__adder_1.sdc : Skipped unsupported command: grid_clb_3__3_/logical_tile_clb_mode_clb__0/logical_tile_clb_mode_default__fle_0/logical_tile_clb_mode_default__fle_mode_physical__fabric_0/logical_tile_clb_mode_default__fle_mode_physical__fabric_mode_default__adder_0


WARNING (CTE-25): Line: 101 of File SDC/logical_tile_clb_mode_default__fle_mode_physical__fabric_mode_default__adder_1.sdc : Skipped unsupported command: grid_clb_3__11_/logical_tile_clb_mode_clb__0/logical_tile_clb_mode_default__fle_0/logical_tile_clb_mode_default__fle_mode_physical__fabric_0/logical_tile_clb_mode_default__fle_mode_physical__fabric_mode_default__adder_1


WARNING (CTE-25): Line: 111 of File SDC/logical_tile_clb_mode_default__fle_mode_physical__fabric_mode_default__adder_1.sdc : Skipped unsupported command: grid_clb_4__3_/logical_tile_clb_mode_clb__0/logical_tile_clb_mode_default__fle_0/logical_tile_clb_mode_default__fle_mode_physical__fabric_0/logical_tile_clb_mode_default__fle_mode_physical__fabric_mode_default__adder_0


WARNING (CTE-25): Line: 69 of File SDC/logical_tile_clb_mode_default__fle_mode_physical__fabric_mode_default__adder_1.sdc : Skipped unsupported command: grid_clb_3__3_/logical_tile_clb_mode_clb__0/logical_tile_clb_mode_default__fle_0/logical_tile_clb_mode_default__fle_mode_physical__fabric_0/logical_tile_clb_mode_default__fle_mode_physical__fabric_mode_default__adder_1


WARNING (CTE-25): Line: 155 of File SDC/logical_tile_clb_mode_default__fle_mode_physical__fabric_mode_default__adder_1.sdc : Skipped unsupported command: grid_clb_5__3_/logical_tile_clb_mode_clb__0/logical_tile_clb_mode_default__fle_0/logical_tile_clb_mode_default__fle_mode_physical__fabric_0/logical_tile_clb_mode_default__fle_mode_physical__fabric_mode_default__adder_0


WARNING (CTE-25): Line: 113 of File SDC/logical_tile_clb_mode_default__fle_mode_physical__fabric_mode_default__adder_1.sdc : Skipped unsupported command: grid_clb_4__3_/logical_tile_clb_mode_clb__0/logical_tile_clb_mode_default__fle_0/logical_tile_clb_mode_default__fle_mode_physical__fabric_0/logical_tile_clb_mode_default__fle_mode_physical__fabric_mode_default__adder_1


WARNING (CTE-25): Line: 157 of File SDC/logical_tile_clb_mode_default__fle_mode_physical__fabric_mode_default__adder_1.sdc : Skipped unsupported command: grid_clb_5__3_/logical_tile_clb_mode_clb__0/logical_tile_clb_mode_default__fle_0/logical_tile_clb_mode_default__fle_mode_physical__fabric_0/logical_tile_clb_mode_default__fle_mode_physical__fabric_mode_default__adder_1


WARNING (CTE-25): Line: 51 of File SDC/logical_tile_clb_mode_default__fle_mode_physical__fabric_mode_default__adder_1.sdc : Skipped unsupported command: grid_clb_1__10_/logical_tile_clb_mode_clb__0/logical_tile_clb_mode_default__fle_0/logical_tile_clb_mode_default__fle_mode_physical__fabric_0/logical_tile_clb_mode_default__fle_mode_physical__fabric_mode_default__adder_0


WARNING (CTE-25): Line: 53 of File SDC/logical_tile_clb_mode_default__fle_mode_physical__fabric_mode_default__adder_1.sdc : Skipped unsupported command: grid_clb_1__10_/logical_tile_clb_mode_clb__0/logical_tile_clb_mode_default__fle_0/logical_tile_clb_mode_default__fle_mode_physical__fabric_0/logical_tile_clb_mode_default__fle_mode_physical__fabric_mode_default__adder_1


WARNING (CTE-25): Line: 143 of File SDC/logical_tile_clb_mode_default__fle_mode_physical__fabric_mode_default__adder_1.sdc : Skipped unsupported command: grid_clb_4__11_/logical_tile_clb_mode_clb__0/logical_tile_clb_mode_default__fle_0/logical_tile_clb_mode_default__fle_mode_physical__fabric_0/logical_tile_clb_mode_default__fle_mode_physical__fabric_mode_default__adder_0


WARNING (CTE-25): Line: 145 of File SDC/logical_tile_clb_mode_default__fle_mode_physical__fabric_mode_default__adder_1.sdc : Skipped unsupported command: grid_clb_4__11_/logical_tile_clb_mode_clb__0/logical_tile_clb_mode_default__fle_0/logical_tile_clb_mode_default__fle_mode_physical__fabric_0/logical_tile_clb_mode_default__fle_mode_physical__fabric_mode_default__adder_1


WARNING (CTE-25): Line: 43 of File SDC/logical_tile_clb_mode_default__fle_mode_physical__fabric_mode_default__adder_1.sdc : Skipped unsupported command: grid_clb_1__8_/logical_tile_clb_mode_clb__0/logical_tile_clb_mode_default__fle_0/logical_tile_clb_mode_default__fle_mode_physical__fabric_0/logical_tile_clb_mode_default__fle_mode_physical__fabric_mode_default__adder_0


WARNING (CTE-25): Line: 45 of File SDC/logical_tile_clb_mode_default__fle_mode_physical__fabric_mode_default__adder_1.sdc : Skipped unsupported command: grid_clb_1__8_/logical_tile_clb_mode_clb__0/logical_tile_clb_mode_default__fle_0/logical_tile_clb_mode_default__fle_mode_physical__fabric_0/logical_tile_clb_mode_default__fle_mode_physical__fabric_mode_default__adder_1


WARNING (CTE-25): Line: 87 of File SDC/logical_tile_clb_mode_default__fle_mode_physical__fabric_mode_default__adder_1.sdc : Skipped unsupported command: grid_clb_3__8_/logical_tile_clb_mode_clb__0/logical_tile_clb_mode_default__fle_0/logical_tile_clb_mode_default__fle_mode_physical__fabric_0/logical_tile_clb_mode_default__fle_mode_physical__fabric_mode_default__adder_0


WARNING (CTE-25): Line: 131 of File SDC/logical_tile_clb_mode_default__fle_mode_physical__fabric_mode_default__adder_1.sdc : Skipped unsupported command: grid_clb_4__8_/logical_tile_clb_mode_clb__0/logical_tile_clb_mode_default__fle_0/logical_tile_clb_mode_default__fle_mode_physical__fabric_0/logical_tile_clb_mode_default__fle_mode_physical__fabric_mode_default__adder_0


WARNING (CTE-25): Line: 89 of File SDC/logical_tile_clb_mode_default__fle_mode_physical__fabric_mode_default__adder_1.sdc : Skipped unsupported command: grid_clb_3__8_/logical_tile_clb_mode_clb__0/logical_tile_clb_mode_default__fle_0/logical_tile_clb_mode_default__fle_mode_physical__fabric_0/logical_tile_clb_mode_default__fle_mode_physical__fabric_mode_default__adder_1


WARNING (CTE-25): Line: 175 of File SDC/logical_tile_clb_mode_default__fle_mode_physical__fabric_mode_default__adder_1.sdc : Skipped unsupported command: grid_clb_5__8_/logical_tile_clb_mode_clb__0/logical_tile_clb_mode_default__fle_0/logical_tile_clb_mode_default__fle_mode_physical__fabric_0/logical_tile_clb_mode_default__fle_mode_physical__fabric_mode_default__adder_0


WARNING (CTE-25): Line: 133 of File SDC/logical_tile_clb_mode_default__fle_mode_physical__fabric_mode_default__adder_1.sdc : Skipped unsupported command: grid_clb_4__8_/logical_tile_clb_mode_clb__0/logical_tile_clb_mode_default__fle_0/logical_tile_clb_mode_default__fle_mode_physical__fabric_0/logical_tile_clb_mode_default__fle_mode_physical__fabric_mode_default__adder_1


WARNING (CTE-25): Line: 195 of File SDC/logical_tile_clb_mode_default__fle_mode_physical__fabric_mode_default__adder_1.sdc : Skipped unsupported command: grid_clb_6__8_/logical_tile_clb_mode_clb__0/logical_tile_clb_mode_default__fle_0/logical_tile_clb_mode_default__fle_mode_physical__fabric_0/logical_tile_clb_mode_default__fle_mode_physical__fabric_mode_default__adder_0


WARNING (CTE-25): Line: 177 of File SDC/logical_tile_clb_mode_default__fle_mode_physical__fabric_mode_default__adder_1.sdc : Skipped unsupported command: grid_clb_5__8_/logical_tile_clb_mode_clb__0/logical_tile_clb_mode_default__fle_0/logical_tile_clb_mode_default__fle_mode_physical__fabric_0/logical_tile_clb_mode_default__fle_mode_physical__fabric_mode_default__adder_1


WARNING (CTE-25): Line: 31 of File SDC/logical_tile_clb_mode_default__fle_mode_physical__fabric_mode_default__adder_1.sdc : Skipped unsupported command: grid_clb_1__5_/logical_tile_clb_mode_clb__0/logical_tile_clb_mode_default__fle_0/logical_tile_clb_mode_default__fle_mode_physical__fabric_0/logical_tile_clb_mode_default__fle_mode_physical__fabric_mode_default__adder_0


WARNING (CTE-25): Line: 197 of File SDC/logical_tile_clb_mode_default__fle_mode_physical__fabric_mode_default__adder_1.sdc : Skipped unsupported command: grid_clb_6__8_/logical_tile_clb_mode_clb__0/logical_tile_clb_mode_default__fle_0/logical_tile_clb_mode_default__fle_mode_physical__fabric_0/logical_tile_clb_mode_default__fle_mode_physical__fabric_mode_default__adder_1


WARNING (CTE-25): Line: 187 of File SDC/logical_tile_clb_mode_default__fle_mode_physical__fabric_mode_default__adder_1.sdc : Skipped unsupported command: grid_clb_5__11_/logical_tile_clb_mode_clb__0/logical_tile_clb_mode_default__fle_0/logical_tile_clb_mode_default__fle_mode_physical__fabric_0/logical_tile_clb_mode_default__fle_mode_physical__fabric_mode_default__adder_0


WARNING (CTE-25): Line: 33 of File SDC/logical_tile_clb_mode_default__fle_mode_physical__fabric_mode_default__adder_1.sdc : Skipped unsupported command: grid_clb_1__5_/logical_tile_clb_mode_clb__0/logical_tile_clb_mode_default__fle_0/logical_tile_clb_mode_default__fle_mode_physical__fabric_0/logical_tile_clb_mode_default__fle_mode_physical__fabric_mode_default__adder_1


WARNING (CTE-25): Line: 189 of File SDC/logical_tile_clb_mode_default__fle_mode_physical__fabric_mode_default__adder_1.sdc : Skipped unsupported command: grid_clb_5__11_/logical_tile_clb_mode_clb__0/logical_tile_clb_mode_default__fle_0/logical_tile_clb_mode_default__fle_mode_physical__fabric_0/logical_tile_clb_mode_default__fle_mode_physical__fabric_mode_default__adder_1


WARNING (CTE-25): Line: 75 of File SDC/logical_tile_clb_mode_default__fle_mode_physical__fabric_mode_default__adder_1.sdc : Skipped unsupported command: grid_clb_3__5_/logical_tile_clb_mode_clb__0/logical_tile_clb_mode_default__fle_0/logical_tile_clb_mode_default__fle_mode_physical__fabric_0/logical_tile_clb_mode_default__fle_mode_physical__fabric_mode_default__adder_0


WARNING (CTE-25): Line: 119 of File SDC/logical_tile_clb_mode_default__fle_mode_physical__fabric_mode_default__adder_1.sdc : Skipped unsupported command: grid_clb_4__5_/logical_tile_clb_mode_clb__0/logical_tile_clb_mode_default__fle_0/logical_tile_clb_mode_default__fle_mode_physical__fabric_0/logical_tile_clb_mode_default__fle_mode_physical__fabric_mode_default__adder_0


WARNING (CTE-25): Line: 77 of File SDC/logical_tile_clb_mode_default__fle_mode_physical__fabric_mode_default__adder_1.sdc : Skipped unsupported command: grid_clb_3__5_/logical_tile_clb_mode_clb__0/logical_tile_clb_mode_default__fle_0/logical_tile_clb_mode_default__fle_mode_physical__fabric_0/logical_tile_clb_mode_default__fle_mode_physical__fabric_mode_default__adder_1


WARNING (CTE-25): Line: 163 of File SDC/logical_tile_clb_mode_default__fle_mode_physical__fabric_mode_default__adder_1.sdc : Skipped unsupported command: grid_clb_5__5_/logical_tile_clb_mode_clb__0/logical_tile_clb_mode_default__fle_0/logical_tile_clb_mode_default__fle_mode_physical__fabric_0/logical_tile_clb_mode_default__fle_mode_physical__fabric_mode_default__adder_0


WARNING (CTE-25): Line: 121 of File SDC/logical_tile_clb_mode_default__fle_mode_physical__fabric_mode_default__adder_1.sdc : Skipped unsupported command: grid_clb_4__5_/logical_tile_clb_mode_clb__0/logical_tile_clb_mode_default__fle_0/logical_tile_clb_mode_default__fle_mode_physical__fabric_0/logical_tile_clb_mode_default__fle_mode_physical__fabric_mode_default__adder_1


WARNING (CTE-25): Line: 165 of File SDC/logical_tile_clb_mode_default__fle_mode_physical__fabric_mode_default__adder_1.sdc : Skipped unsupported command: grid_clb_5__5_/logical_tile_clb_mode_clb__0/logical_tile_clb_mode_default__fle_0/logical_tile_clb_mode_default__fle_mode_physical__fabric_0/logical_tile_clb_mode_default__fle_mode_physical__fabric_mode_default__adder_1


WARNING (CTE-25): Line: 19 of File SDC/logical_tile_clb_mode_default__fle_mode_physical__fabric_mode_default__adder_1.sdc : Skipped unsupported command: grid_clb_1__2_/logical_tile_clb_mode_clb__0/logical_tile_clb_mode_default__fle_0/logical_tile_clb_mode_default__fle_mode_physical__fabric_0/logical_tile_clb_mode_default__fle_mode_physical__fabric_mode_default__adder_0


WARNING (CTE-25): Line: 21 of File SDC/logical_tile_clb_mode_default__fle_mode_physical__fabric_mode_default__adder_1.sdc : Skipped unsupported command: grid_clb_1__2_/logical_tile_clb_mode_clb__0/logical_tile_clb_mode_default__fle_0/logical_tile_clb_mode_default__fle_mode_physical__fabric_0/logical_tile_clb_mode_default__fle_mode_physical__fabric_mode_default__adder_1


WARNING (CTE-25): Line: 95 of File SDC/logical_tile_clb_mode_default__fle_mode_physical__fabric_mode_default__adder_1.sdc : Skipped unsupported command: grid_clb_3__10_/logical_tile_clb_mode_clb__0/logical_tile_clb_mode_default__fle_0/logical_tile_clb_mode_default__fle_mode_physical__fabric_0/logical_tile_clb_mode_default__fle_mode_physical__fabric_mode_default__adder_0


WARNING (CTE-25): Line: 63 of File SDC/logical_tile_clb_mode_default__fle_mode_physical__fabric_mode_default__adder_1.sdc : Skipped unsupported command: grid_clb_3__2_/logical_tile_clb_mode_clb__0/logical_tile_clb_mode_default__fle_0/logical_tile_clb_mode_default__fle_mode_physical__fabric_0/logical_tile_clb_mode_default__fle_mode_physical__fabric_mode_default__adder_0


WARNING (CTE-25): Line: 97 of File SDC/logical_tile_clb_mode_default__fle_mode_physical__fabric_mode_default__adder_1.sdc : Skipped unsupported command: grid_clb_3__10_/logical_tile_clb_mode_clb__0/logical_tile_clb_mode_default__fle_0/logical_tile_clb_mode_default__fle_mode_physical__fabric_0/logical_tile_clb_mode_default__fle_mode_physical__fabric_mode_default__adder_1


WARNING (CTE-25): Line: 65 of File SDC/logical_tile_clb_mode_default__fle_mode_physical__fabric_mode_default__adder_1.sdc : Skipped unsupported command: grid_clb_3__2_/logical_tile_clb_mode_clb__0/logical_tile_clb_mode_default__fle_0/logical_tile_clb_mode_default__fle_mode_physical__fabric_0/logical_tile_clb_mode_default__fle_mode_physical__fabric_mode_default__adder_1


WARNING (CTE-25): Line: 107 of File SDC/logical_tile_clb_mode_default__fle_mode_physical__fabric_mode_default__adder_1.sdc : Skipped unsupported command: grid_clb_4__2_/logical_tile_clb_mode_clb__0/logical_tile_clb_mode_default__fle_0/logical_tile_clb_mode_default__fle_mode_physical__fabric_0/logical_tile_clb_mode_default__fle_mode_physical__fabric_mode_default__adder_0


WARNING (CTE-25): Line: 151 of File SDC/logical_tile_clb_mode_default__fle_mode_physical__fabric_mode_default__adder_1.sdc : Skipped unsupported command: grid_clb_5__2_/logical_tile_clb_mode_clb__0/logical_tile_clb_mode_default__fle_0/logical_tile_clb_mode_default__fle_mode_physical__fabric_0/logical_tile_clb_mode_default__fle_mode_physical__fabric_mode_default__adder_0


WARNING (CTE-25): Line: 109 of File SDC/logical_tile_clb_mode_default__fle_mode_physical__fabric_mode_default__adder_1.sdc : Skipped unsupported command: grid_clb_4__2_/logical_tile_clb_mode_clb__0/logical_tile_clb_mode_default__fle_0/logical_tile_clb_mode_default__fle_mode_physical__fabric_0/logical_tile_clb_mode_default__fle_mode_physical__fabric_mode_default__adder_1


WARNING (CTE-25): Line: 207 of File SDC/logical_tile_clb_mode_default__fle_mode_physical__fabric_mode_default__adder_1.sdc : Skipped unsupported command: grid_clb_6__11_/logical_tile_clb_mode_clb__0/logical_tile_clb_mode_default__fle_0/logical_tile_clb_mode_default__fle_mode_physical__fabric_0/logical_tile_clb_mode_default__fle_mode_physical__fabric_mode_default__adder_0


WARNING (CTE-25): Line: 153 of File SDC/logical_tile_clb_mode_default__fle_mode_physical__fabric_mode_default__adder_1.sdc : Skipped unsupported command: grid_clb_5__2_/logical_tile_clb_mode_clb__0/logical_tile_clb_mode_default__fle_0/logical_tile_clb_mode_default__fle_mode_physical__fabric_0/logical_tile_clb_mode_default__fle_mode_physical__fabric_mode_default__adder_1


WARNING (CTE-25): Line: 209 of File SDC/logical_tile_clb_mode_default__fle_mode_physical__fabric_mode_default__adder_1.sdc : Skipped unsupported command: grid_clb_6__11_/logical_tile_clb_mode_clb__0/logical_tile_clb_mode_default__fle_0/logical_tile_clb_mode_default__fle_mode_physical__fabric_0/logical_tile_clb_mode_default__fle_mode_physical__fabric_mode_default__adder_1


WARNING (CTE-25): Line: 139 of File SDC/logical_tile_clb_mode_default__fle_mode_physical__fabric_mode_default__adder_1.sdc : Skipped unsupported command: grid_clb_4__10_/logical_tile_clb_mode_clb__0/logical_tile_clb_mode_default__fle_0/logical_tile_clb_mode_default__fle_mode_physical__fabric_0/logical_tile_clb_mode_default__fle_mode_physical__fabric_mode_default__adder_0


WARNING (CTE-25): Line: 141 of File SDC/logical_tile_clb_mode_default__fle_mode_physical__fabric_mode_default__adder_1.sdc : Skipped unsupported command: grid_clb_4__10_/logical_tile_clb_mode_clb__0/logical_tile_clb_mode_default__fle_0/logical_tile_clb_mode_default__fle_mode_physical__fabric_0/logical_tile_clb_mode_default__fle_mode_physical__fabric_mode_default__adder_1


WARNING (CTE-25): Line: 39 of File SDC/logical_tile_clb_mode_default__fle_mode_physical__fabric_mode_default__adder_1.sdc : Skipped unsupported command: grid_clb_1__7_/logical_tile_clb_mode_clb__0/logical_tile_clb_mode_default__fle_0/logical_tile_clb_mode_default__fle_mode_physical__fabric_0/logical_tile_clb_mode_default__fle_mode_physical__fabric_mode_default__adder_0


WARNING (CTE-25): Line: 41 of File SDC/logical_tile_clb_mode_default__fle_mode_physical__fabric_mode_default__adder_1.sdc : Skipped unsupported command: grid_clb_1__7_/logical_tile_clb_mode_clb__0/logical_tile_clb_mode_default__fle_0/logical_tile_clb_mode_default__fle_mode_physical__fabric_0/logical_tile_clb_mode_default__fle_mode_physical__fabric_mode_default__adder_1


WARNING (CTE-25): Line: 83 of File SDC/logical_tile_clb_mode_default__fle_mode_physical__fabric_mode_default__adder_1.sdc : Skipped unsupported command: grid_clb_3__7_/logical_tile_clb_mode_clb__0/logical_tile_clb_mode_default__fle_0/logical_tile_clb_mode_default__fle_mode_physical__fabric_0/logical_tile_clb_mode_default__fle_mode_physical__fabric_mode_default__adder_0


WARNING (CTE-25): Line: 127 of File SDC/logical_tile_clb_mode_default__fle_mode_physical__fabric_mode_default__adder_1.sdc : Skipped unsupported command: grid_clb_4__7_/logical_tile_clb_mode_clb__0/logical_tile_clb_mode_default__fle_0/logical_tile_clb_mode_default__fle_mode_physical__fabric_0/logical_tile_clb_mode_default__fle_mode_physical__fabric_mode_default__adder_0


WARNING (CTE-25): Line: 85 of File SDC/logical_tile_clb_mode_default__fle_mode_physical__fabric_mode_default__adder_1.sdc : Skipped unsupported command: grid_clb_3__7_/logical_tile_clb_mode_clb__0/logical_tile_clb_mode_default__fle_0/logical_tile_clb_mode_default__fle_mode_physical__fabric_0/logical_tile_clb_mode_default__fle_mode_physical__fabric_mode_default__adder_1


WARNING (CTE-25): Line: 171 of File SDC/logical_tile_clb_mode_default__fle_mode_physical__fabric_mode_default__adder_1.sdc : Skipped unsupported command: grid_clb_5__7_/logical_tile_clb_mode_clb__0/logical_tile_clb_mode_default__fle_0/logical_tile_clb_mode_default__fle_mode_physical__fabric_0/logical_tile_clb_mode_default__fle_mode_physical__fabric_mode_default__adder_0


WARNING (CTE-25): Line: 129 of File SDC/logical_tile_clb_mode_default__fle_mode_physical__fabric_mode_default__adder_1.sdc : Skipped unsupported command: grid_clb_4__7_/logical_tile_clb_mode_clb__0/logical_tile_clb_mode_default__fle_0/logical_tile_clb_mode_default__fle_mode_physical__fabric_0/logical_tile_clb_mode_default__fle_mode_physical__fabric_mode_default__adder_1


WARNING (CTE-25): Line: 191 of File SDC/logical_tile_clb_mode_default__fle_mode_physical__fabric_mode_default__adder_1.sdc : Skipped unsupported command: grid_clb_6__7_/logical_tile_clb_mode_clb__0/logical_tile_clb_mode_default__fle_0/logical_tile_clb_mode_default__fle_mode_physical__fabric_0/logical_tile_clb_mode_default__fle_mode_physical__fabric_mode_default__adder_0


WARNING (CTE-25): Line: 173 of File SDC/logical_tile_clb_mode_default__fle_mode_physical__fabric_mode_default__adder_1.sdc : Skipped unsupported command: grid_clb_5__7_/logical_tile_clb_mode_clb__0/logical_tile_clb_mode_default__fle_0/logical_tile_clb_mode_default__fle_mode_physical__fabric_0/logical_tile_clb_mode_default__fle_mode_physical__fabric_mode_default__adder_1


WARNING (CTE-25): Line: 27 of File SDC/logical_tile_clb_mode_default__fle_mode_physical__fabric_mode_default__adder_1.sdc : Skipped unsupported command: grid_clb_1__4_/logical_tile_clb_mode_clb__0/logical_tile_clb_mode_default__fle_0/logical_tile_clb_mode_default__fle_mode_physical__fabric_0/logical_tile_clb_mode_default__fle_mode_physical__fabric_mode_default__adder_0


WARNING (CTE-25): Line: 193 of File SDC/logical_tile_clb_mode_default__fle_mode_physical__fabric_mode_default__adder_1.sdc : Skipped unsupported command: grid_clb_6__7_/logical_tile_clb_mode_clb__0/logical_tile_clb_mode_default__fle_0/logical_tile_clb_mode_default__fle_mode_physical__fabric_0/logical_tile_clb_mode_default__fle_mode_physical__fabric_mode_default__adder_1


WARNING (CTE-25): Line: 183 of File SDC/logical_tile_clb_mode_default__fle_mode_physical__fabric_mode_default__adder_1.sdc : Skipped unsupported command: grid_clb_5__10_/logical_tile_clb_mode_clb__0/logical_tile_clb_mode_default__fle_0/logical_tile_clb_mode_default__fle_mode_physical__fabric_0/logical_tile_clb_mode_default__fle_mode_physical__fabric_mode_default__adder_0


WARNING (CTE-25): Line: 29 of File SDC/logical_tile_clb_mode_default__fle_mode_physical__fabric_mode_default__adder_1.sdc : Skipped unsupported command: grid_clb_1__4_/logical_tile_clb_mode_clb__0/logical_tile_clb_mode_default__fle_0/logical_tile_clb_mode_default__fle_mode_physical__fabric_0/logical_tile_clb_mode_default__fle_mode_physical__fabric_mode_default__adder_1


WARNING (CTE-25): Line: 185 of File SDC/logical_tile_clb_mode_default__fle_mode_physical__fabric_mode_default__adder_1.sdc : Skipped unsupported command: grid_clb_5__10_/logical_tile_clb_mode_clb__0/logical_tile_clb_mode_default__fle_0/logical_tile_clb_mode_default__fle_mode_physical__fabric_0/logical_tile_clb_mode_default__fle_mode_physical__fabric_mode_default__adder_1


WARNING (CTE-25): Line: 71 of File SDC/logical_tile_clb_mode_default__fle_mode_physical__fabric_mode_default__adder_1.sdc : Skipped unsupported command: grid_clb_3__4_/logical_tile_clb_mode_clb__0/logical_tile_clb_mode_default__fle_0/logical_tile_clb_mode_default__fle_mode_physical__fabric_0/logical_tile_clb_mode_default__fle_mode_physical__fabric_mode_default__adder_0


WARNING (CTE-25): Line: 115 of File SDC/logical_tile_clb_mode_default__fle_mode_physical__fabric_mode_default__adder_1.sdc : Skipped unsupported command: grid_clb_4__4_/logical_tile_clb_mode_clb__0/logical_tile_clb_mode_default__fle_0/logical_tile_clb_mode_default__fle_mode_physical__fabric_0/logical_tile_clb_mode_default__fle_mode_physical__fabric_mode_default__adder_0


WARNING (CTE-25): Line: 73 of File SDC/logical_tile_clb_mode_default__fle_mode_physical__fabric_mode_default__adder_1.sdc : Skipped unsupported command: grid_clb_3__4_/logical_tile_clb_mode_clb__0/logical_tile_clb_mode_default__fle_0/logical_tile_clb_mode_default__fle_mode_physical__fabric_0/logical_tile_clb_mode_default__fle_mode_physical__fabric_mode_default__adder_1


WARNING (CTE-25): Line: 159 of File SDC/logical_tile_clb_mode_default__fle_mode_physical__fabric_mode_default__adder_1.sdc : Skipped unsupported command: grid_clb_5__4_/logical_tile_clb_mode_clb__0/logical_tile_clb_mode_default__fle_0/logical_tile_clb_mode_default__fle_mode_physical__fabric_0/logical_tile_clb_mode_default__fle_mode_physical__fabric_mode_default__adder_0


WARNING (CTE-25): Line: 117 of File SDC/logical_tile_clb_mode_default__fle_mode_physical__fabric_mode_default__adder_1.sdc : Skipped unsupported command: grid_clb_4__4_/logical_tile_clb_mode_clb__0/logical_tile_clb_mode_default__fle_0/logical_tile_clb_mode_default__fle_mode_physical__fabric_0/logical_tile_clb_mode_default__fle_mode_physical__fabric_mode_default__adder_1


WARNING (CTE-25): Line: 161 of File SDC/logical_tile_clb_mode_default__fle_mode_physical__fabric_mode_default__adder_1.sdc : Skipped unsupported command: grid_clb_5__4_/logical_tile_clb_mode_clb__0/logical_tile_clb_mode_default__fle_0/logical_tile_clb_mode_default__fle_mode_physical__fabric_0/logical_tile_clb_mode_default__fle_mode_physical__fabric_mode_default__adder_1


WARNING (CTE-25): Line: 15 of File SDC/logical_tile_clb_mode_default__fle_mode_physical__fabric_mode_default__adder_1.sdc : Skipped unsupported command: grid_clb_1__1_/logical_tile_clb_mode_clb__0/logical_tile_clb_mode_default__fle_0/logical_tile_clb_mode_default__fle_mode_physical__fabric_0/logical_tile_clb_mode_default__fle_mode_physical__fabric_mode_default__adder_0


WARNING (CTE-25): Line: 17 of File SDC/logical_tile_clb_mode_default__fle_mode_physical__fabric_mode_default__adder_1.sdc : Skipped unsupported command: grid_clb_1__1_/logical_tile_clb_mode_clb__0/logical_tile_clb_mode_default__fle_0/logical_tile_clb_mode_default__fle_mode_physical__fabric_0/logical_tile_clb_mode_default__fle_mode_physical__fabric_mode_default__adder_1


WARNING (CTE-25): Line: 55 of File SDC/logical_tile_clb_mode_default__fle_mode_physical__fabric_mode_default__adder_1.sdc : Skipped unsupported command: grid_clb_1__11_/logical_tile_clb_mode_clb__0/logical_tile_clb_mode_default__fle_0/logical_tile_clb_mode_default__fle_mode_physical__fabric_0/logical_tile_clb_mode_default__fle_mode_physical__fabric_mode_default__adder_0


WARNING (CTE-25): Line: 57 of File SDC/logical_tile_clb_mode_default__fle_mode_physical__fabric_mode_default__adder_1.sdc : Skipped unsupported command: grid_clb_1__11_/logical_tile_clb_mode_clb__0/logical_tile_clb_mode_default__fle_0/logical_tile_clb_mode_default__fle_mode_physical__fabric_0/logical_tile_clb_mode_default__fle_mode_physical__fabric_mode_default__adder_1


WARNING (CTE-25): Line: 59 of File SDC/logical_tile_clb_mode_default__fle_mode_physical__fabric_mode_default__adder_1.sdc : Skipped unsupported command: grid_clb_3__1_/logical_tile_clb_mode_clb__0/logical_tile_clb_mode_default__fle_0/logical_tile_clb_mode_default__fle_mode_physical__fabric_0/logical_tile_clb_mode_default__fle_mode_physical__fabric_mode_default__adder_0


WARNING (CTE-25): Line: 61 of File SDC/logical_tile_clb_mode_default__fle_mode_physical__fabric_mode_default__adder_1.sdc : Skipped unsupported command: grid_clb_3__1_/logical_tile_clb_mode_clb__0/logical_tile_clb_mode_default__fle_0/logical_tile_clb_mode_default__fle_mode_physical__fabric_0/logical_tile_clb_mode_default__fle_mode_physical__fabric_mode_default__adder_1


WARNING (CTE-25): Line: 103 of File SDC/logical_tile_clb_mode_default__fle_mode_physical__fabric_mode_default__adder_1.sdc : Skipped unsupported command: grid_clb_4__1_/logical_tile_clb_mode_clb__0/logical_tile_clb_mode_default__fle_0/logical_tile_clb_mode_default__fle_mode_physical__fabric_0/logical_tile_clb_mode_default__fle_mode_physical__fabric_mode_default__adder_0


WARNING (CTE-25): Line: 147 of File SDC/logical_tile_clb_mode_default__fle_mode_physical__fabric_mode_default__adder_1.sdc : Skipped unsupported command: grid_clb_5__1_/logical_tile_clb_mode_clb__0/logical_tile_clb_mode_default__fle_0/logical_tile_clb_mode_default__fle_mode_physical__fabric_0/logical_tile_clb_mode_default__fle_mode_physical__fabric_mode_default__adder_0


WARNING (CTE-25): Line: 105 of File SDC/logical_tile_clb_mode_default__fle_mode_physical__fabric_mode_default__adder_1.sdc : Skipped unsupported command: grid_clb_4__1_/logical_tile_clb_mode_clb__0/logical_tile_clb_mode_default__fle_0/logical_tile_clb_mode_default__fle_mode_physical__fabric_0/logical_tile_clb_mode_default__fle_mode_physical__fabric_mode_default__adder_1


WARNING (CTE-25): Line: 203 of File SDC/logical_tile_clb_mode_default__fle_mode_physical__fabric_mode_default__adder_1.sdc : Skipped unsupported command: grid_clb_6__10_/logical_tile_clb_mode_clb__0/logical_tile_clb_mode_default__fle_0/logical_tile_clb_mode_default__fle_mode_physical__fabric_0/logical_tile_clb_mode_default__fle_mode_physical__fabric_mode_default__adder_0


WARNING (CTE-25): Line: 149 of File SDC/logical_tile_clb_mode_default__fle_mode_physical__fabric_mode_default__adder_1.sdc : Skipped unsupported command: grid_clb_5__1_/logical_tile_clb_mode_clb__0/logical_tile_clb_mode_default__fle_0/logical_tile_clb_mode_default__fle_mode_physical__fabric_0/logical_tile_clb_mode_default__fle_mode_physical__fabric_mode_default__adder_1


WARNING (CTE-25): Line: 211 of File SDC/logical_tile_clb_mode_default__fle_mode_physical__fabric_mode_default__adder_1.sdc : Skipped unsupported command: grid_clb_7__1_/logical_tile_clb_mode_clb__0/logical_tile_clb_mode_default__fle_0/logical_tile_clb_mode_default__fle_mode_physical__fabric_0/logical_tile_clb_mode_default__fle_mode_physical__fabric_mode_default__adder_0


WARNING (CTE-25): Line: 205 of File SDC/logical_tile_clb_mode_default__fle_mode_physical__fabric_mode_default__adder_1.sdc : Skipped unsupported command: grid_clb_6__10_/logical_tile_clb_mode_clb__0/logical_tile_clb_mode_default__fle_0/logical_tile_clb_mode_default__fle_mode_physical__fabric_0/logical_tile_clb_mode_default__fle_mode_physical__fabric_mode_default__adder_1


WARNING (CTE-25): Line: 213 of File SDC/logical_tile_clb_mode_default__fle_mode_physical__fabric_mode_default__adder_1.sdc : Skipped unsupported command: grid_clb_7__1_/logical_tile_clb_mode_clb__0/logical_tile_clb_mode_default__fle_0/logical_tile_clb_mode_default__fle_mode_physical__fabric_0/logical_tile_clb_mode_default__fle_mode_physical__fabric_mode_default__adder_1


WARNING (CTE-25): Line: 47 of File SDC/logical_tile_clb_mode_default__fle_mode_physical__fabric_mode_default__adder_1.sdc : Skipped unsupported command: grid_clb_1__9_/logical_tile_clb_mode_clb__0/logical_tile_clb_mode_default__fle_0/logical_tile_clb_mode_default__fle_mode_physical__fabric_0/logical_tile_clb_mode_default__fle_mode_physical__fabric_mode_default__adder_0


WARNING (CTE-25): Line: 49 of File SDC/logical_tile_clb_mode_default__fle_mode_physical__fabric_mode_default__adder_1.sdc : Skipped unsupported command: grid_clb_1__9_/logical_tile_clb_mode_clb__0/logical_tile_clb_mode_default__fle_0/logical_tile_clb_mode_default__fle_mode_physical__fabric_0/logical_tile_clb_mode_default__fle_mode_physical__fabric_mode_default__adder_1


Ending "Constraint file reading stats" (total cpu=0:00:00.2, real=0:00:00.0, peak res=10932.9M, current mem=10932.9M)
Current (total cpu=0:07:07, real=0:06:00, peak res=10932.9M, current mem=10932.9M)
Current (total cpu=0:07:07, real=0:06:00, peak res=10932.9M, current mem=10932.9M)
**WARN: (TCLCMD-1461):	Skipped unsupported command: set_units (File SDC/logical_tile_clb_mode_default__fle_mode_physical__fabric_mode_default__ff.sdc, Line 13).

INFO (CTE): Reading of timing constraints file SDC/logical_tile_clb_mode_default__fle_mode_physical__fabric_mode_default__ff.sdc completed, with 1 WARNING
Ending "Constraint file reading stats" (total cpu=0:00:00.1, real=0:00:00.0, peak res=10933.2M, current mem=10933.2M)
Current (total cpu=0:07:07, real=0:06:00, peak res=10933.2M, current mem=10933.2M)
Current (total cpu=0:07:07, real=0:06:00, peak res=10933.2M, current mem=10933.2M)
**WARN: (TCLCMD-1461):	Skipped unsupported command: set_units (File SDC/logical_tile_clb_mode_default__fle_mode_physical__fabric_mode_default__frac_logic.sdc, Line 13).

INFO (CTE): Reading of timing constraints file SDC/logical_tile_clb_mode_default__fle_mode_physical__fabric_mode_default__frac_logic.sdc completed, with 1 WARNING
Ending "Constraint file reading stats" (total cpu=0:00:00.1, real=0:00:00.0, peak res=10933.6M, current mem=10933.6M)
Current (total cpu=0:07:08, real=0:06:00, peak res=10933.6M, current mem=10933.6M)
Current (total cpu=0:07:08, real=0:06:00, peak res=10933.6M, current mem=10933.6M)
**WARN: (TCLCMD-1461):	Skipped unsupported command: set_units (File SDC/logical_tile_io_mode_io_.sdc, Line 13).

INFO (CTE): Reading of timing constraints file SDC/logical_tile_io_mode_io_.sdc completed, with 1 WARNING
Ending "Constraint file reading stats" (total cpu=0:00:00.1, real=0:00:00.0, peak res=10933.9M, current mem=10933.9M)
Current (total cpu=0:07:08, real=0:06:00, peak res=10933.9M, current mem=10933.9M)
Current (total cpu=0:07:08, real=0:06:00, peak res=10933.9M, current mem=10933.9M)
**WARN: (TCLCMD-1461):	Skipped unsupported command: set_units (File SDC/logical_tile_memory_mode_mem_1024x8_dp__mem_1024x8_dp.sdc, Line 13).

INFO (CTE): Reading of timing constraints file SDC/logical_tile_memory_mode_mem_1024x8_dp__mem_1024x8_dp.sdc completed, with 1 WARNING
Ending "Constraint file reading stats" (total cpu=0:00:00.1, real=0:00:00.0, peak res=10934.3M, current mem=10934.3M)
Current (total cpu=0:07:08, real=0:06:00, peak res=10934.3M, current mem=10934.3M)
Current (total cpu=0:07:08, real=0:06:00, peak res=10934.3M, current mem=10934.3M)
**WARN: (TCLCMD-1461):	Skipped unsupported command: set_units (File SDC/logical_tile_memory_mode_memory_.sdc, Line 13).

INFO (CTE): Reading of timing constraints file SDC/logical_tile_memory_mode_memory_.sdc completed, with 1 WARNING
Ending "Constraint file reading stats" (total cpu=0:00:00.1, real=0:00:00.0, peak res=10934.8M, current mem=10934.8M)
Current (total cpu=0:07:08, real=0:06:01, peak res=10934.8M, current mem=10934.8M)
Current (total cpu=0:07:08, real=0:06:01, peak res=10934.8M, current mem=10934.8M)
**WARN: (TCLCMD-1461):	Skipped unsupported command: set_units (File SDC/logical_tile_mult_36_mode_mult_36_.sdc, Line 13).

INFO (CTE): Reading of timing constraints file SDC/logical_tile_mult_36_mode_mult_36_.sdc completed, with 1 WARNING
Ending "Constraint file reading stats" (total cpu=0:00:00.1, real=0:00:00.0, peak res=10935.5M, current mem=10935.5M)
Current (total cpu=0:07:08, real=0:06:01, peak res=10935.5M, current mem=10935.5M)
Current (total cpu=0:07:08, real=0:06:01, peak res=10935.5M, current mem=10935.5M)
**WARN: (TCLCMD-1461):	Skipped unsupported command: set_units (File SDC/logical_tile_mult_36_mode_mult_36x36__mult_36x36_slice.sdc, Line 13).

INFO (CTE): Reading of timing constraints file SDC/logical_tile_mult_36_mode_mult_36x36__mult_36x36_slice.sdc completed, with 1 WARNING
Ending "Constraint file reading stats" (total cpu=0:00:00.1, real=0:00:00.0, peak res=10935.8M, current mem=10935.8M)
Current (total cpu=0:07:09, real=0:06:01, peak res=10935.8M, current mem=10935.8M)
Current (total cpu=0:07:09, real=0:06:01, peak res=10935.8M, current mem=10935.8M)
**WARN: (TCLCMD-1461):	Skipped unsupported command: set_units (File SDC/logical_tile_mult_36_mode_mult_36x36__mult_36x36_slice_mode_default__mult_36x36.sdc, Line 13).

INFO (CTE): Reading of timing constraints file SDC/logical_tile_mult_36_mode_mult_36x36__mult_36x36_slice_mode_default__mult_36x36.sdc completed, with 1 WARNING
Ending "Constraint file reading stats" (total cpu=0:00:03.3, real=0:00:03.0, peak res=10936.6M, current mem=10936.5M)
Current (total cpu=0:07:12, real=0:06:04, peak res=10936.6M, current mem=10936.5M)
Current (total cpu=0:07:12, real=0:06:04, peak res=10936.6M, current mem=10936.5M)
**WARN: (TCLCMD-1461):	Skipped unsupported command: set_units (File SDC/sb_0__0_.sdc, Line 13).

INFO (CTE): Reading of timing constraints file SDC/sb_0__0_.sdc completed, with 1 WARNING
Ending "Constraint file reading stats" (total cpu=0:00:00.1, real=0:00:01.0, peak res=10936.9M, current mem=10936.9M)
Current (total cpu=0:07:12, real=0:06:05, peak res=10936.9M, current mem=10936.9M)
Current (total cpu=0:07:12, real=0:06:05, peak res=10936.9M, current mem=10936.9M)
**WARN: (TCLCMD-1461):	Skipped unsupported command: set_units (File SDC/sb_0__11_.sdc, Line 13).

INFO (CTE): Reading of timing constraints file SDC/sb_0__11_.sdc completed, with 1 WARNING
Ending "Constraint file reading stats" (total cpu=0:00:00.1, real=0:00:00.0, peak res=10937.8M, current mem=10937.8M)
Current (total cpu=0:07:12, real=0:06:05, peak res=10937.8M, current mem=10937.8M)
Current (total cpu=0:07:13, real=0:06:05, peak res=10937.8M, current mem=10937.8M)
**WARN: (TCLCMD-1461):	Skipped unsupported command: set_units (File SDC/sb_0__1_.sdc, Line 13).

INFO (CTE): Reading of timing constraints file SDC/sb_0__1_.sdc completed, with 1 WARNING
Ending "Constraint file reading stats" (total cpu=0:00:00.1, real=0:00:00.0, peak res=10938.2M, current mem=10938.2M)
Current (total cpu=0:07:13, real=0:06:05, peak res=10938.2M, current mem=10938.2M)
Current (total cpu=0:07:13, real=0:06:05, peak res=10938.2M, current mem=10938.2M)
**WARN: (TCLCMD-1461):	Skipped unsupported command: set_units (File SDC/sb_11__0_.sdc, Line 13).

INFO (CTE): Reading of timing constraints file SDC/sb_11__0_.sdc completed, with 1 WARNING
Ending "Constraint file reading stats" (total cpu=0:00:00.1, real=0:00:00.0, peak res=10938.7M, current mem=10938.7M)
Current (total cpu=0:07:13, real=0:06:05, peak res=10938.7M, current mem=10938.7M)
Current (total cpu=0:07:13, real=0:06:05, peak res=10938.7M, current mem=10938.7M)
**WARN: (TCLCMD-1461):	Skipped unsupported command: set_units (File SDC/sb_11__11_.sdc, Line 13).

INFO (CTE): Reading of timing constraints file SDC/sb_11__11_.sdc completed, with 1 WARNING
Ending "Constraint file reading stats" (total cpu=0:00:00.1, real=0:00:00.0, peak res=10939.5M, current mem=10939.5M)
Current (total cpu=0:07:13, real=0:06:06, peak res=10939.5M, current mem=10939.5M)
Current (total cpu=0:07:13, real=0:06:06, peak res=10939.5M, current mem=10939.5M)
**WARN: (TCLCMD-1461):	Skipped unsupported command: set_units (File SDC/sb_11__1_.sdc, Line 13).

INFO (CTE): Reading of timing constraints file SDC/sb_11__1_.sdc completed, with 1 WARNING
Ending "Constraint file reading stats" (total cpu=0:00:00.1, real=0:00:00.0, peak res=10940.0M, current mem=10940.0M)
Current (total cpu=0:07:13, real=0:06:06, peak res=10940.0M, current mem=10940.0M)
Current (total cpu=0:07:13, real=0:06:06, peak res=10940.0M, current mem=10940.0M)
**WARN: (TCLCMD-1461):	Skipped unsupported command: set_units (File SDC/sb_1__0_.sdc, Line 13).

INFO (CTE): Reading of timing constraints file SDC/sb_1__0_.sdc completed, with 1 WARNING
Ending "Constraint file reading stats" (total cpu=0:00:00.1, real=0:00:00.0, peak res=10940.7M, current mem=10940.7M)
Current (total cpu=0:07:14, real=0:06:06, peak res=10940.7M, current mem=10940.7M)
Current (total cpu=0:07:14, real=0:06:06, peak res=10940.7M, current mem=10940.7M)
Message <TCLCMD-1461> has exceeded the message display limit of '20'. Use 'set_message -no_limit -id list_of_msgIDs' to reset the message limit. (File SDC/sb_1__10_.sdc, Line 13).

INFO (CTE): Constraints read successfully.
Ending "Constraint file reading stats" (total cpu=0:00:00.1, real=0:00:00.0, peak res=10941.4M, current mem=10941.3M)
Current (total cpu=0:07:14, real=0:06:06, peak res=10941.4M, current mem=10941.3M)
Current (total cpu=0:07:14, real=0:06:06, peak res=10941.4M, current mem=10941.3M)
INFO (CTE): Constraints read successfully.
Ending "Constraint file reading stats" (total cpu=0:00:00.1, real=0:00:00.0, peak res=10941.8M, current mem=10941.8M)
Current (total cpu=0:07:14, real=0:06:07, peak res=10941.8M, current mem=10941.8M)
Current (total cpu=0:07:14, real=0:06:07, peak res=10941.8M, current mem=10941.8M)
INFO (CTE): Constraints read successfully.
Ending "Constraint file reading stats" (total cpu=0:00:00.1, real=0:00:00.0, peak res=10942.2M, current mem=10942.2M)
Current (total cpu=0:07:14, real=0:06:07, peak res=10942.2M, current mem=10942.2M)
Current (total cpu=0:07:14, real=0:06:07, peak res=10942.2M, current mem=10942.2M)
INFO (CTE): Constraints read successfully.
Ending "Constraint file reading stats" (total cpu=0:00:00.2, real=0:00:00.0, peak res=10942.6M, current mem=10942.6M)
Current (total cpu=0:07:15, real=0:06:07, peak res=10942.6M, current mem=10942.6M)
Current (total cpu=0:07:15, real=0:06:07, peak res=10942.6M, current mem=10942.6M)
INFO (CTE): Constraints read successfully.
Ending "Constraint file reading stats" (total cpu=0:00:00.1, real=0:00:00.0, peak res=10943.5M, current mem=10943.5M)
Current (total cpu=0:07:15, real=0:06:07, peak res=10943.5M, current mem=10943.5M)
Current (total cpu=0:07:15, real=0:06:07, peak res=10943.5M, current mem=10943.5M)
INFO (CTE): Constraints read successfully.
Ending "Constraint file reading stats" (total cpu=0:00:00.1, real=0:00:00.0, peak res=10943.9M, current mem=10943.9M)
Current (total cpu=0:07:15, real=0:06:08, peak res=10943.9M, current mem=10943.9M)
Current (total cpu=0:07:15, real=0:06:08, peak res=10943.9M, current mem=10943.9M)
INFO (CTE): Constraints read successfully.
Ending "Constraint file reading stats" (total cpu=0:00:00.1, real=0:00:00.0, peak res=10944.3M, current mem=10944.3M)
Current (total cpu=0:07:15, real=0:06:08, peak res=10944.3M, current mem=10944.3M)
Current (total cpu=0:07:15, real=0:06:08, peak res=10944.3M, current mem=10944.3M)
INFO (CTE): Constraints read successfully.
Ending "Constraint file reading stats" (total cpu=0:00:00.1, real=0:00:00.0, peak res=10944.7M, current mem=10944.7M)
Current (total cpu=0:07:16, real=0:06:08, peak res=10944.7M, current mem=10944.7M)
Current (total cpu=0:07:16, real=0:06:08, peak res=10944.7M, current mem=10944.7M)
INFO (CTE): Constraints read successfully.
Ending "Constraint file reading stats" (total cpu=0:00:00.1, real=0:00:00.0, peak res=10945.4M, current mem=10945.4M)
Current (total cpu=0:07:16, real=0:06:08, peak res=10945.4M, current mem=10945.4M)
Current (total cpu=0:07:16, real=0:06:08, peak res=10945.4M, current mem=10945.4M)
INFO (CTE): Constraints read successfully.
Ending "Constraint file reading stats" (total cpu=0:00:00.1, real=0:00:00.0, peak res=10947.1M, current mem=10947.1M)
Current (total cpu=0:07:16, real=0:06:08, peak res=10947.1M, current mem=10947.1M)
Current (total cpu=0:07:16, real=0:06:09, peak res=10947.1M, current mem=10947.1M)
INFO (CTE): Constraints read successfully.
Ending "Constraint file reading stats" (total cpu=0:00:00.2, real=0:00:00.0, peak res=10947.7M, current mem=10947.7M)
Current (total cpu=0:07:16, real=0:06:09, peak res=10947.7M, current mem=10947.7M)
Current (total cpu=0:07:16, real=0:06:09, peak res=10947.7M, current mem=10947.7M)
INFO (CTE): Constraints read successfully.
Ending "Constraint file reading stats" (total cpu=0:00:00.2, real=0:00:00.0, peak res=10948.5M, current mem=10948.5M)
Current (total cpu=0:07:17, real=0:06:09, peak res=10948.5M, current mem=10948.5M)
Current (total cpu=0:07:17, real=0:06:09, peak res=10948.5M, current mem=10948.5M)
INFO (CTE): Constraints read successfully.
Ending "Constraint file reading stats" (total cpu=0:00:00.1, real=0:00:00.0, peak res=10949.0M, current mem=10949.0M)
Current (total cpu=0:07:17, real=0:06:09, peak res=10949.0M, current mem=10949.0M)
Current (total cpu=0:07:17, real=0:06:09, peak res=10949.0M, current mem=10949.0M)
INFO (CTE): Constraints read successfully.
Ending "Constraint file reading stats" (total cpu=0:00:00.1, real=0:00:00.0, peak res=10949.4M, current mem=10949.4M)
Current (total cpu=0:07:17, real=0:06:10, peak res=10949.4M, current mem=10949.4M)
Current (total cpu=0:07:17, real=0:06:10, peak res=10949.4M, current mem=10949.4M)
INFO (CTE): Constraints read successfully.
Ending "Constraint file reading stats" (total cpu=0:00:00.1, real=0:00:00.0, peak res=10950.1M, current mem=10950.1M)
Current (total cpu=0:07:17, real=0:06:10, peak res=10950.1M, current mem=10950.1M)
Current (total cpu=0:07:17, real=0:06:10, peak res=10950.1M, current mem=10950.1M)
INFO (CTE): Constraints read successfully.
Ending "Constraint file reading stats" (total cpu=0:00:00.1, real=0:00:00.0, peak res=10950.5M, current mem=10950.5M)
Current (total cpu=0:07:18, real=0:06:10, peak res=10950.5M, current mem=10950.5M)
Current (total cpu=0:07:18, real=0:06:10, peak res=10950.5M, current mem=10950.5M)
INFO (CTE): Constraints read successfully.
Ending "Constraint file reading stats" (total cpu=0:00:00.2, real=0:00:00.0, peak res=10951.1M, current mem=10951.1M)
Current (total cpu=0:07:18, real=0:06:10, peak res=10951.1M, current mem=10951.1M)
Loading  (fpga_top)
Traverse HInst (fpga_top)
<CMD> report_timing
AAE_INFO: opIsDesignInPostRouteState() is 0
AAE DB initialization (MEM=12434.8 CPU=0:00:00.4 REAL=0:00:01.0) 
#################################################################################
# Design Name: fpga_top
# Design Mode: 65nm
# Analysis Mode: MMMC OCV 
# Parasitics Mode: No SPEF/RCDB 
# Signoff Settings: SI Off 
#################################################################################
Start delay calculation (fullDC) (1 T). (MEM=10613.3)
/dev/null
End delay calculation. (MEM=13513.2 CPU=0:09:41 REAL=0:09:41)
Begin loading slews from CTE ...
Loading slews from CTE completed...
End delay calculation (fullDC). (MEM=13508.5 CPU=0:10:09 REAL=0:10:08)
Has not load the powerDB, will keep enalbed
Has not load the powerDB, will keep enalbed
Path 1: VIOLATED Recovery Check with Pin grid_io_top_1__12_/logical_tile_io_mode_io__0/logical_tile_io_mode_physical__iopad_0/GPIO_DFFR_mem/DFFR_0_/q_reg_reg/C 
Endpoint:   grid_io_top_1__12_/logical_tile_io_mode_io__0/logical_tile_io_mode_physical__iopad_0/GPIO_DFFR_mem/DFFR_0_/q_reg_reg/RN (^) checked with  leading edge of 'prog_clk[0]'
Beginpoint: pReset[0]                                                                                                               (v) triggered by  leading edge of '@'
Path Groups: {async_default}
Other End Arrival Time          0.000
- Recovery                      0.145
+ Phase Shift                   0.000
= Required Time                -0.145
- Arrival Time                1836113.875
= Slack Time                  -1836114.000
     Clock Rise Edge                      0.000
     + Input Delay                        0.000
     = Beginpoint Arrival Time            0.000
      ------------------------------------------------------------------------------------------------------------------------------------------------------------------------------------
      Instance                                                                                                              Arc          Cell       Delay        Arrival      Required  
                                                                                                                                                                 Time         Time  
      ------------------------------------------------------------------------------------------------------------------------------------------------------------------------------------
      -                                                                                                                     pReset[0] v  -          -            0.000        -1836114.000  
      grid_io_top_1__12_/logical_tile_io_mode_io__0/logical_tile_io_mode_physical__iopad_0/GPIO_DFFR_mem/DFFR_0_/g6         A v -> Q ^   INJIX0     1836113.875  1836113.875  -0.125  
      grid_io_top_1__12_/logical_tile_io_mode_io__0/logical_tile_io_mode_physical__iopad_0/GPIO_DFFR_mem/DFFR_0_/q_reg_reg  RN ^         DFRRQJIX1  0.000        1836113.875  -0.145  
      ------------------------------------------------------------------------------------------------------------------------------------------------------------------------------------

<CMD> exit

*** Memory Usage v#2 (Current mem = 12298.816M, initial mem = 840.277M) ***

*** Summary of all messages that are not suppressed in this session:
Severity  ID               Count  Summary                                  
WARNING   IMPVL-209            2  In Verilog file '%s', check line %d near...
WARNING   TCLCMD-1461         37  Skipped unsupported command: %s          
WARNING   TECHLIB-302          2  No function defined for cell '%s'. The c...
*** Message Summary: 41 warning(s), 0 error(s)

--- Ending "Tempus Timing Solution" (totcpu=0:21:40, real=0:49:43, mem=12298.8M) ---
