* * * * * * * * * * * * * * * * * * * * 
RunDirectory : /home/ubuntu/Desktop/DD_Lab_exercise/OpenFPGA/Fabric/iwls2005/run001
python3 /home/ubuntu/Desktop/OpenFPGA/openfpga_flow/scripts/run_fpga_flow.py /home/ubuntu/Desktop/OpenFPGA/openfpga_flow/vpr_arch/k6_frac_N10_tileable_adder_chain_dpram8K_dsp36_fracff_40nm.xml /home/ubuntu/Desktop/OpenFPGA/openfpga_flow/benchmarks/iwls2005/i2c/rtl/i2c_master_defines.v /home/ubuntu/Desktop/OpenFPGA/openfpga_flow/benchmarks/iwls2005/i2c/rtl/timescale.v /home/ubuntu/Desktop/OpenFPGA/openfpga_flow/benchmarks/iwls2005/i2c/rtl/i2c_master_top.v /home/ubuntu/Desktop/OpenFPGA/openfpga_flow/benchmarks/iwls2005/i2c/rtl/i2c_master_byte_ctrl.v /home/ubuntu/Desktop/OpenFPGA/openfpga_flow/benchmarks/iwls2005/i2c/rtl/i2c_master_bit_ctrl.v --top_module i2c_master_top --run_dir /home/ubuntu/Desktop/DD_Lab_exercise/OpenFPGA/Fabric/iwls2005/run001/k6_frac_N10_tileable_adder_chain_dpram8K_dsp36_fracff_40nm/i2c_master_top/MIN_ROUTE_CHAN_WIDTH --fpga_flow yosys_vpr --openfpga_shell_template /home/ubuntu/Desktop/DD_Lab_exercise/OpenFPGA/Fabric/iwls2005/config/openfpga_shell/iwls_benchmark_example_script.openfpga --openfpga_arch_file /home/ubuntu/Desktop/OpenFPGA/openfpga_flow/openfpga_arch/k6_frac_N10_adder_chain_dpram8K_dsp36_fracff_40nm_openfpga.xml --openfpga_sim_setting_file /home/ubuntu/Desktop/OpenFPGA/openfpga_flow/openfpga_simulation_settings/fixed_sim_openfpga.xml --vpr_route_chan_width 300 --openfpga_vpr_pack_stats_file vpr_pack_block_usage.txt --yosys_tmpl /home/ubuntu/Desktop/OpenFPGA/openfpga_flow/misc/ys_tmpl_yosys_vpr_bram_dsp_dff_flow.ys --vpr_fpga_verilog --vpr_fpga_verilog_dir /home/ubuntu/Desktop/DD_Lab_exercise/OpenFPGA/Fabric/iwls2005/run001/k6_frac_N10_tileable_adder_chain_dpram8K_dsp36_fracff_40nm/i2c_master_top/MIN_ROUTE_CHAN_WIDTH --vpr_fpga_x2p_rename_illegal_port --end_flow_with_test --vpr_fpga_verilog_formal_verification_top_netlist --debug --flow_config /home/ubuntu/Desktop/DD_Lab_exercise/OpenFPGA/Fabric/iwls2005/config/task.conf --default_tool_path /home/ubuntu/Desktop/OpenFPGA/openfpga_flow/scripts/../misc/fpgaflow_default_tool_path.conf --TOP i2c_master_top --READ_VERILOG_OPTIONS -nolatches --YOSYS_BRAM_MAP_RULES /home/ubuntu/Desktop/OpenFPGA/openfpga_flow/openfpga_yosys_techlib/k6_frac_N10_tileable_adder_chain_dpram8K_dsp36_40nm_bram.txt --YOSYS_BRAM_MAP_VERILOG /home/ubuntu/Desktop/OpenFPGA/openfpga_flow/openfpga_yosys_techlib/k6_frac_N10_tileable_adder_chain_dpram8K_dsp36_40nm_bram_map.v --YOSYS_CELL_SIM_VERILOG /home/ubuntu/Desktop/OpenFPGA/openfpga_flow/openfpga_yosys_techlib/k6_frac_N10_tileable_adder_chain_dpram8K_dsp36_fracff_40nm_cell_sim.v --YOSYS_DFF_MAP_VERILOG /home/ubuntu/Desktop/OpenFPGA/openfpga_flow/openfpga_yosys_techlib/k6_frac_N10_tileable_adder_chain_dpram8K_dsp36_fracff_40nm_dff_map.v --YOSYS_DSP_MAP_PARAMETERS -D DSP_A_MAXWIDTH=36 -D DSP_B_MAXWIDTH=36 -D DSP_A_MINWIDTH=2 -D DSP_B_MINWIDTH=2 -D DSP_NAME=mult_36x36 --YOSYS_DSP_MAP_VERILOG /home/ubuntu/Desktop/OpenFPGA/openfpga_flow/openfpga_yosys_techlib/k6_frac_N10_tileable_adder_chain_dpram8K_dsp36_40nm_dsp_map.v
* * * * * * * * * * * * * * * * * * * * 
INFO - Validating command line arguments
INFO - Setting loggger in debug mode
INFO - Run directory : /home/ubuntu/Desktop/DD_Lab_exercise/OpenFPGA/Fabric/iwls2005/run001/k6_frac_N10_tileable_adder_chain_dpram8K_dsp36_fracff_40nm/i2c_master_top/MIN_ROUTE_CHAN_WIDTH
INFO - Running "yosys_vpr" Flow
INFO - Extracted lut_size size from arch XML = 6
INFO - Running Yosys with lut_size = 6
INFO - Launching Run yosys 
INFO - Run yosys is written in file yosys_output.log
INFO - Launching Yosys 
INFO - Yosys is written in file yosys_rewrite.log
INFO - Running OpenFPGA Shell Engine 
INFO - Launching OpenFPGA Shell Run 
INFO - OpenFPGAShell Revision: v8.0.0-10893-g9eef18c4f Compiled: 2024-10-05T14:51:22
ERROR - OpenFPGA Shell Run run failed with returncode 1
ERROR - command /home/ubuntu/Desktop/OpenFPGA/build/openfpga/openfpga -batch -f i2c_master_top_run.openfpga
ERROR - -->>Error 1: Command 'write_full_testbench' execution has fatal errors
ERROR - Current working directory : /home/ubuntu/Desktop/DD_Lab_exercise/OpenFPGA/Fabric/iwls2005/run001/k6_frac_N10_tileable_adder_chain_dpram8K_dsp36_fracff_40nm/i2c_master_top/MIN_ROUTE_CHAN_WIDTH
ERROR - Failed to run OpenFPGA Shell Run task
ERROR - Exiting . . . . . .
