============================================================
  Generated by:           Genus(TM) Synthesis Solution 23.11-s100_1
  Generated on:           Jun 10 2025  07:44:47 pm
  Module:                 serial_to_parallel
  Operating conditions:   sg13g2_stdcell_typ_1p20V_25C (balanced_tree)
  Wireload mode:          top
  Area mode:              timing library
============================================================

Timing
--------

Clock Period 
-------------
clk    400.0 


  Cost    Critical             Violating 
 Group   Path Slack    TNS       Paths   
-----------------------------------------
clk          -127.2   -1676.3         22 
default    No paths       0.0            
-----------------------------------------
Total                 -1676.3         22 

Instance Count
--------------
Leaf Instance Count             24 
Physical Instance count          0 
Sequential Instance Count        8 
Combinational Instance Count    16 
Hierarchical Instance Count      0 

Area
----
Cell Area                          921.715
Physical Cell Area                 0.000
Total Cell Area (Cell+Physical)    921.715
Net Area                           147.240
Total Area (Cell+Physical+Net)     1068.955

Max Fanout                         8 (clk)
Min Fanout                         0 (n_20)
Average Fanout                     1.5
Terms to net ratio                 2.5263
Terms to instance ratio            4.0000
Runtime                            10.993546 seconds
Elapsed Runtime                    36 seconds
Genus peak memory usage            1751.10 
Innovus peak memory usage          no_value 
Hostname                           ei-vm-018.hs-regensburg.de
