============================================================
  Generated by:           Genus(TM) Synthesis Solution 23.11-s100_1
  Generated on:           Jul 06 2025  11:05:42 pm
  Module:                 MULTI_MODE_DFFSRQ
  Operating conditions:   ixc013g2ng_stdcell_typ_1p20V_25C (balanced_tree)
  Wireload mode:          enclosed
  Area mode:              timing library
============================================================

Timing
-------
  Cost    Critical         Violating 
 Group   Path Slack  TNS     Paths   
-------------------------------------
default    No paths   0.0            
-------------------------------------
Total                 0.0          0 

Instance Count
--------------
Leaf Instance Count             5 
Physical Instance count         0 
Sequential Instance Count       1 
Combinational Instance Count    4 
Hierarchical Instance Count     1 

Area
----
Cell Area                          72.630
Physical Cell Area                 0.000
Total Cell Area (Cell+Physical)    72.630
Net Area                           2.160
Total Area (Cell+Physical+Net)     74.790

Max Fanout                         1 (Q)
Min Fanout                         0 (post_rst)
Average Fanout                     0.6
Terms to net ratio                 1.3636
Terms to instance ratio            3.0000
Runtime                            9.994456 seconds
Elapsed Runtime                    13 seconds
Genus peak memory usage            1766.03 
Innovus peak memory usage          no_value 
Hostname                           ei-vm-018.hs-regensburg.de
